Log file open, 03/04/18 20:00:40
LogWindows: Failed to load 'aqProf.dll' (GetLastError=126)
LogWindows: File 'aqProf.dll' does not exist
LogWindows: Failed to load 'VtuneApi.dll' (GetLastError=126)
LogWindows: File 'VtuneApi.dll' does not exist
LogWindows: Failed to load 'VtuneApi32e.dll' (GetLastError=126)
LogWindows: File 'VtuneApi32e.dll' does not exist
LogInit: Display: Running engine for game: GPG220_Project
LogPlatformFile: Not using cached read wrapper
LogInit: Display: RandInit(1098897763) SRandInit(1098897763).
LogInit: Read version file with build ID '3709383'
LogInit: Overriding engine version to CL 3832480, compatible CL 3709383
LogInit: Registered custom module enumerator with build ID '3709383'
LogTaskGraph: Started task graph with 5 named threads and 14 total threads with 3 sets of task threads.
LogStats: Stats thread started at 0.174565
LogD3D11RHI: Aftermath initialized
LogPluginManager: Mounting plugin Paper2D
LogPluginManager: Mounting plugin LightPropagationVolume
LogPluginManager: Mounting plugin CodeLiteSourceCodeAccess
LogPluginManager: Mounting plugin GitSourceControl
LogPluginManager: Mounting plugin KDevelopSourceCodeAccess
LogPluginManager: Mounting plugin NullSourceCodeAccess
LogPluginManager: Mounting plugin PerforceSourceControl
LogPluginManager: Mounting plugin SubversionSourceControl
LogPluginManager: Mounting plugin UObjectPlugin
LogPluginManager: Mounting plugin VisualStudioCodeSourceCodeAccess
LogPluginManager: Mounting plugin VisualStudioSourceCodeAccess
LogPluginManager: Mounting plugin XCodeSourceCodeAccess
LogPluginManager: Mounting plugin AssetManagerEditor
LogPluginManager: Mounting plugin AudioCapture
LogPluginManager: Mounting plugin FacialAnimation
LogPluginManager: Mounting plugin GameplayTagsEditor
LogPluginManager: Mounting plugin MobileLauncherProfileWizard
LogPluginManager: Mounting plugin PluginBrowser
LogPluginManager: Mounting plugin SpeedTreeImporter
LogPluginManager: Mounting plugin AlembicImporter
LogPluginManager: Mounting plugin CharacterAI
LogPluginManager: Mounting plugin HTML5Networking
LogPluginManager: Mounting plugin AndroidMedia
LogPluginManager: Mounting plugin AvfMedia
LogPluginManager: Mounting plugin ImgMedia
LogPluginManager: Mounting plugin MediaCompositing
LogPluginManager: Mounting plugin MediaPlayerEditor
LogPluginManager: Mounting plugin WmfMedia
LogPluginManager: Mounting plugin TcpMessaging
LogPluginManager: Mounting plugin UdpMessaging
LogPluginManager: Mounting plugin ActorSequence
LogPluginManager: Mounting plugin LevelSequenceEditor
LogPluginManager: Mounting plugin MatineeToLevelSequence
LogPluginManager: Mounting plugin OnlineSubsystemGooglePlay
LogPluginManager: Mounting plugin OnlineSubsystemIOS
LogPluginManager: Mounting plugin OnlineSubsystem
LogPluginManager: Mounting plugin OnlineSubsystemNull
LogPluginManager: Mounting plugin OnlineSubsystemUtils
LogPluginManager: Mounting plugin AndroidDeviceProfileSelector
LogPluginManager: Mounting plugin AndroidMoviePlayer
LogPluginManager: Mounting plugin AndroidPermission
LogPluginManager: Mounting plugin AppleARKit
LogPluginManager: Mounting plugin AppleMoviePlayer
LogPluginManager: Mounting plugin ArchVisCharacter
LogPluginManager: Mounting plugin CableComponent
LogPluginManager: Mounting plugin CustomMeshComponent
LogPluginManager: Mounting plugin ExampleDeviceProfileSelector
LogPluginManager: Mounting plugin GoogleCloudMessaging
LogPluginManager: Mounting plugin ImmediatePhysics
LogPluginManager: Mounting plugin IOSDeviceProfileSelector
LogPluginManager: Mounting plugin LinuxDeviceProfileSelector
LogPluginManager: Mounting plugin LocationServicesBPLibrary
LogPluginManager: Mounting plugin MobilePatchingUtils
LogPluginManager: Mounting plugin OculusVR
LogPluginManager: Plugin shader directory ../../../Engine/Plugins/Runtime/Oculus/OculusVR/Shaders found
LogPluginManager: Mapping shader source directory ../../../Engine/Plugins/Runtime/Oculus/OculusVR/Shaders to virtual directory /Plugin/OculusVR
LogPluginManager: Mounting plugin PhysXVehicles
LogPluginManager: Mounting plugin ProceduralMeshComponent
LogPluginManager: Mounting plugin RuntimePhysXCooking
LogPluginManager: Mounting plugin SteamVR
LogPluginManager: Mounting plugin WindowsMoviePlayer
LogModuleManager: Display: Found up-to-date module file C:/Users/New/Desktop/GPG220/GPG220PacmanEditor/Binaries/Win64/UE4Editor-GPG220_Project.dll (API version 3709383).
LogModuleManager: Display: Found up-to-date module file ../../../Engine/Plugins/2D/Paper2D/Binaries/Win64/UE4Editor-Paper2D.dll (API version 3709383).
LogModuleManager: Display: Found up-to-date module file ../../../Engine/Plugins/2D/Paper2D/Binaries/Win64/UE4Editor-Paper2DEditor.dll (API version 3709383).
LogModuleManager: Display: Found up-to-date module file ../../../Engine/Plugins/2D/Paper2D/Binaries/Win64/UE4Editor-PaperSpriteSheetImporter.dll (API version 3709383).
LogModuleManager: Display: Found up-to-date module file ../../../Engine/Plugins/2D/Paper2D/Binaries/Win64/UE4Editor-PaperTiledImporter.dll (API version 3709383).
LogModuleManager: Display: Found up-to-date module file ../../../Engine/Plugins/2D/Paper2D/Binaries/Win64/UE4Editor-SmartSnapping.dll (API version 3709383).
LogModuleManager: Display: Found up-to-date module file ../../../Engine/Plugins/Blendables/LightPropagationVolume/Binaries/Win64/UE4Editor-LightPropagationVolumeRuntime.dll (API version 3709383).
LogModuleManager: Display: Found up-to-date module file ../../../Engine/Plugins/Blendables/LightPropagationVolume/Binaries/Win64/UE4Editor-LightPropagationVolumeEditor.dll (API version 3709383).
LogModuleManager: Display: Found up-to-date module file ../../../Engine/Plugins/Developer/GitSourceControl/Binaries/Win64/UE4Editor-GitSourceControl.dll (API version 3709383).
LogModuleManager: Display: Found up-to-date module file ../../../Engine/Plugins/Developer/PerforceSourceControl/Binaries/Win64/UE4Editor-PerforceSourceControl.dll (API version 3709383).
LogModuleManager: Display: Found up-to-date module file ../../../Engine/Plugins/Developer/SubversionSourceControl/Binaries/Win64/UE4Editor-SubversionSourceControl.dll (API version 3709383).
LogModuleManager: Display: Found up-to-date module file ../../../Engine/Plugins/Developer/UObjectPlugin/Binaries/Win64/UE4Editor-UObjectPlugin.dll (API version 3709383).
LogModuleManager: Display: Found up-to-date module file ../../../Engine/Plugins/Developer/VisualStudioCodeSourceCodeAccess/Binaries/Win64/UE4Editor-VisualStudioCodeSourceCodeAccess.dll (API version 3709383).
LogModuleManager: Display: Found up-to-date module file ../../../Engine/Plugins/Developer/VisualStudioSourceCodeAccess/Binaries/Win64/UE4Editor-VisualStudioSourceCodeAccess.dll (API version 3709383).
LogModuleManager: Display: Found up-to-date module file ../../../Engine/Plugins/Editor/AssetManagerEditor/Binaries/Win64/UE4Editor-AssetManagerEditor.dll (API version 3709383).
LogModuleManager: Display: Found up-to-date module file ../../../Engine/Plugins/Editor/AudioCapture/Binaries/Win64/UE4Editor-AudioCapture.dll (API version 3709383).
LogModuleManager: Display: Found up-to-date module file ../../../Engine/Plugins/Editor/FacialAnimation/Binaries/Win64/UE4Editor-FacialAnimation.dll (API version 3709383).
LogModuleManager: Display: Found up-to-date module file ../../../Engine/Plugins/Editor/FacialAnimation/Binaries/Win64/UE4Editor-FacialAnimationEditor.dll (API version 3709383).
LogModuleManager: Display: Found up-to-date module file ../../../Engine/Plugins/Editor/GameplayTagsEditor/Binaries/Win64/UE4Editor-GameplayTagsEditor.dll (API version 3709383).
LogModuleManager: Display: Found up-to-date module file ../../../Engine/Plugins/Editor/MobileLauncherProfileWizard/Binaries/Win64/UE4Editor-MobileLauncherProfileWizard.dll (API version 3709383).
LogModuleManager: Display: Found up-to-date module file ../../../Engine/Plugins/Editor/PluginBrowser/Binaries/Win64/UE4Editor-PluginBrowser.dll (API version 3709383).
LogModuleManager: Display: Found up-to-date module file ../../../Engine/Plugins/Editor/SpeedTreeImporter/Binaries/Win64/UE4Editor-SpeedTreeImporter.dll (API version 3709383).
LogModuleManager: Display: Found up-to-date module file ../../../Engine/Plugins/Experimental/AlembicImporter/Binaries/Win64/UE4Editor-AlembicImporter.dll (API version 3709383).
LogModuleManager: Display: Found up-to-date module file ../../../Engine/Plugins/Experimental/AlembicImporter/Binaries/Win64/UE4Editor-AlembicLibrary.dll (API version 3709383).
LogModuleManager: Display: Found up-to-date module file ../../../Engine/Plugins/Experimental/CharacterAI/Binaries/Win64/UE4Editor-CharacterAI.dll (API version 3709383).
LogModuleManager: Display: Found up-to-date module file ../../../Engine/Plugins/Experimental/HTML5Networking/Binaries/Win64/UE4Editor-HTML5Networking.dll (API version 3709383).
LogModuleManager: Display: Found up-to-date module file ../../../Engine/Plugins/Media/AndroidMedia/Binaries/Win64/UE4Editor-AndroidMediaEditor.dll (API version 3709383).
LogModuleManager: Display: Found up-to-date module file ../../../Engine/Plugins/Media/AndroidMedia/Binaries/Win64/UE4Editor-AndroidMediaFactory.dll (API version 3709383).
LogModuleManager: Display: Found up-to-date module file ../../../Engine/Plugins/Media/AvfMedia/Binaries/Win64/UE4Editor-AvfMediaEditor.dll (API version 3709383).
LogModuleManager: Display: Found up-to-date module file ../../../Engine/Plugins/Media/AvfMedia/Binaries/Win64/UE4Editor-AvfMediaFactory.dll (API version 3709383).
LogModuleManager: Display: Found up-to-date module file ../../../Engine/Plugins/Media/AvfMedia/Binaries/Win64/UE4Editor-AvfMediaFactory.dll (API version 3709383).
LogModuleManager: Display: Found up-to-date module file ../../../Engine/Plugins/Media/ImgMedia/Binaries/Win64/UE4Editor-ImgMedia.dll (API version 3709383).
LogModuleManager: Display: Found up-to-date module file ../../../Engine/Plugins/Media/ImgMedia/Binaries/Win64/UE4Editor-ImgMediaEditor.dll (API version 3709383).
LogModuleManager: Display: Found up-to-date module file ../../../Engine/Plugins/Media/ImgMedia/Binaries/Win64/UE4Editor-ImgMediaFactory.dll (API version 3709383).
LogModuleManager: Display: Found up-to-date module file ../../../Engine/Plugins/Media/ImgMedia/Binaries/Win64/UE4Editor-ImgMediaFactory.dll (API version 3709383).
LogModuleManager: Display: Found up-to-date module file ../../../Engine/Plugins/Media/ImgMedia/Binaries/Win64/UE4Editor-OpenExrWrapper.dll (API version 3709383).
LogModuleManager: Display: Found up-to-date module file ../../../Engine/Plugins/Media/MediaCompositing/Binaries/Win64/UE4Editor-MediaCompositing.dll (API version 3709383).
LogModuleManager: Display: Found up-to-date module file ../../../Engine/Plugins/Media/MediaCompositing/Binaries/Win64/UE4Editor-MediaCompositingEditor.dll (API version 3709383).
LogModuleManager: Display: Found up-to-date module file ../../../Engine/Plugins/Media/MediaPlayerEditor/Binaries/Win64/UE4Editor-MediaPlayerEditor.dll (API version 3709383).
LogModuleManager: Display: Found up-to-date module file ../../../Engine/Plugins/Media/WmfMedia/Binaries/Win64/UE4Editor-WmfMedia.dll (API version 3709383).
LogModuleManager: Display: Found up-to-date module file ../../../Engine/Plugins/Media/WmfMedia/Binaries/Win64/UE4Editor-WmfMediaEditor.dll (API version 3709383).
LogModuleManager: Display: Found up-to-date module file ../../../Engine/Plugins/Media/WmfMedia/Binaries/Win64/UE4Editor-WmfMediaFactory.dll (API version 3709383).
LogModuleManager: Display: Found up-to-date module file ../../../Engine/Plugins/Media/WmfMedia/Binaries/Win64/UE4Editor-WmfMediaFactory.dll (API version 3709383).
LogModuleManager: Display: Found up-to-date module file ../../../Engine/Plugins/Messaging/TcpMessaging/Binaries/Win64/UE4Editor-TcpMessaging.dll (API version 3709383).
LogModuleManager: Display: Found up-to-date module file ../../../Engine/Plugins/Messaging/UdpMessaging/Binaries/Win64/UE4Editor-UdpMessaging.dll (API version 3709383).
LogModuleManager: Display: Found up-to-date module file ../../../Engine/Plugins/MovieScene/ActorSequence/Binaries/Win64/UE4Editor-ActorSequence.dll (API version 3709383).
LogModuleManager: Display: Found up-to-date module file ../../../Engine/Plugins/MovieScene/LevelSequenceEditor/Binaries/Win64/UE4Editor-LevelSequenceEditor.dll (API version 3709383).
LogModuleManager: Display: Found up-to-date module file ../../../Engine/Plugins/MovieScene/MatineeToLevelSequence/Binaries/Win64/UE4Editor-MatineeToLevelSequence.dll (API version 3709383).
LogModuleManager: Display: Found up-to-date module file ../../../Engine/Plugins/Online/OnlineSubsystem/Binaries/Win64/UE4Editor-OnlineSubsystem.dll (API version 3709383).
LogModuleManager: Display: Found up-to-date module file ../../../Engine/Plugins/Online/OnlineSubsystemNull/Binaries/Win64/UE4Editor-OnlineSubsystemNull.dll (API version 3709383).
LogModuleManager: Display: Found up-to-date module file ../../../Engine/Plugins/Online/OnlineSubsystemUtils/Binaries/Win64/UE4Editor-OnlineSubsystemUtils.dll (API version 3709383).
LogModuleManager: Display: Found up-to-date module file ../../../Engine/Plugins/Online/OnlineSubsystemUtils/Binaries/Win64/UE4Editor-OnlineBlueprintSupport.dll (API version 3709383).
LogModuleManager: Display: Found up-to-date module file ../../../Engine/Plugins/Runtime/AndroidDeviceProfileSelector/Binaries/Win64/UE4Editor-AndroidDeviceProfileSelector.dll (API version 3709383).
LogModuleManager: Display: Found up-to-date module file ../../../Engine/Plugins/Runtime/AndroidPermission/Binaries/Win64/UE4Editor-AndroidPermission.dll (API version 3709383).
LogModuleManager: Display: Found up-to-date module file ../../../Engine/Plugins/Runtime/AppleARKit/Binaries/Win64/UE4Editor-AppleARKit.dll (API version 3709383).
LogModuleManager: Display: Found up-to-date module file ../../../Engine/Plugins/Runtime/ArchVisCharacter/Binaries/Win64/UE4Editor-ArchVisCharacter.dll (API version 3709383).
LogModuleManager: Display: Found up-to-date module file ../../../Engine/Plugins/Runtime/CableComponent/Binaries/Win64/UE4Editor-CableComponent.dll (API version 3709383).
LogModuleManager: Display: Found up-to-date module file ../../../Engine/Plugins/Runtime/CustomMeshComponent/Binaries/Win64/UE4Editor-CustomMeshComponent.dll (API version 3709383).
LogModuleManager: Display: Found up-to-date module file ../../../Engine/Plugins/Runtime/ExampleDeviceProfileSelector/Binaries/Win64/UE4Editor-ExampleDeviceProfileSelector.dll (API version 3709383).
LogModuleManager: Display: Found up-to-date module file ../../../Engine/Plugins/Runtime/ImmediatePhysics/Binaries/Win64/UE4Editor-ImmediatePhysics.dll (API version 3709383).
LogModuleManager: Display: Found up-to-date module file ../../../Engine/Plugins/Runtime/ImmediatePhysics/Binaries/Win64/UE4Editor-ImmediatePhysicsEditor.dll (API version 3709383).
LogModuleManager: Display: Found up-to-date module file ../../../Engine/Plugins/Runtime/LocationServicesBPLibrary/Binaries/Win64/UE4Editor-LocationServicesBPLibrary.dll (API version 3709383).
LogModuleManager: Display: Found up-to-date module file ../../../Engine/Plugins/Runtime/MobilePatchingUtils/Binaries/Win64/UE4Editor-MobilePatchingUtils.dll (API version 3709383).
LogModuleManager: Display: Found up-to-date module file ../../../Engine/Plugins/Runtime/Oculus/OculusVR/Binaries/Win64/UE4Editor-OculusHMD.dll (API version 3709383).
LogModuleManager: Display: Found up-to-date module file ../../../Engine/Plugins/Runtime/Oculus/OculusVR/Binaries/Win64/UE4Editor-OculusInput.dll (API version 3709383).
LogModuleManager: Display: Found up-to-date module file ../../../Engine/Plugins/Runtime/Oculus/OculusVR/Binaries/Win64/UE4Editor-OculusEditor.dll (API version 3709383).
LogModuleManager: Display: Found up-to-date module file ../../../Engine/Plugins/Runtime/PhysXVehicles/Binaries/Win64/UE4Editor-PhysXVehicles.dll (API version 3709383).
LogModuleManager: Display: Found up-to-date module file ../../../Engine/Plugins/Runtime/PhysXVehicles/Binaries/Win64/UE4Editor-PhysXVehiclesEditor.dll (API version 3709383).
LogModuleManager: Display: Found up-to-date module file ../../../Engine/Plugins/Runtime/ProceduralMeshComponent/Binaries/Win64/UE4Editor-ProceduralMeshComponent.dll (API version 3709383).
LogModuleManager: Display: Found up-to-date module file ../../../Engine/Plugins/Runtime/ProceduralMeshComponent/Binaries/Win64/UE4Editor-ProceduralMeshComponentEditor.dll (API version 3709383).
LogModuleManager: Display: Found up-to-date module file ../../../Engine/Plugins/Runtime/RuntimePhysXCooking/Binaries/Win64/UE4Editor-RuntimePhysXCooking.dll (API version 3709383).
LogModuleManager: Display: Found up-to-date module file ../../../Engine/Plugins/Runtime/Steam/SteamVR/Binaries/Win64/UE4Editor-SteamVR.dll (API version 3709383).
LogModuleManager: Display: Found up-to-date module file ../../../Engine/Plugins/Runtime/Steam/SteamVR/Binaries/Win64/UE4Editor-SteamVRController.dll (API version 3709383).
LogModuleManager: Display: Found up-to-date module file ../../../Engine/Plugins/Runtime/WindowsMoviePlayer/Binaries/Win64/UE4Editor-WindowsMoviePlayer.dll (API version 3709383).
LogInit: Using libcurl 7.47.1
LogInit:  - built for x86_64-pc-win32
LogInit:  - supports SSL with OpenSSL/1.0.2g
LogInit:  - supports HTTP deflate (compression) using libz 1.2.8
LogInit:  - other features:
LogInit:      CURL_VERSION_SSL
LogInit:      CURL_VERSION_LIBZ
LogInit:      CURL_VERSION_IPV6
LogInit:      CURL_VERSION_ASYNCHDNS
LogInit:      CURL_VERSION_LARGEFILE
LogInit:      CURL_VERSION_IDN
LogInit:  CurlRequestOptions (configurable via config and command line):
LogInit:  - bVerifyPeer = false  - Libcurl will NOT verify peer certificate
LogInit:  - bUseHttpProxy = false  - Libcurl will NOT use HTTP proxy
LogInit:  - bDontReuseConnections = false  - Libcurl will reuse connections
LogInit:  - CertBundlePath = nullptr  - Libcurl will use whatever was configured at build time.
LogInit: Build: ++UE4+Release-4.18-CL-3832480
LogInit: Engine Version: 4.18.3-3832480+++UE4+Release-4.18
LogInit: Compatible Engine Version: 4.18.0-3709383+++UE4+Release-4.18
LogInit: Net CL: 3709383
LogDevObjectVersion: Number of dev versions registered: 16
LogDevObjectVersion:   Dev-Blueprints (B0D832E4-1F89-4F0D-ACCF-7EB736FD4AA2): 10
LogDevObjectVersion:   Dev-Build (E1C64328-A22C-4D53-A36C-8E866417BD8C): 0
LogDevObjectVersion:   Dev-Core (375EC13C-06E4-48FB-B500-84F0262A717E): 2
LogDevObjectVersion:   Dev-Editor (E4B068ED-F494-42E9-A231-DA0B2E46BB41): 20
LogDevObjectVersion:   Dev-Framework (CFFC743F-43B0-4480-9391-14DF171D2073): 30
LogDevObjectVersion:   Dev-Mobile (B02B49B5-BB20-44E9-A304-32B752E40360): 0
LogDevObjectVersion:   Dev-Networking (A4E4105C-59A1-49B5-A7C5-40C4547EDFEE): 0
LogDevObjectVersion:   Dev-Online (39C831C9-5AE6-47DC-9A44-9C173E1C8E7C): 0
LogDevObjectVersion:   Dev-Physics (78F01B33-EBEA-4F98-B9B4-84EACCB95AA2): 0
LogDevObjectVersion:   Dev-Platform (6631380F-2D4D-43E0-8009-CF276956A95A): 0
LogDevObjectVersion:   Dev-Rendering (12F88B9F-8875-4AFC-A67C-D90C383ABD29): 20
LogDevObjectVersion:   Dev-Sequencer (7B5AE74C-D270-4C10-A958-57980B212A5A): 4
LogDevObjectVersion:   Dev-VR (D7296918-1DD6-4BDD-9DE2-64A83CC13884): 0
LogDevObjectVersion:   Dev-LoadTimes (C2A15278-BFE7-4AFE-6C17-90FF531DF755): 1
LogDevObjectVersion:   Private-Geometry (6EACA3D4-40EC-4CC1-B786-8BED09428FC5): 1
LogDevObjectVersion:   Dev-AnimPhys (29E575DD-E0A3-4627-9D10-D276232CDCEA): 12
LogInit: Compiled (64-bit): Jan 12 2018 02:04:55
LogInit: Compiled with Visual C++: 19.00.24215.01
LogInit: Build Configuration: Development
LogInit: Branch Name: ++UE4+Release-4.18
LogInit: Command line:  
LogInit: Base directory: D:/Program Files/Epic Games/UE_4.18/Engine/Binaries/Win64/
LogInit: Installed Engine Build: 1
LogInit: Presizing for max 8388607 objects, including 0 objects not considered by GC, pre-allocating 0 bytes for permanent pool.
LogInit: Object subsystem initialized
[2018.03.04-09.00.41:580][  0]LogInit: Selected Device Profile: [Windows]
[2018.03.04-09.00.41:580][  0]LogInit: Applying CVar settings loaded from the selected device profile: [Windows]
[2018.03.04-09.00.41:593][  0]LogInit: Computer: TK-PC
[2018.03.04-09.00.41:593][  0]LogInit: User: New
[2018.03.04-09.00.41:593][  0]LogInit: CPU Page size=4096, Cores=4
[2018.03.04-09.00.41:593][  0]LogInit: High frequency timer resolution =4.101566 MHz
[2018.03.04-09.00.41:593][  0]LogMemory: Memory total: Physical=16.0GB (16GB approx)
[2018.03.04-09.00.41:593][  0]LogMemory: Platform Memory Stats for Windows
[2018.03.04-09.00.41:593][  0]LogMemory: Process Physical Memory: 272.27 MB used, 272.27 MB peak
[2018.03.04-09.00.41:593][  0]LogMemory: Process Virtual Memory: 269.93 MB used, 269.93 MB peak
[2018.03.04-09.00.41:593][  0]LogMemory: Physical Memory: 7404.60 MB used,  8937.50 MB free, 16342.10 MB total
[2018.03.04-09.00.41:593][  0]LogMemory: Virtual Memory: 682.56 MB used,  8937.50 MB free, 134217728.00 MB total
[2018.03.04-09.00.41:727][  0]LogInit: Using OS detected language (en-GB).
[2018.03.04-09.00.41:727][  0]LogInit: Using OS detected locale (en-AU).
[2018.03.04-09.00.41:730][  0]LogTextLocalizationManager: No specific localization for 'en-GB' exists, so the 'en' localization will be used.
[2018.03.04-09.00.42:151][  0]LogInit: Setting process to per monitor DPI aware
[2018.03.04-09.00.42:397][  0]LogD3D11RHI: D3D11 adapters:
[2018.03.04-09.00.42:455][  0]LogD3D11RHI:    0. 'NVIDIA GeForce GTX 1080' (Feature Level 11_0)
[2018.03.04-09.00.42:455][  0]LogD3D11RHI:       8086/0/8171 MB DedicatedVideo/DedicatedSystem/SharedSystem, Outputs:2, VendorId:0x10de
[2018.03.04-09.00.42:457][  0]LogD3D11RHI:    1. 'Microsoft Basic Render Driver' (Feature Level 11_0)
[2018.03.04-09.00.42:457][  0]LogD3D11RHI:       0/0/8171 MB DedicatedVideo/DedicatedSystem/SharedSystem, Outputs:0, VendorId:0x1414
[2018.03.04-09.00.42:457][  0]LogD3D11RHI: Chosen D3D11 Adapter: 0
[2018.03.04-09.00.42:467][  0]LogD3D11RHI: Creating new Direct3DDevice
[2018.03.04-09.00.42:467][  0]LogD3D11RHI:     GPU DeviceId: 0x1b80 (for the marketing name, search the web for "GPU Device Id")
[2018.03.04-09.00.42:467][  0]LogWindows: EnumDisplayDevices:
[2018.03.04-09.00.42:467][  0]LogWindows:    0. 'NVIDIA GeForce GTX 1080' (P:1 D:1)
[2018.03.04-09.00.42:467][  0]LogWindows:    1. 'NVIDIA GeForce GTX 1080' (P:0 D:1)
[2018.03.04-09.00.42:468][  0]LogWindows:    2. 'NVIDIA GeForce GTX 1080' (P:0 D:0)
[2018.03.04-09.00.42:468][  0]LogWindows:    3. 'NVIDIA GeForce GTX 1080' (P:0 D:0)
[2018.03.04-09.00.42:468][  0]LogWindows: DebugString: GetVideoDriverDetailsInvalid PrimaryIsNotTheChoosenAdapter GetVideoDriverDetailsInvalid PrimaryIsNotTheChoosenAdapter GetVideoDriverDetailsInvalid PrimaryIsNotTheChoosenAdapter GetVideoDriverDetailsInvalid PrimaryIsNotTheChoosenAdapter FoundDriverCount:0 
[2018.03.04-09.00.42:468][  0]LogD3D11RHI:     Adapter Name: NVIDIA GeForce GTX 1080
[2018.03.04-09.00.42:468][  0]LogD3D11RHI:   Driver Version: Unknown (internal:Unknown, unified:Unknown)
[2018.03.04-09.00.42:468][  0]LogD3D11RHI:      Driver Date: Unknown
[2018.03.04-09.00.42:468][  0]LogRHI: Texture pool is 5660 MB (70% of 8086 MB)
[2018.03.04-09.00.42:497][  0]LogD3D11RHI: Async texture creation enabled
[2018.03.04-09.00.42:520][  0]LogD3D11RHI: GPU Timing Frequency: 1000.000000 (Debug: 2 1)
[2018.03.04-09.00.42:604][  0]LogShaderCompilers: Guid format shader working directory is -2 characters bigger than the processId version (C:/Users/New/Desktop/GPG220/GPG220PacmanEditor/Intermediate/Shaders/WorkingDirectory/1776/).
[2018.03.04-09.00.42:604][  0]LogShaderCompilers: Cleaned the shader compiler working directory 'C:/Users/New/AppData/Local/Temp/UnrealShaderWorkingDir/5D8AE3194902F6C21F8F7C9C83AA7F22/'.
[2018.03.04-09.00.42:605][  0]LogShaderCompilers: Display: Using Local Shader Compiler.
[2018.03.04-09.00.43:707][  0]LogTemp: Display: Loaded TP AllDesktopTargetPlatform
[2018.03.04-09.00.43:754][  0]LogTemp: Display: Loaded TP MacClientTargetPlatform
[2018.03.04-09.00.43:803][  0]LogTemp: Display: Loaded TP MacNoEditorTargetPlatform
[2018.03.04-09.00.43:852][  0]LogTemp: Display: Loaded TP MacServerTargetPlatform
[2018.03.04-09.00.43:902][  0]LogTemp: Display: Loaded TP MacTargetPlatform
[2018.03.04-09.00.43:954][  0]LogTemp: Display: Loaded TP WindowsClientTargetPlatform
[2018.03.04-09.00.44:004][  0]LogTemp: Display: Loaded TP WindowsNoEditorTargetPlatform
[2018.03.04-09.00.44:054][  0]LogTemp: Display: Loaded TP WindowsServerTargetPlatform
[2018.03.04-09.00.44:097][  0]LogTemp: Display: Loaded TP WindowsTargetPlatform
[2018.03.04-09.00.44:145][  0]LogTemp: Display: Loaded TP Android_ASTCTargetPlatform
[2018.03.04-09.00.44:195][  0]LogTemp: Display: Loaded TP Android_ATCTargetPlatform
[2018.03.04-09.00.44:240][  0]LogTemp: Display: Loaded TP Android_DXTTargetPlatform
[2018.03.04-09.00.44:289][  0]LogTemp: Display: Loaded TP Android_ETC1TargetPlatform
[2018.03.04-09.00.44:336][  0]LogTemp: Display: Loaded TP Android_ETC2TargetPlatform
[2018.03.04-09.00.44:435][  0]LogTemp: Display: Loaded TP Android_MultiTargetPlatform
[2018.03.04-09.00.44:435][  0]LogTemp: Display: Loaded TP Android_PVRTCTargetPlatform
[2018.03.04-09.00.44:485][  0]LogTemp: Display: Loaded TP AndroidTargetPlatform
[2018.03.04-09.00.44:523][  0]LogTemp: Display: Loaded TP HTML5TargetPlatform
[2018.03.04-09.00.44:608][  0]LogTemp: Display: Loaded TP IOSTargetPlatform
[2018.03.04-09.00.44:636][  0]LogTemp: Display: Loaded TP TVOSTargetPlatform
[2018.03.04-09.00.44:684][  0]LogTemp: Display: Loaded TP LinuxClientTargetPlatform
[2018.03.04-09.00.44:731][  0]LogTemp: Display: Loaded TP LinuxNoEditorTargetPlatform
[2018.03.04-09.00.44:782][  0]LogTemp: Display: Loaded TP LinuxServerTargetPlatform
[2018.03.04-09.00.44:829][  0]LogTemp: Display: Loaded TP LinuxTargetPlatform
[2018.03.04-09.00.44:829][  0]LogTargetPlatformManager: Display: Building Assets For Windows
[2018.03.04-09.00.45:235][  0]LogDerivedDataCache: Display: Max Cache Size: 512 MB
[2018.03.04-09.00.45:235][  0]LogDerivedDataCache: Display: Starting with empty Boot cache
[2018.03.04-09.00.45:235][  0]LogDerivedDataCache: FDerivedDataBackendGraph:  Pak pak cache file C:/Users/New/Desktop/GPG220/GPG220PacmanEditor/DerivedDataCache/DDC.ddp not found, will not use a pak cache.
[2018.03.04-09.00.45:235][  0]LogDerivedDataCache: Unable to find inner node Pak for hierarchical cache Hierarchy.
[2018.03.04-09.00.45:236][  0]LogDerivedDataCache: FDerivedDataBackendGraph:  CompressedPak pak cache file C:/Users/New/Desktop/GPG220/GPG220PacmanEditor/DerivedDataCache/Compressed.ddp not found, will not use a pak cache.
[2018.03.04-09.00.45:236][  0]LogDerivedDataCache: Unable to find inner node CompressedPak for hierarchical cache Hierarchy.
[2018.03.04-09.00.45:252][  0]LogDerivedDataCache: Display: Pak cache opened for reading ../../../Engine/DerivedDataCache/Compressed.ddp.
[2018.03.04-09.00.45:263][  0]LogDerivedDataCache: Using Local data cache path C:/Users/New/AppData/Local/UnrealEngine/Common/DerivedDataCache: Writable
[2018.03.04-09.00.45:283][  0]LogMaterial: Verifying Global Shaders for PCD3D_SM5
[2018.03.04-09.00.45:283][  0]LogSlate: Using Freetype 2.6.0
[2018.03.04-09.00.45:284][  0]LogSlate: SlateFontCache - WITH_FREETYPE: 1, WITH_HARFBUZZ: 1
[2018.03.04-09.00.45:284][  0]LogSlate: SlateFontCache - WITH_FREETYPE: 1, WITH_HARFBUZZ: 1
[2018.03.04-09.00.45:700][  0]LogInit: Selected Device Profile: [Windows]
[2018.03.04-09.00.45:796][  0]LogMaterial: Missing cached shader map for material WorldGridMaterial, compiling. Is special engine material.
[2018.03.04-09.01.41:549][  0]LogMaterial: Missing cached shader map for material MatineeCam_mat, compiling. 
[2018.03.04-09.01.41:777][  0]LogSimplygon: Simplygon DLL not present - disabling.
[2018.03.04-09.01.41:813][  0]LogMeshReduction: Using SimplygonSwarm for distributed automatic mesh merging
[2018.03.04-09.01.41:813][  0]LogMeshReduction: Using QuadricMeshReduction for automatic static mesh reduction
[2018.03.04-09.01.41:813][  0]LogMeshReduction: No automatic skeletal mesh reduction module available
[2018.03.04-09.01.41:813][  0]LogMeshReduction: No automatic mesh merging module available
[2018.03.04-09.01.41:813][  0]LogMeshMerging: No automatic mesh merging module available
[2018.03.04-09.01.42:747][  0]LogNetVersion: GPG220_Project , NetCL: 3709383, EngineNetVer: 2, GameNetVer: 0 (Checksum: 3064214830)
[2018.03.04-09.01.43:891][  0]LogMaterial: Missing cached shader map for material HelpActorMaterial, compiling. 
[2018.03.04-09.01.45:781][  0]LogMaterial: Missing cached shader map for material DefaultTextMaterialOpaque, compiling. 
[2018.03.04-09.01.46:697][  0]LogAssetRegistry: FAssetRegistry took 0.0312 seconds to start up
[2018.03.04-09.01.47:590][  0]LogMaterial: Missing cached shader map for material Xray, compiling. 
[2018.03.04-09.01.47:612][  0]LogMaterial: Missing cached shader map for material Main, compiling. 
[2018.03.04-09.01.52:547][  0]LogMaterial: Missing cached shader map for material TranslucentTransformGizmoMaterial, compiling. 
[2018.03.04-09.01.52:664][  0]LogMaterial: Missing cached shader map for material TransformGizmoMaterial, compiling. 
[2018.03.04-09.01.52:887][  0]LogMaterial: Missing cached shader map for material SnapGridMaterial, compiling. 
[2018.03.04-09.01.54:176][  0]LogMaterial: Missing cached shader map for material CineMat, compiling. 
[2018.03.04-09.01.54:860][  0]LogMaterial: Missing cached shader map for material M_SimpleOpaque, compiling. 
[2018.03.04-09.01.55:040][  0]LogMaterial: Missing cached shader map for material M_SimpleTranslucent, compiling. 
[2018.03.04-09.01.56:941][  0]LogMaterial: Missing cached shader map for material Widget3DPassThrough, compiling. 
[2018.03.04-09.01.57:004][  0]LogMaterial: Missing cached shader map for material Widget3DPassThrough, compiling. 
[2018.03.04-09.01.57:065][  0]LogMaterial: Missing cached shader map for material Widget3DPassThrough, compiling. 
[2018.03.04-09.01.57:084][  0]LogMaterial: Missing cached shader map for material Widget3DPassThrough, compiling. 
[2018.03.04-09.01.57:108][  0]LogMaterial: Missing cached shader map for material Widget3DPassThrough, compiling. 
[2018.03.04-09.01.57:135][  0]LogMaterial: Missing cached shader map for material Widget3DPassThrough, compiling. 
[2018.03.04-09.01.58:211][  0]LogMaterial: Missing cached shader map for material SkySphereMaterial, compiling. 
[2018.03.04-09.01.58:421][  0]LogMaterial: Missing cached shader map for material FloorPlaneMaterial, compiling. 
[2018.03.04-09.01.59:700][  0]LogMaterial: Missing cached shader map for material LandscapeGizmo_Mat, compiling. 
[2018.03.04-09.01.59:751][  0]LogMaterial: Missing cached shader map for material LandscapeGizmoHeight_Mat, compiling. 
[2018.03.04-09.01.59:838][  0]LogMaterial: Missing cached shader map for material SplineEditorMeshMat, compiling. 
[2018.03.04-09.02.00:337][  0]LogMaterial: Missing cached shader map for material ARKitCameraMaterial, compiling. 
[2018.03.04-09.02.00:764][  0]LogMaterial: Missing cached shader map for material GearVRControllerMaterial, compiling. 
[2018.03.04-09.02.01:092][  0]LogAssetRegistry: Error: Failed to open file for write C:/Users/New/Desktop/GPG220/GPG220PacmanEditor/Intermediate/AssetRegistryCache/866581fd.bin
[2018.03.04-09.02.01:102][  0]LogAssetRegistry: Error: Failed to open file for write C:/Users/New/Desktop/GPG220/GPG220PacmanEditor/Intermediate/AssetRegistryCache/8c0e1344.bin
[2018.03.04-09.02.01:153][  0]LogPackageLocalizationCache: Processed 7 localized package path(s) for 2 prioritized culture(s) in 0.192954 seconds
[2018.03.04-09.02.01:253][  0]LogUObjectArray: 35870 objects as part of root set at end of initial load.
[2018.03.04-09.02.01:253][  0]LogUObjectAllocator: 7363696 out of 0 bytes used by permanent object pool.
[2018.03.04-09.02.01:253][  0]LogUObjectArray: CloseDisregardForGC: 0/0 objects in disregard for GC pool
[2018.03.04-09.02.01:368][  0]LogInit: WinSock: version 1.1 (2.2), MaxSocks=32767, MaxUdp=65467
[2018.03.04-09.02.25:429][  0]LogMaterial: Missing cached shader map for material VivePreControllerMaterial, compiling. 
[2018.03.04-09.02.25:466][  0]LogMaterial: Missing cached shader map for material M_ContentWindow, compiling. 
[2018.03.04-09.02.25:537][  0]LogMaterial: Missing cached shader map for material OculusControllerMaterial, compiling. 
[2018.03.04-09.02.25:563][  0]LogMaterial: Missing cached shader map for material GenericHMDMaterial, compiling. 
[2018.03.04-09.02.25:631][  0]LogMaterial: Missing cached shader map for material TeleportDirectionMaterial, compiling. 
[2018.03.04-09.02.25:667][  0]LogMaterial: Missing cached shader map for material LaserPointerMaterial, compiling. 
[2018.03.04-09.02.25:693][  0]LogMaterial: Missing cached shader map for material LaserPointerMaterial, compiling. 
[2018.03.04-09.02.25:733][  0]LogMaterial: Missing cached shader map for material GridPostProcess, compiling. 
[2018.03.04-09.02.25:745][  0]LogMaterial: Missing cached shader map for material GridMaterial, compiling. 
[2018.03.04-09.02.25:760][  0]LogMaterial: Missing cached shader map for material VRTextMaterial, compiling. 
[2018.03.04-09.02.25:782][  0]LogMaterial: Missing cached shader map for material FlattenHeightMat, compiling. 
[2018.03.04-09.02.25:800][  0]LogMaterial: Missing cached shader map for material ArrowMaterial, compiling. 
[2018.03.04-09.02.25:838][  0]LogMaterial: Missing cached shader map for material KeyDiskMaterial, compiling. 
[2018.03.04-09.02.25:920][  0]LogMaterial: Missing cached shader map for material LineMaterial, compiling. 
[2018.03.04-09.02.25:934][  0]LogMaterial: Missing cached shader map for material VRTextMaterial, compiling. 
[2018.03.04-09.02.27:868][  0]LogMaterial: Missing cached shader map for material DefaultSpriteMaterial, compiling. 
[2018.03.04-09.02.27:902][  0]LogMaterial: Missing cached shader map for material DefaultSpriteMaterial, compiling. 
[2018.03.04-09.02.28:743][  0]LogTcpMessaging: Initializing TcpMessaging bridge
[2018.03.04-09.02.28:812][  0]LogUdpMessaging: Initializing bridge on interface 0.0.0.0:0 to multicast group 230.0.0.1:6666.
[2018.03.04-09.02.29:274][  0]LogMaterial: Missing cached shader map for material DefaultMaterial, compiling. 
[2018.03.04-09.02.30:857][  0]LogMaterial: Missing cached shader map for material BaseColor, compiling. 
[2018.03.04-09.02.30:868][  0]LogMaterial: Missing cached shader map for material CustomDepth, compiling. 
[2018.03.04-09.02.30:894][  0]LogMaterial: Uniform references updated for custom material expression Custom.
[2018.03.04-09.02.30:911][  0]LogMaterial: Missing cached shader map for material CustomStencil, compiling. 
[2018.03.04-09.02.30:922][  0]LogMaterial: Missing cached shader map for material FinalImage, compiling. 
[2018.03.04-09.02.30:933][  0]LogMaterial: Missing cached shader map for material LightingModel, compiling. 
[2018.03.04-09.02.30:946][  0]LogMaterial: Missing cached shader map for material MaterialAO, compiling. 
[2018.03.04-09.02.30:958][  0]LogMaterial: Missing cached shader map for material Metallic, compiling. 
[2018.03.04-09.02.30:969][  0]LogMaterial: Missing cached shader map for material Opacity, compiling. 
[2018.03.04-09.02.30:982][  0]LogMaterial: Missing cached shader map for material Roughness, compiling. 
[2018.03.04-09.02.30:994][  0]LogMaterial: Missing cached shader map for material SceneColor, compiling. 
[2018.03.04-09.02.31:007][  0]LogMaterial: Missing cached shader map for material SceneDepth, compiling. 
[2018.03.04-09.02.31:019][  0]LogMaterial: Missing cached shader map for material SeparateTranslucencyRGB, compiling. 
[2018.03.04-09.02.31:033][  0]LogMaterial: Missing cached shader map for material SeparateTranslucencyA, compiling. 
[2018.03.04-09.02.31:047][  0]LogMaterial: Missing cached shader map for material Specular, compiling. 
[2018.03.04-09.02.31:060][  0]LogMaterial: Missing cached shader map for material SubsurfaceColor, compiling. 
[2018.03.04-09.02.31:073][  0]LogMaterial: Missing cached shader map for material WorldNormal, compiling. 
[2018.03.04-09.02.31:091][  0]LogMaterial: Missing cached shader map for material AmbientOcclusion, compiling. 
[2018.03.04-09.02.31:113][  0]LogMaterial: Missing cached shader map for material CustomDepthWorldUnits, compiling. 
[2018.03.04-09.02.31:125][  0]LogMaterial: Missing cached shader map for material SceneDepthWorldUnits, compiling. 
[2018.03.04-09.02.31:139][  0]LogMaterial: Missing cached shader map for material PreTonemapHDRColor, compiling. 
[2018.03.04-09.02.31:153][  0]LogMaterial: Missing cached shader map for material PostTonemapHDRColor, compiling. 
[2018.03.04-09.02.31:991][  0]SourceControl: Source control is disabled
[2018.03.04-09.02.31:993][  0]SourceControl: Source control is disabled
[2018.03.04-09.02.32:094][  0]SourceControl: Source control is disabled
[2018.03.04-09.02.32:163][  0]SourceControl: Source control is disabled
[2018.03.04-09.02.33:225][  0]LogMaterial: Missing cached shader map for material DefaultMediaPlaneMaterial, compiling. 
[2018.03.04-09.02.33:786][  0]LogAndroidPermission: UAndroidPermissionCallbackProxy::GetInstance
[2018.03.04-09.02.34:194][  0]LogOcInput: OculusInput pre-init called
[2018.03.04-09.02.34:596][  0]LogMaterial: Missing cached shader map for material HighResScreenshot, compiling. 
[2018.03.04-09.02.34:614][  0]LogMaterial: Missing cached shader map for material HighResScreenshotMask, compiling. 
[2018.03.04-09.02.34:635][  0]LogMaterial: Missing cached shader map for material HighResScreenshotCaptureRegion, compiling. 
[2018.03.04-09.02.35:239][  0]LogEngine: Initializing Engine...
[2018.03.04-09.02.35:338][  0]LogHMD: Failed to initialize OpenVR with code 110
[2018.03.04-09.02.35:386][  0]LogMaterial: Missing cached shader map for material WireframeMaterial, compiling. Is special engine material.
[2018.03.04-09.02.35:674][  0]LogMaterial: Missing cached shader map for material LevelColorationLitMaterial, compiling. Is special engine material.
[2018.03.04-09.02.36:423][  0]LogMaterial: Missing cached shader map for material LevelColorationUnlitMaterial, compiling. Is special engine material.
[2018.03.04-09.02.36:674][  0]LogMaterial: Missing cached shader map for material MAT_LevelColorationLitLightmapUV, compiling. Is special engine material.
[2018.03.04-09.02.37:426][  0]LogMaterial: Missing cached shader map for material ShadedLevelColorationLitMaterial, compiling. Is special engine material.
[2018.03.04-09.02.38:198][  0]LogMaterial: Missing cached shader map for material ShadedLevelColorationUnlitMateri, compiling. Is special engine material.
[2018.03.04-09.02.38:423][  0]LogMaterial: Missing cached shader map for material VertexColorMaterial, compiling. 
[2018.03.04-09.02.38:542][  0]LogMaterial: Missing cached shader map for material VertexColorViewMode_ColorOnly, compiling. 
[2018.03.04-09.02.38:567][  0]LogMaterial: Missing cached shader map for material VertexColorViewMode_AlphaAsColor, compiling. 
[2018.03.04-09.02.38:591][  0]LogMaterial: Missing cached shader map for material VertexColorViewMode_RedOnly, compiling. 
[2018.03.04-09.02.38:612][  0]LogMaterial: Missing cached shader map for material VertexColorViewMode_GreenOnly, compiling. 
[2018.03.04-09.02.38:633][  0]LogMaterial: Missing cached shader map for material VertexColorViewMode_BlueOnly, compiling. 
[2018.03.04-09.02.38:657][  0]LogMaterial: Missing cached shader map for material RemoveSurfaceMaterial, compiling. 
[2018.03.04-09.02.38:668][  0]LogMaterial: Missing cached shader map for material DebugMeshMaterial, compiling. 
[2018.03.04-09.02.38:705][  0]LogMaterial: Missing cached shader map for material M_InvalidLightmapSettings, compiling. 
[2018.03.04-09.02.38:756][  0]LogMaterial: Missing cached shader map for material GizmoMaterial, compiling. 
[2018.03.04-09.02.38:780][  0]LogMaterial: Missing cached shader map for material PhAT_JointLimitMaterial, compiling. 
[2018.03.04-09.02.38:809][  0]LogMaterial: Missing cached shader map for material GeomMaterial, compiling. 
[2018.03.04-09.02.38:826][  0]LogMaterial: Missing cached shader map for material EditorBrushMaterial, compiling. 
[2018.03.04-09.02.38:850][  0]LogMaterial: Missing cached shader map for material BoneWeightMaterial, compiling. 
[2018.03.04-09.02.38:975][  0]LogMaterial: Missing cached shader map for material ClothMaterial, compiling. 
[2018.03.04-09.02.38:995][  0]LogMaterial: Missing cached shader map for material ClothMaterial_WF, compiling. 
[2018.03.04-09.02.39:024][  0]LogMaterial: Missing cached shader map for material DebugEditorMaterial, compiling. 
[2018.03.04-09.02.39:047][  0]LogMaterial: Missing cached shader map for material PreviewShadowIndicatorMaterial, compiling. 
[2018.03.04-09.02.39:515][  0]LogStats: UGameplayTagsManager::ConstructGameplayTagTree: Construct from data asset -  0.000 s
[2018.03.04-09.02.39:515][  0]LogStats: UGameplayTagsManager::ConstructGameplayTagTree: GameplayTagTreeChangedEvent.Broadcast -  0.000 s
[2018.03.04-09.02.40:197][  0]LogAIModule: Creating AISystem for world Untitled
[2018.03.04-09.02.40:559][  0]LogInit: XAudio2 using 'Headphones (Razer Kraken USB)' : 2 channels at 48 kHz using 16 bits per sample (channel mask 0x3)
[2018.03.04-09.02.40:597][  0]LogInit: FAudioDevice initialized.
[2018.03.04-09.02.40:693][  0]LogDerivedDataCache: Saved boot cache 0.07s 68MB C:/Users/New/AppData/Local/UnrealEngine/4.18/DerivedDataCache/Boot.ddc.
[2018.03.04-09.02.40:712][  0]LogInit: Texture streaming: Enabled
[2018.03.04-09.02.40:993][  0]LogEngineSessionManager: EngineSessionManager initialized
[2018.03.04-09.02.41:314][  0]LogWindowsTextInputMethodSystem: Display: IME system now activated using TSF (Microsoft IME).
[2018.03.04-09.02.41:828][  0]LogInit: Transaction tracking system initialized
[2018.03.04-09.02.43:803][  0]BlueprintLog: New page: Editor Load
[2018.03.04-09.02.48:452][  0]LocalizationService: Localization service is disabled
[2018.03.04-09.02.53:373][  0]LogConsoleResponse: Display: 
[2018.03.04-09.02.54:599][  0]LogMaterial: Missing cached shader map for material Cross_Mat, compiling. 
[2018.03.04-09.02.54:624][  0]LogMaterial: Missing cached shader map for material PhAT_BoneSelectedMaterial, compiling. 
[2018.03.04-09.02.54:642][  0]LogMaterial: Missing cached shader map for material PhAT_ElemSelectedMaterial, compiling. 
[2018.03.04-09.02.54:659][  0]LogMaterial: Missing cached shader map for material PhAT_NoCollisionMaterial, compiling. 
[2018.03.04-09.02.54:676][  0]LogMaterial: Missing cached shader map for material PhAT_UnselectedMaterial, compiling. 
[2018.03.04-09.02.54:710][  0]LogMaterial: Missing cached shader map for material Tick_Mat, compiling. 
[2018.03.04-09.02.54:757][  0]LogMaterial: Missing cached shader map for material WidgetGridVertexColorMaterial_Ma, compiling. 
[2018.03.04-09.02.54:776][  0]LogMaterial: Missing cached shader map for material WidgetMaterial, compiling. 
[2018.03.04-09.02.54:792][  0]LogMaterial: Missing cached shader map for material WidgetMaterial_Current, compiling. 
[2018.03.04-09.02.54:808][  0]LogMaterial: Missing cached shader map for material WidgetMaterial_X, compiling. 
[2018.03.04-09.02.54:824][  0]LogMaterial: Missing cached shader map for material WidgetMaterial_Y, compiling. 
[2018.03.04-09.02.54:842][  0]LogMaterial: Missing cached shader map for material WidgetMaterial_Z, compiling. 
[2018.03.04-09.02.54:859][  0]LogMaterial: Missing cached shader map for material WidgetVertexColorMaterial, compiling. 
[2018.03.04-09.02.54:935][  0]LogMaterial: Missing cached shader map for material LevelGridMaterial, compiling. 
[2018.03.04-09.02.55:219][  0]LogMaterial: Missing cached shader map for material BlinkingCaret, compiling. 
[2018.03.04-09.02.55:981][  0]LogMaterial: Missing cached shader map for material M_StreamingPause, compiling. 
[2018.03.04-09.02.56:858][  0]LogFileCache: Scanning file cache for directory 'C:/Users/New/Desktop/GPG220/GPG220PacmanEditor/Content/' took 0.08s
[2018.03.04-09.02.56:858][  0]LogCook: Display: Max memory allowance for cook 16384mb min free memory 0mb
[2018.03.04-09.02.56:859][  0]LogCook: Display: Mobile HDR setting 1
[2018.03.04-09.02.56:926][  0]LogGameplayTags: Display: UGameplayTagsManager::DoneAddingNativeTags. DelegateIsBound: 0
[2018.03.04-09.03.03:207][  0]SourceControl: Source control is disabled
[2018.03.04-09.03.03:341][  0]Cmd: MAP LOAD FILE="../../../Engine/Content/Maps/Templates/Template_Default.umap" TEMPLATE=1 SHOWPROGRESS=1 FEATURELEVEL=3
[2018.03.04-09.03.03:396][  0]LightingResults: New page: Lighting Build
[2018.03.04-09.03.04:613][  0]MapCheck: New page: Map Check
[2018.03.04-09.03.04:613][  0]LightingResults: New page: Lighting Build
[2018.03.04-09.03.20:424][  0]LogMaterial: Missing cached shader map for material M_Sky_Panning_Clouds2, compiling. 
[2018.03.04-09.03.20:925][  0]LogAIModule: Creating AISystem for world Untitled_1
[2018.03.04-09.03.21:562][  0]LogDerivedDataCache: FFileSystemDerivedDataBackend: Move collision, attempt at redundant update, OK C:/Users/New/AppData/Local/UnrealEngine/Common/DerivedDataCache/5/5/8/MATSM_24CFB3A24FF7412DB1277B5C2B5936DE_PCD3D_SM5_7__BC5N_NOCCBN_DEV_SL_DBUF_UN__35AAF3B902CA283CC1E9925FD0035B0722A12197.udd.
[2018.03.04-09.03.21:562][  0]LogDerivedDataCache: FFileSystemDerivedDataBackend: Move collision, attempt at redundant update, OK C:/Users/New/AppData/Local/UnrealEngine/Common/DerivedDataCache/4/1/6/MATSM_24CFB3A24FF7412DB1277B5C2B5936DE_PCD3D_SM5_7__BC5N_NOCCBN_DEV_SL_DBUF_UN__C46A8DF2577401223212499C65338AFBC8A5ECCE.udd.
[2018.03.04-09.03.24:752][  0]LogEditorServer: Finished looking for orphan Actors (0.000 secs)
[2018.03.04-09.03.25:696][  0]Cmd: MAP CHECKDEP NOCLEARLOG
[2018.03.04-09.03.25:900][  0]MapCheck: Map check complete: 0 Error(s), 0 Warning(s), took 198.093ms to complete.
[2018.03.04-09.03.25:923][  0]LogFileHelpers: Loading map 'Template_Default' took 22.632
[2018.03.04-09.03.33:901][  0]LogCollectionManager: Loaded 0 collections in 0.001345 seconds
[2018.03.04-09.03.34:532][  0]LogFileCache: Scanning file cache for directory 'C:/Users/New/Desktop/GPG220/GPG220PacmanEditor/Saved/Collections/' took 0.01s
[2018.03.04-09.03.34:532][  0]LogFileCache: Scanning file cache for directory 'C:/Users/New/Desktop/GPG220/GPG220PacmanEditor/Content/Developers/New/Collections/' took 0.01s
[2018.03.04-09.03.34:532][  0]LogFileCache: Scanning file cache for directory 'C:/Users/New/Desktop/GPG220/GPG220PacmanEditor/Content/Collections/' took 0.01s
[2018.03.04-09.03.34:532][  0]LogCollectionManager: Rebuilt the GUID cache for 0 collections in 0.000000 seconds
[2018.03.04-09.03.34:756][  0]LogContentBrowser: Native class hierarchy populated in 0.2216 seconds. Added 2364 classes and 521 folders.
[2018.03.04-09.03.35:065][  0]LogContentBrowser: Native class hierarchy updated for 'WidgetCarousel' in 0.0010 seconds. Added 0 classes and 0 folders.
[2018.03.04-09.03.37:237][  0]LogContentBrowser: Native class hierarchy updated for 'AddContentDialog' in 0.0007 seconds. Added 0 classes and 0 folders.
[2018.03.04-09.03.37:663][  0]LogContentBrowser: Native class hierarchy updated for 'SceneOutliner' in 0.0007 seconds. Added 1 classes and 2 folders.
[2018.03.04-09.03.41:379][  0]LogSlate: Took 0.037229 seconds to synchronously load lazily loaded font '../../../Engine/Content/Slate/Fonts/Roboto-Regular.ttf' (155K)
[2018.03.04-09.03.41:642][  0]LogSlate: Took 0.152671 seconds to synchronously load lazily loaded font '../../../Engine/Content/Slate/Fonts/Roboto-Bold.ttf' (160K)
[2018.03.04-09.03.42:548][  0]LogSlate: Took 0.464156 seconds to synchronously load lazily loaded font '../../../Engine/Content/Editor/Slate/Fonts/FontAwesome.ttf' (139K)
[2018.03.04-09.03.48:600][  0]LogMaterial: Missing cached shader map for material LevelGridMaterial2, compiling. 
[2018.03.04-09.03.49:812][  0]LogRenderer: Reallocating scene render targets to support 1208x652 Format 10 NumSamples 1 (Frame:1).
[2018.03.04-09.05.10:854][  0]LogContentBrowser: Native class hierarchy updated for 'HierarchicalLODOutliner' in 0.0007 seconds. Added 1 classes and 2 folders.
[2018.03.04-09.05.10:854][  0]LogLoad: (Engine Initialization) Total time: 271.52 seconds
[2018.03.04-09.05.10:854][  0]LogLoad: (Engine Initialization) Total Blueprint compile time: 0.00 seconds
[2018.03.04-09.05.10:878][  0]LogExternalProfiler: Found external profiler: VSPerf
[2018.03.04-09.05.10:879][  0]LogExternalProfiler: Using external profiler: VSPerf
[2018.03.04-09.05.11:960][  0]LogContentStreaming: Texture pool size now 1000 MB
[2018.03.04-09.05.12:616][  2]LogAssetRegistry: Asset discovery search completed in 205.9413 seconds
[2018.03.04-09.05.12:627][  2]LogCollectionManager: Rebuilt the object cache for 0 collections in 0.000001 seconds (found 0 objects)
[2018.03.04-09.05.12:628][  2]LogCollectionManager: Fixed up redirectors for 0 collections in 0.008129 seconds (updated 0 objects)
[2018.03.04-09.05.13:222][  6]LogD3D11RHI: Timed out while waiting for GPU to catch up. (500 ms)
[2018.03.04-09.05.13:722][  7]LogD3D11RHI: Timed out while waiting for GPU to catch up. (500 ms)
[2018.03.04-09.05.14:222][  8]LogD3D11RHI: Timed out while waiting for GPU to catch up. (500 ms)
[2018.03.04-09.05.14:722][  9]LogD3D11RHI: Timed out while waiting for GPU to catch up. (500 ms)
[2018.03.04-09.05.15:222][ 10]LogD3D11RHI: Timed out while waiting for GPU to catch up. (500 ms)
[2018.03.04-09.08.57:950][ 93]LogSlate: Took 0.000144 seconds to synchronously load lazily loaded font '../../../Engine/Content/Slate/Fonts/Roboto-Light.ttf' (159K)
[2018.03.04-09.08.58:073][ 93]LogSlate: Took 0.000094 seconds to synchronously load lazily loaded font '../../../Engine/Content/Slate/Fonts/Roboto-Light.ttf' (159K)
[2018.03.04-09.08.58:163][ 93]LogWindowsTextInputMethodSystem: Display: IME system now deactivated.
[2018.03.04-09.08.58:163][ 93]LogWindowsTextInputMethodSystem: Display: IME system now deactivated.
[2018.03.04-09.09.03:945][546]LogTemp: Repeating last play command: Selected Viewport
[2018.03.04-09.09.03:963][546]LogPlayLevel: PlayLevel: No blueprints needed recompiling
[2018.03.04-09.09.03:963][546]PIE: New page: PIE session: Untitled_1 (5 Mar 2018 7:09:03 am)
[2018.03.04-09.09.03:963][546]LogPlayLevel: Creating play world package: /Temp/UEDPIE_0_Untitled_1
[2018.03.04-09.09.03:967][546]LogPlayLevel: PIE: StaticDuplicateObject took: (0.003916s)
[2018.03.04-09.09.03:967][546]LogAIModule: Creating AISystem for world Untitled_1
[2018.03.04-09.09.03:968][546]LogPlayLevel: PIE: World Init took: (0.000625s)
[2018.03.04-09.09.03:968][546]LogPlayLevel: PIE: Created PIE world by copying editor world from /Temp/Untitled_1.Untitled_1 to /Temp/UEDPIE_0_Untitled_1.Untitled_1 (0.004741s)
[2018.03.04-09.09.03:975][546]LogInit: XAudio2 using 'Headphones (Razer Kraken USB)' : 2 channels at 48 kHz using 16 bits per sample (channel mask 0x3)
[2018.03.04-09.09.03:989][546]LogInit: FAudioDevice initialized.
[2018.03.04-09.09.04:028][546]LogLoad: Game class is 'GameModeBase'
[2018.03.04-09.09.04:030][546]LogWorld: Bringing World /Temp/UEDPIE_0_Untitled_1.Untitled_1 up for play (max tick rate 0) at 2018.03.04-20.09.04
[2018.03.04-09.09.04:030][546]LogWorld: Bringing up level for play took: 0.000503
[2018.03.04-09.09.04:059][546]LogContentBrowser: Native class hierarchy updated for 'MovieSceneCapture' in 0.0004 seconds. Added 11 classes and 0 folders.
[2018.03.04-09.09.04:060][546]PIE: Play in editor start time for /Temp/UEDPIE_0_Untitled_1 0.32
[2018.03.04-09.09.09:116][ 16]LogTemp: Repeating last play command: Selected Viewport
[2018.03.04-09.09.09:126][ 16]LogPlayLevel: PlayLevel: No blueprints needed recompiling
[2018.03.04-09.09.09:126][ 16]PIE: New page: PIE session: Untitled_1 (5 Mar 2018 7:09:09 am)
[2018.03.04-09.09.09:126][ 16]LogPlayLevel: Creating play world package: /Temp/UEDPIE_0_Untitled_1
[2018.03.04-09.09.09:130][ 16]LogPlayLevel: PIE: StaticDuplicateObject took: (0.003554s)
[2018.03.04-09.09.09:130][ 16]LogAIModule: Creating AISystem for world Untitled_1
[2018.03.04-09.09.09:130][ 16]LogPlayLevel: PIE: World Init took: (0.000568s)
[2018.03.04-09.09.09:131][ 16]LogPlayLevel: PIE: Created PIE world by copying editor world from /Temp/Untitled_1.Untitled_1 to /Temp/UEDPIE_0_Untitled_1.Untitled_1 (0.004321s)
[2018.03.04-09.09.09:164][ 16]LogInit: XAudio2 using 'Headphones (Razer Kraken USB)' : 2 channels at 48 kHz using 16 bits per sample (channel mask 0x3)
[2018.03.04-09.09.09:177][ 16]LogInit: FAudioDevice initialized.
[2018.03.04-09.09.09:210][ 16]LogLoad: Game class is 'GameModeBase'
[2018.03.04-09.09.09:240][ 16]LogWorld: Bringing World /Temp/UEDPIE_0_Untitled_1.Untitled_1 up for play (max tick rate 0) at 2018.03.04-20.09.09
[2018.03.04-09.09.09:415][ 16]LogWorld: Bringing up level for play took: 0.204686
[2018.03.04-09.09.09:448][ 16]PIE: Play in editor start time for /Temp/UEDPIE_0_Untitled_1 -0.292
[2018.03.04-09.10.22:435][224]LogSlate: Took 0.000120 seconds to synchronously load lazily loaded font '../../../Engine/Content/Slate/Fonts/Roboto-Light.ttf' (159K)
[2018.03.04-09.10.22:520][224]LogMaterial: Missing cached shader map for material BaseMaterial, compiling. 
[2018.03.04-09.10.22:537][224]LogMaterial: Missing cached shader map for material GroundMaterial, compiling. 
[2018.03.04-09.10.22:563][224]LogAIModule: Creating AISystem for world Test
[2018.03.04-09.10.26:116][224]Cmd: MAP LOAD FILE="C:/Users/New/Desktop/GPG220/GPG220PacmanEditor/Content/TestMap/Test.umap" TEMPLATE=0 SHOWPROGRESS=1 FEATURELEVEL=3
[2018.03.04-09.10.26:119][224]LightingResults: New page: Lighting Build
[2018.03.04-09.10.26:119][224]LoadErrors: New page: Loading map: Test.umap
[2018.03.04-09.10.26:120][224]MapCheck: New page: Map Check
[2018.03.04-09.10.26:120][224]LightingResults: New page: Lighting Build
[2018.03.04-09.10.26:167][224]LogEditorServer: Finished looking for orphan Actors (0.000 secs)
[2018.03.04-09.10.26:205][224]Cmd: MAP CHECKDEP NOCLEARLOG
[2018.03.04-09.10.26:234][224]MapCheck: Map check complete: 0 Error(s), 0 Warning(s), took 29.272ms to complete.
[2018.03.04-09.10.26:234][224]LogFileHelpers: Loading map 'Test' took 0.119
[2018.03.04-09.11.27:353][164]Cmd: QUIT_EDITOR
[2018.03.04-09.11.28:072][164]LogWindowsTextInputMethodSystem: Display: IME system now deactivated.
[2018.03.04-09.11.28:080][164]LogExit: Preparing to exit.
[2018.03.04-09.11.28:973][164]LogExit: Editor shut down
[2018.03.04-09.11.28:976][164]LogExit: Transaction tracking system shut down
[2018.03.04-09.11.29:090][164]LogDirectoryWatcher: A directory notification for '../../../Engine/Content/' was aborted.
[2018.03.04-09.11.29:090][164]LogDirectoryWatcher: A directory notification for 'C:/Users/New/Desktop/GPG220/GPG220PacmanEditor/Content/' was aborted.
[2018.03.04-09.11.29:090][164]LogDirectoryWatcher: A directory notification for '../../../Engine/Plugins/2D/Paper2D/Content/' was aborted.
[2018.03.04-09.11.29:090][164]LogDirectoryWatcher: A directory notification for '../../../Engine/Plugins/Media/MediaCompositing/Content/' was aborted.
[2018.03.04-09.11.29:090][164]LogDirectoryWatcher: A directory notification for '../../../Engine/Plugins/Runtime/AppleARKit/Content/' was aborted.
[2018.03.04-09.11.29:090][164]LogDirectoryWatcher: A directory notification for '../../../Engine/Plugins/Runtime/Oculus/OculusVR/Content/' was aborted.
[2018.03.04-09.11.29:090][164]LogDirectoryWatcher: A directory notification for '../../../Engine/Plugins/Runtime/Steam/SteamVR/Content/' was aborted.
[2018.03.04-09.11.29:119][164]LogExit: Object subsystem successfully closed.
[2018.03.04-09.11.29:150][164]LogD3D11RHI: Shutdown
[2018.03.04-09.11.29:150][164]LogD3D11RHI: CleanupD3DDevice
[2018.03.04-09.11.29:151][164]LogD3D11RHI: ~FD3D11DynamicRHI
[2018.03.04-09.11.29:157][164]LogModuleManager: Shutting down and abandoning module MovieSceneCapture (554)
[2018.03.04-09.11.29:157][164]LogModuleManager: Shutting down and abandoning module HierarchicalLODOutliner (552)
[2018.03.04-09.11.29:157][164]LogModuleManager: Shutting down and abandoning module DesktopPlatform (550)
[2018.03.04-09.11.29:157][164]LogModuleManager: Shutting down and abandoning module SceneOutliner (548)
[2018.03.04-09.11.29:157][164]LogModuleManager: Shutting down and abandoning module AddContentDialog (546)
[2018.03.04-09.11.29:157][164]LogDirectoryWatcher: A directory notification for 'D:/Program Files/Epic Games/UE_4.18/FeaturePacks/' was aborted.
[2018.03.04-09.11.29:157][164]LogModuleManager: Shutting down and abandoning module WidgetCarousel (545)
[2018.03.04-09.11.29:157][164]LogModuleManager: Shutting down and abandoning module EditorWidgets (542)
[2018.03.04-09.11.29:157][164]LogModuleManager: Shutting down and abandoning module CollectionManager (540)
[2018.03.04-09.11.29:157][164]LogDirectoryWatcher: A directory notification for 'C:/Users/New/Desktop/GPG220/GPG220PacmanEditor/Content/Collections/' was aborted.
[2018.03.04-09.11.29:158][164]LogDirectoryWatcher: A directory notification for 'C:/Users/New/Desktop/GPG220/GPG220PacmanEditor/Content/Developers/New/Collections/' was aborted.
[2018.03.04-09.11.29:158][164]LogDirectoryWatcher: A directory notification for 'C:/Users/New/Desktop/GPG220/GPG220PacmanEditor/Saved/Collections/' was aborted.
[2018.03.04-09.11.29:158][164]LogModuleManager: Shutting down and abandoning module HierarchicalLODUtilities (538)
[2018.03.04-09.11.29:158][164]LogModuleManager: Shutting down and abandoning module StatsViewer (536)
[2018.03.04-09.11.29:158][164]LogModuleManager: Shutting down and abandoning module FoliageEdit (534)
[2018.03.04-09.11.29:158][164]LogModuleManager: Shutting down and abandoning module LandscapeEditor (532)
[2018.03.04-09.11.29:158][164]LogModuleManager: Shutting down and abandoning module MeshPaintMode (530)
[2018.03.04-09.11.29:158][164]LogModuleManager: Shutting down and abandoning module SceneDepthPickerMode (528)
[2018.03.04-09.11.29:158][164]LogModuleManager: Shutting down and abandoning module ActorPickerMode (526)
[2018.03.04-09.11.29:158][164]LogModuleManager: Shutting down and abandoning module GeometryMode (524)
[2018.03.04-09.11.29:158][164]LogModuleManager: Shutting down and abandoning module TextureAlignMode (522)
[2018.03.04-09.11.29:158][164]LogModuleManager: Shutting down and abandoning module BspMode (520)
[2018.03.04-09.11.29:158][164]LogModuleManager: Shutting down and abandoning module PIEPreviewDeviceProfileSelector (518)
[2018.03.04-09.11.29:158][164]LogModuleManager: Shutting down and abandoning module HardwareSurvey (516)
[2018.03.04-09.11.29:158][164]LogModuleManager: Shutting down and abandoning module SequenceRecorderSections (514)
[2018.03.04-09.11.29:158][164]LogModuleManager: Shutting down and abandoning module AutomationWorker (512)
[2018.03.04-09.11.29:158][164]LogModuleManager: Shutting down and abandoning module MatineeToLevelSequence (510)
[2018.03.04-09.11.29:158][164]LogModuleManager: Shutting down and abandoning module LevelSequenceEditor (508)
[2018.03.04-09.11.29:158][164]LogModuleManager: Shutting down and abandoning module PlacementMode (507)
[2018.03.04-09.11.29:158][164]LogModuleManager: Shutting down and abandoning module WmfMediaFactory (504)
[2018.03.04-09.11.29:158][164]LogModuleManager: Shutting down and abandoning module WmfMediaEditor (502)
[2018.03.04-09.11.29:158][164]LogModuleManager: Shutting down and abandoning module OpenExrWrapper (500)
[2018.03.04-09.11.29:158][164]LogModuleManager: Shutting down and abandoning module ImgMediaFactory (498)
[2018.03.04-09.11.29:158][164]LogModuleManager: Shutting down and abandoning module ImgMediaEditor (496)
[2018.03.04-09.11.29:158][164]LogModuleManager: Shutting down and abandoning module AvfMediaFactory (494)
[2018.03.04-09.11.29:158][164]LogModuleManager: Shutting down and abandoning module AvfMediaEditor (492)
[2018.03.04-09.11.29:158][164]LogModuleManager: Shutting down and abandoning module AndroidMediaFactory (490)
[2018.03.04-09.11.29:158][164]LogModuleManager: Shutting down and abandoning module AndroidMediaEditor (488)
[2018.03.04-09.11.29:158][164]LogModuleManager: Shutting down and abandoning module CharacterAI (486)
[2018.03.04-09.11.29:158][164]LogModuleManager: Shutting down and abandoning module AudioCapture (484)
[2018.03.04-09.11.29:158][164]LogModuleManager: Shutting down and abandoning module SequenceRecorder (483)
[2018.03.04-09.11.29:158][164]LogModuleManager: Shutting down and abandoning module SmartSnapping (480)
[2018.03.04-09.11.29:158][164]LogModuleManager: Shutting down and abandoning module SessionServices (478)
[2018.03.04-09.11.29:158][164]LogModuleManager: Shutting down and abandoning module ViewportSnapping (476)
[2018.03.04-09.11.29:158][164]LogModuleManager: Shutting down and abandoning module ViewportInteraction (474)
[2018.03.04-09.11.29:158][164]LogModuleManager: Shutting down and abandoning module ClothPainter (472)
[2018.03.04-09.11.29:158][164]LogModuleManager: Shutting down and abandoning module SkeletalMeshEditor (471)
[2018.03.04-09.11.29:158][164]LogModuleManager: Shutting down and abandoning module LogVisualizer (468)
[2018.03.04-09.11.29:158][164]LogModuleManager: Shutting down and abandoning module IntroTutorials (466)
[2018.03.04-09.11.29:158][164]LogModuleManager: Shutting down and abandoning module GameProjectGeneration (465)
[2018.03.04-09.11.29:158][164]LogModuleManager: Shutting down and abandoning module IOSPlatformEditor (462)
[2018.03.04-09.11.29:158][164]LogModuleManager: Shutting down and abandoning module HTML5PlatformEditor (460)
[2018.03.04-09.11.29:158][164]LogModuleManager: Shutting down and abandoning module AndroidPlatformEditor (458)
[2018.03.04-09.11.29:158][164]LogModuleManager: Shutting down and abandoning module AndroidDeviceDetection (457)
[2018.03.04-09.11.29:808][164]LogModuleManager: Shutting down and abandoning module WindowsPlatformEditor (454)
[2018.03.04-09.11.29:808][164]LogModuleManager: Shutting down and abandoning module IOSRuntimeSettings (452)
[2018.03.04-09.11.29:808][164]LogModuleManager: Shutting down and abandoning module AndroidRuntimeSettings (450)
[2018.03.04-09.11.29:808][164]LogModuleManager: Shutting down and abandoning module InputBindingEditor (448)
[2018.03.04-09.11.29:808][164]LogModuleManager: Shutting down and abandoning module MergeActors (446)
[2018.03.04-09.11.29:808][164]LogModuleManager: Shutting down and abandoning module SizeMap (444)
[2018.03.04-09.11.29:808][164]LogModuleManager: Shutting down and abandoning module TreeMap (442)
[2018.03.04-09.11.29:808][164]LogModuleManager: Shutting down and abandoning module ReferenceViewer (440)
[2018.03.04-09.11.29:808][164]LogModuleManager: Shutting down and abandoning module LocalizationDashboard (438)
[2018.03.04-09.11.29:808][164]LogModuleManager: Shutting down and abandoning module LocalizationService (437)
[2018.03.04-09.11.29:808][164]LogModuleManager: Shutting down and abandoning module HardwareTargeting (434)
[2018.03.04-09.11.29:808][164]LogModuleManager: Shutting down and abandoning module DeviceProfileEditor (432)
[2018.03.04-09.11.29:808][164]LogModuleManager: Shutting down and abandoning module UndoHistory (430)
[2018.03.04-09.11.29:808][164]LogModuleManager: Shutting down and abandoning module XmlParser (428)
[2018.03.04-09.11.29:808][164]LogModuleManager: Shutting down and abandoning module Blutility (426)
[2018.03.04-09.11.29:808][164]LogModuleManager: Shutting down and abandoning module ProjectSettingsViewer (424)
[2018.03.04-09.11.29:808][164]LogModuleManager: Shutting down and abandoning module ProjectTargetPlatformEditor (423)
[2018.03.04-09.11.29:808][164]LogModuleManager: Shutting down and abandoning module EditorSettingsViewer (420)
[2018.03.04-09.11.29:809][164]LogModuleManager: Shutting down and abandoning module SettingsEditor (418)
[2018.03.04-09.11.29:809][164]LogModuleManager: Shutting down and abandoning module ProjectLauncher (416)
[2018.03.04-09.11.29:809][164]LogModuleManager: Shutting down and abandoning module SessionFrontend (414)
[2018.03.04-09.11.29:809][164]LogModuleManager: Shutting down and abandoning module ProfilerClient (412)
[2018.03.04-09.11.29:809][164]LogModuleManager: Shutting down and abandoning module DeviceManager (410)
[2018.03.04-09.11.29:809][164]LogModuleManager: Shutting down and abandoning module TargetDeviceServices (409)
[2018.03.04-09.11.29:874][164]LogModuleManager: Shutting down and abandoning module AutomationController (406)
[2018.03.04-09.11.29:874][164]LogModuleManager: Shutting down and abandoning module AutomationWindow (404)
[2018.03.04-09.11.29:874][164]LogModuleManager: Shutting down and abandoning module Layers (402)
[2018.03.04-09.11.29:874][164]LogModuleManager: Shutting down and abandoning module ComponentVisualizers (400)
[2018.03.04-09.11.29:874][164]LogModuleManager: Shutting down and abandoning module DetailCustomizations (398)
[2018.03.04-09.11.29:874][164]LogModuleManager: Shutting down and abandoning module PackagesDialog (396)
[2018.03.04-09.11.29:874][164]LogModuleManager: Shutting down and abandoning module Persona (394)
[2018.03.04-09.11.29:874][164]LogModuleManager: Shutting down and abandoning module AdvancedPreviewScene (393)
[2018.03.04-09.11.29:874][164]LogModuleManager: Shutting down and abandoning module AnimGraph (391)
[2018.03.04-09.11.29:874][164]LogModuleManager: Shutting down and abandoning module Kismet (388)
[2018.03.04-09.11.29:874][164]LogModuleManager: Shutting down and abandoning module ClassViewer (386)
[2018.03.04-09.11.29:874][164]LogModuleManager: Shutting down and abandoning module Toolbox (384)
[2018.03.04-09.11.29:874][164]LogModuleManager: Shutting down and abandoning module ModuleUI (382)
[2018.03.04-09.11.29:874][164]LogModuleManager: Shutting down and abandoning module MovieSceneTools (380)
[2018.03.04-09.11.29:874][164]LogModuleManager: Shutting down and abandoning module OutputLog (378)
[2018.03.04-09.11.29:874][164]LogModuleManager: Shutting down and abandoning module GammaUI (376)
[2018.03.04-09.11.29:874][164]LogModuleManager: Shutting down and abandoning module Documentation (374)
[2018.03.04-09.11.29:875][164]LogModuleManager: Shutting down and abandoning module MovieSceneTracks (372)
[2018.03.04-09.11.29:875][164]LogModuleManager: Shutting down and abandoning module MovieScene (370)
[2018.03.04-09.11.29:875][164]LogModuleManager: Shutting down and abandoning module StreamingPauseRendering (368)
[2018.03.04-09.11.29:875][164]LogModuleManager: Shutting down and abandoning module LauncherPlatform (366)
[2018.03.04-09.11.29:875][164]LogModuleManager: Shutting down and abandoning module AnalyticsET (364)
[2018.03.04-09.11.29:875][164]LogModuleManager: Shutting down and abandoning module PortalServices (362)
[2018.03.04-09.11.29:875][164]LogModuleManager: Shutting down and abandoning module PortalRpc (360)
[2018.03.04-09.11.29:875][164]LogModuleManager: Shutting down and abandoning module MessagingRpc (358)
[2018.03.04-09.11.29:875][164]LogModuleManager: Shutting down and abandoning module AIModule (356)
[2018.03.04-09.11.29:875][164]LogModuleManager: Shutting down and abandoning module GameplayDebugger (355)
[2018.03.04-09.11.29:875][164]LogModuleManager: Shutting down and abandoning module AITestSuite (353)
[2018.03.04-09.11.29:875][164]LogModuleManager: Shutting down and abandoning module ProfilerService (350)
[2018.03.04-09.11.29:905][164]LogModuleManager: Shutting down and abandoning module TaskGraph (348)
[2018.03.04-09.11.29:905][164]LogModuleManager: Shutting down and abandoning module SteamVRController (346)
[2018.03.04-09.11.29:905][164]LogModuleManager: Shutting down and abandoning module ProceduralMeshComponentEditor (344)
[2018.03.04-09.11.29:905][164]LogModuleManager: Shutting down and abandoning module ProceduralMeshComponent (342)
[2018.03.04-09.11.29:905][164]LogModuleManager: Shutting down and abandoning module OculusInput (340)
[2018.03.04-09.11.29:905][164]LogModuleManager: Shutting down and abandoning module MobilePatchingUtils (338)
[2018.03.04-09.11.29:905][164]LogModuleManager: Shutting down and abandoning module CustomMeshComponent (336)
[2018.03.04-09.11.29:905][164]LogModuleManager: Shutting down and abandoning module CableComponent (334)
[2018.03.04-09.11.29:905][164]LogModuleManager: Shutting down and abandoning module ArchVisCharacter (332)
[2018.03.04-09.11.29:905][164]LogModuleManager: Shutting down and abandoning module AndroidPermission (330)
[2018.03.04-09.11.29:905][164]LogModuleManager: Shutting down and abandoning module ActorSequence (326)
[2018.03.04-09.11.29:905][164]LogModuleManager: Shutting down and abandoning module MediaPlayerEditor (324)
[2018.03.04-09.11.29:905][164]LogModuleManager: Shutting down and abandoning module MediaCompositingEditor (322)
[2018.03.04-09.11.29:905][164]LogModuleManager: Shutting down and abandoning module MediaCompositing (320)
[2018.03.04-09.11.29:905][164]LogModuleManager: Shutting down and abandoning module HTML5Networking (318)
[2018.03.04-09.11.29:905][164]LogModuleManager: Shutting down and abandoning module AlembicImporter (316)
[2018.03.04-09.11.29:905][164]LogModuleManager: Shutting down and abandoning module AlembicLibrary (315)
[2018.03.04-09.11.29:905][164]LogModuleManager: Shutting down and abandoning module GeometryCache (314)
[2018.03.04-09.11.29:905][164]LogModuleManager: Shutting down and abandoning module GeometryCacheEd (313)
[2018.03.04-09.11.29:905][164]LogModuleManager: Shutting down and abandoning module SpeedTreeImporter (308)
[2018.03.04-09.11.29:905][164]LogModuleManager: Shutting down and abandoning module PluginBrowser (306)
[2018.03.04-09.11.29:906][164]LogModuleManager: Shutting down and abandoning module MobileLauncherProfileWizard (304)
[2018.03.04-09.11.29:906][164]LogModuleManager: Shutting down and abandoning module VisualStudioSourceCodeAccess (302)
[2018.03.04-09.11.29:906][164]LogModuleManager: Shutting down and abandoning module VisualStudioCodeSourceCodeAccess (300)
[2018.03.04-09.11.29:906][164]LogModuleManager: Shutting down and abandoning module UObjectPlugin (298)
[2018.03.04-09.11.29:906][164]LogModuleManager: Shutting down and abandoning module SubversionSourceControl (296)
[2018.03.04-09.11.29:906][164]LogModuleManager: Shutting down and abandoning module PerforceSourceControl (294)
[2018.03.04-09.11.29:906][164]LogModuleManager: Shutting down and abandoning module GitSourceControl (292)
[2018.03.04-09.11.29:906][164]LogModuleManager: Shutting down and abandoning module SourceControl (291)
[2018.03.04-09.11.29:906][164]LogModuleManager: Shutting down and abandoning module LightPropagationVolumeEditor (288)
[2018.03.04-09.11.29:906][164]LogModuleManager: Shutting down and abandoning module PaperTiledImporter (286)
[2018.03.04-09.11.29:906][164]LogModuleManager: Shutting down and abandoning module PaperSpriteSheetImporter (284)
[2018.03.04-09.11.29:906][164]LogModuleManager: Shutting down and abandoning module Paper2DEditor (282)
[2018.03.04-09.11.29:906][164]LogModuleManager: Shutting down and abandoning module MeshPaint (281)
[2018.03.04-09.11.29:906][164]LogModuleManager: Shutting down and abandoning module LevelEditor (279)
[2018.03.04-09.11.29:906][164]LogModuleManager: Shutting down and abandoning module PixelInspectorModule (278)
[2018.03.04-09.11.29:906][164]LogModuleManager: Shutting down and abandoning module MainFrame (276)
[2018.03.04-09.11.29:906][164]LogModuleManager: Shutting down and abandoning module HotReload (275)
[2018.03.04-09.11.29:906][164]LogDirectoryWatcher: A directory notification for 'C:/Users/New/Desktop/GPG220/GPG220PacmanEditor/Binaries/Win64' was aborted.
[2018.03.04-09.11.29:907][164]LogModuleManager: Shutting down and abandoning module GPG220_Project (270)
[2018.03.04-09.11.29:907][164]LogModuleManager: Shutting down and abandoning module RuntimePhysXCooking (268)
[2018.03.04-09.11.29:907][164]LogModuleManager: Shutting down and abandoning module PhysXVehiclesEditor (266)
[2018.03.04-09.11.29:907][164]LogModuleManager: Shutting down and abandoning module PhysXVehicles (264)
[2018.03.04-09.11.29:907][164]LogModuleManager: Shutting down and abandoning module OculusEditor (262)
[2018.03.04-09.11.29:907][164]LogModuleManager: Shutting down and abandoning module LocationServicesBPLibrary (260)
[2018.03.04-09.11.29:907][164]LogModuleManager: Shutting down and abandoning module ImmediatePhysicsEditor (258)
[2018.03.04-09.11.29:907][164]LogModuleManager: Shutting down and abandoning module ImmediatePhysics (256)
[2018.03.04-09.11.29:907][164]LogModuleManager: Shutting down and abandoning module UdpMessaging (254)
[2018.03.04-09.11.30:008][164]LogModuleManager: Shutting down and abandoning module TcpMessaging (252)
[2018.03.04-09.11.30:108][164]LogModuleManager: Shutting down and abandoning module GameplayTagsEditor (250)
[2018.03.04-09.11.30:108][164]LogModuleManager: Shutting down and abandoning module FacialAnimationEditor (248)
[2018.03.04-09.11.30:108][164]LogModuleManager: Shutting down and abandoning module FacialAnimation (246)
[2018.03.04-09.11.30:108][164]LogModuleManager: Shutting down and abandoning module AssetManagerEditor (244)
[2018.03.04-09.11.30:108][164]LogModuleManager: Shutting down and abandoning module GraphEditor (243)
[2018.03.04-09.11.30:108][164]LogModuleManager: Shutting down and abandoning module ContentBrowser (241)
[2018.03.04-09.11.30:108][164]LogModuleManager: Shutting down and abandoning module LightPropagationVolumeRuntime (238)
[2018.03.04-09.11.30:108][164]LogModuleManager: Shutting down and abandoning module Paper2D (236)
[2018.03.04-09.11.30:108][164]LogModuleManager: Shutting down and abandoning module WindowsMoviePlayer (234)
[2018.03.04-09.11.30:108][164]LogModuleManager: Shutting down and abandoning module WmfMedia (232)
[2018.03.04-09.11.30:110][164]LogModuleManager: Shutting down and abandoning module ImgMedia (230)
[2018.03.04-09.11.30:110][164]LogModuleManager: Shutting down and abandoning module PacketHandler (228)
[2018.03.04-09.11.30:110][164]LogModuleManager: Shutting down and abandoning module ClothingSystemEditor (226)
[2018.03.04-09.11.30:110][164]LogModuleManager: Shutting down and abandoning module ClothingSystemRuntime (224)
[2018.03.04-09.11.30:110][164]LogModuleManager: Shutting down and abandoning module MediaAssets (222)
[2018.03.04-09.11.30:110][164]LogModuleManager: Shutting down and abandoning module Media (221)
[2018.03.04-09.11.30:116][164]LogModuleManager: Shutting down and abandoning module Overlay (218)
[2018.03.04-09.11.30:116][164]LogModuleManager: Shutting down and abandoning module OverlayEditor (217)
[2018.03.04-09.11.30:116][164]LogModuleManager: Shutting down and abandoning module VREditor (214)
[2018.03.04-09.11.30:116][164]LogModuleManager: Shutting down and abandoning module StringTableEditor (212)
[2018.03.04-09.11.30:116][164]LogModuleManager: Shutting down and abandoning module GameplayTasksEditor (210)
[2018.03.04-09.11.30:116][164]LogModuleManager: Shutting down and abandoning module BehaviorTreeEditor (208)
[2018.03.04-09.11.30:116][164]LogModuleManager: Shutting down and abandoning module FunctionalTesting (206)
[2018.03.04-09.11.30:116][164]LogModuleManager: Shutting down and abandoning module CollisionAnalyzer (204)
[2018.03.04-09.11.30:116][164]LogModuleManager: Shutting down and abandoning module WorkspaceMenuStructure (203)
[2018.03.04-09.11.30:116][164]LogModuleManager: Shutting down and abandoning module UMG (200)
[2018.03.04-09.11.30:116][164]LogModuleManager: Shutting down and abandoning module UMGEditor (199)
[2018.03.04-09.11.30:117][164]LogModuleManager: Shutting down and abandoning module Sequencer (198)
[2018.03.04-09.11.30:117][164]LogModuleManager: Shutting down and abandoning module MessageLog (195)
[2018.03.04-09.11.30:117][164]LogModuleManager: Shutting down and abandoning module SlateReflector (190)
[2018.03.04-09.11.30:117][164]LogModuleManager: Shutting down and abandoning module Slate (188)
[2018.03.04-09.11.30:117][164]LogModuleManager: Shutting down and abandoning module EditorStyle (186)
[2018.03.04-09.11.30:118][164]LogModuleManager: Shutting down and abandoning module MRMesh (184)
[2018.03.04-09.11.30:118][164]LogModuleManager: Shutting down and abandoning module SourceCodeAccess (182)
[2018.03.04-09.11.30:118][164]LogModuleManager: Shutting down and abandoning module HeadMountedDisplay (180)
[2018.03.04-09.11.30:118][164]LogModuleManager: Shutting down and abandoning module XAudio2 (178)
[2018.03.04-09.11.30:118][164]LogModuleManager: Shutting down and abandoning module Networking (176)
[2018.03.04-09.11.30:118][164]LogModuleManager: Shutting down and abandoning module Core (172)
[2018.03.04-09.11.30:118][164]LogModuleManager: Shutting down and abandoning module LevelSequence (168)
[2018.03.04-09.11.30:118][164]LogModuleManager: Shutting down and abandoning module DirectoryWatcher (166)
[2018.03.04-09.11.30:119][164]LogModuleManager: Shutting down and abandoning module KismetCompiler (164)
[2018.03.04-09.11.30:119][164]LogModuleManager: Shutting down and abandoning module MeshUtilities (162)
[2018.03.04-09.11.30:119][164]LogModuleManager: Shutting down and abandoning module MeshMergeUtilities (161)
[2018.03.04-09.11.30:119][164]LogModuleManager: Shutting down and abandoning module MeshReductionInterface (160)
[2018.03.04-09.11.30:119][164]LogModuleManager: Shutting down and abandoning module SimplygonSwarm (159)
[2018.03.04-09.11.30:119][164]LogModuleManager: Shutting down and abandoning module SimplygonMeshReduction (157)
[2018.03.04-09.11.30:119][164]LogModuleManager: Shutting down and abandoning module QuadricMeshReduction (155)
[2018.03.04-09.11.30:119][164]LogModuleManager: Shutting down and abandoning module MaterialBaking (151)
[2018.03.04-09.11.30:119][164]LogModuleManager: Shutting down and abandoning module DerivedDataCache (148)
[2018.03.04-09.11.30:167][164]LogDerivedDataCache: Shutdown
[2018.03.04-09.11.30:167][164]LogModuleManager: Shutting down and abandoning module TargetPlatform (146)
[2018.03.04-09.11.30:167][164]LogModuleManager: Shutting down and abandoning module VulkanShaderFormat (145)
[2018.03.04-09.11.30:167][164]LogModuleManager: Shutting down and abandoning module ShaderFormatVectorVM (143)
[2018.03.04-09.11.30:167][164]LogModuleManager: Shutting down and abandoning module ShaderFormatOpenGL (141)
[2018.03.04-09.11.30:167][164]LogModuleManager: Shutting down and abandoning module ShaderFormatD3D (139)
[2018.03.04-09.11.30:167][164]LogModuleManager: Shutting down and abandoning module MetalShaderFormat (137)
[2018.03.04-09.11.30:167][164]LogModuleManager: Shutting down and abandoning module TextureFormatUncompressed (135)
[2018.03.04-09.11.30:167][164]LogModuleManager: Shutting down and abandoning module TextureFormatPVR (133)
[2018.03.04-09.11.30:167][164]LogModuleManager: Shutting down and abandoning module TextureFormatDXT (131)
[2018.03.04-09.11.30:167][164]LogModuleManager: Shutting down and abandoning module TextureFormatIntelISPCTexComp (129)
[2018.03.04-09.11.30:167][164]LogModuleManager: Shutting down and abandoning module TextureFormatASTC (127)
[2018.03.04-09.11.30:167][164]LogModuleManager: Shutting down and abandoning module ImageWrapper (126)
[2018.03.04-09.11.30:167][164]LogModuleManager: Shutting down and abandoning module TextureFormatAndroid (123)
[2018.03.04-09.11.30:167][164]LogModuleManager: Shutting down and abandoning module AudioFormatOpus (121)
[2018.03.04-09.11.30:167][164]LogModuleManager: Shutting down and abandoning module AudioFormatOgg (119)
[2018.03.04-09.11.30:167][164]LogModuleManager: Shutting down and abandoning module AudioFormatADPCM (117)
[2018.03.04-09.11.30:167][164]LogModuleManager: Shutting down and abandoning module LinuxTargetPlatform (115)
[2018.03.04-09.11.30:167][164]LogModuleManager: Shutting down and abandoning module LinuxServerTargetPlatform (113)
[2018.03.04-09.11.30:167][164]LogModuleManager: Shutting down and abandoning module LinuxNoEditorTargetPlatform (111)
[2018.03.04-09.11.30:167][164]LogModuleManager: Shutting down and abandoning module LinuxClientTargetPlatform (109)
[2018.03.04-09.11.30:167][164]LogModuleManager: Shutting down and abandoning module TVOSTargetPlatform (107)
[2018.03.04-09.11.30:167][164]LogModuleManager: Shutting down and abandoning module Messaging (105)
[2018.03.04-09.11.30:167][164]LogModuleManager: Shutting down and abandoning module IOSTargetPlatform (103)
[2018.03.04-09.11.30:167][164]LogModuleManager: Shutting down and abandoning module HTML5TargetPlatform (101)
[2018.03.04-09.11.30:167][164]LogModuleManager: Shutting down and abandoning module AndroidTargetPlatform (99)
[2018.03.04-09.11.30:167][164]LogModuleManager: Shutting down and abandoning module Android_PVRTCTargetPlatform (97)
[2018.03.04-09.11.30:167][164]LogModuleManager: Shutting down and abandoning module Android_MultiTargetPlatform (95)
[2018.03.04-09.11.30:167][164]LogModuleManager: Shutting down and abandoning module Android_ETC2TargetPlatform (93)
[2018.03.04-09.11.30:167][164]LogModuleManager: Shutting down and abandoning module Android_ETC1TargetPlatform (91)
[2018.03.04-09.11.30:168][164]LogModuleManager: Shutting down and abandoning module Android_DXTTargetPlatform (89)
[2018.03.04-09.11.30:168][164]LogModuleManager: Shutting down and abandoning module Android_ATCTargetPlatform (87)
[2018.03.04-09.11.30:168][164]LogModuleManager: Shutting down and abandoning module Android_ASTCTargetPlatform (85)
[2018.03.04-09.11.30:168][164]LogModuleManager: Shutting down and abandoning module WindowsTargetPlatform (83)
[2018.03.04-09.11.30:168][164]LogModuleManager: Shutting down and abandoning module WindowsServerTargetPlatform (81)
[2018.03.04-09.11.30:168][164]LogModuleManager: Shutting down and abandoning module WindowsNoEditorTargetPlatform (79)
[2018.03.04-09.11.30:168][164]LogModuleManager: Shutting down and abandoning module WindowsClientTargetPlatform (77)
[2018.03.04-09.11.30:168][164]LogModuleManager: Shutting down and abandoning module MacTargetPlatform (75)
[2018.03.04-09.11.30:168][164]LogModuleManager: Shutting down and abandoning module MacServerTargetPlatform (73)
[2018.03.04-09.11.30:168][164]LogModuleManager: Shutting down and abandoning module MacNoEditorTargetPlatform (71)
[2018.03.04-09.11.30:168][164]LogModuleManager: Shutting down and abandoning module MacClientTargetPlatform (69)
[2018.03.04-09.11.30:168][164]LogModuleManager: Shutting down and abandoning module AllDesktopTargetPlatform (67)
[2018.03.04-09.11.30:168][164]LogModuleManager: Shutting down and abandoning module InputCore (64)
[2018.03.04-09.11.30:168][164]LogModuleManager: Shutting down and abandoning module Settings (62)
[2018.03.04-09.11.30:168][164]LogModuleManager: Shutting down and abandoning module PhysXCooking (60)
[2018.03.04-09.11.30:168][164]LogModuleManager: Shutting down and abandoning module SteamVR (58)
[2018.03.04-09.11.30:168][164]LogModuleManager: Shutting down and abandoning module OculusHMD (56)
[2018.03.04-09.11.30:168][164]LogModuleManager: Shutting down and abandoning module ExampleDeviceProfileSelector (54)
[2018.03.04-09.11.30:168][164]LogModuleManager: Shutting down and abandoning module AppleARKit (52)
[2018.03.04-09.11.30:168][164]LogModuleManager: Shutting down and abandoning module AugmentedReality (51)
[2018.03.04-09.11.30:168][164]LogModuleManager: Shutting down and abandoning module OnlineBlueprintSupport (48)
[2018.03.04-09.11.30:168][164]LogModuleManager: Shutting down and abandoning module OnlineSubsystem (44)
[2018.03.04-09.11.30:168][164]LogModuleManager: Shutting down and abandoning module XMPP (43)
[2018.03.04-09.11.30:168][164]LogModuleManager: Shutting down and abandoning module HTTP (41)
[2018.03.04-09.11.30:168][164]LogHttp: Display: Http module shutting down, but needs to wait on 1 outstanding Http requests:
[2018.03.04-09.11.30:168][164]LogHttp: Display: 	verb=[POST] url=[https://datarouter.ol.epicgames.com/datarouter/api/v1/public/data?SessionID=%7BFD909653-429C-16F2-13FB-7193D48E26D3%7D&AppID=UEEditor.Rocket.Release&AppVersion=4.18.3-3832480%2B%2B%2BUE4%2BRelease-4.18&UserID=b81f89fa4747ecbb6b19b29bc7b6551e%7C72c1e85ee6ef4244880bff6e0cf00224%7Ccabe7367-b177-42a6-99c8-9ea1a6cff02f&AppEnvironment=datacollector-binary&UploadType=eteventstream] status=Processing
[2018.03.04-09.11.30:189][164]LogModuleManager: Shutting down and abandoning module SSL (40)
[2018.03.04-09.11.30:190][164]LogModuleManager: Shutting down and abandoning module AnimationModifiers (36)
[2018.03.04-09.11.30:190][164]LogModuleManager: Shutting down and abandoning module PropertyEditor (35)
[2018.03.04-09.11.30:190][164]LogModuleManager: Shutting down and abandoning module AudioEditor (32)
[2018.03.04-09.11.30:190][164]LogModuleManager: Shutting down and abandoning module TextureCompressor (30)
[2018.03.04-09.11.30:191][164]LogModuleManager: Shutting down and abandoning module ShaderCore (28)
[2018.03.04-09.11.30:191][164]LogModuleManager: Shutting down and abandoning module Landscape (26)
[2018.03.04-09.11.30:191][164]LogModuleManager: Shutting down and abandoning module SlateRHIRenderer (24)
[2018.03.04-09.11.30:191][164]LogModuleManager: Shutting down and abandoning module OpenGLDrv (22)
[2018.03.04-09.11.30:191][164]LogModuleManager: Shutting down and abandoning module D3D11RHI (20)
[2018.03.04-09.11.30:191][164]LogModuleManager: Shutting down and abandoning module AnimGraphRuntime (18)
[2018.03.04-09.11.30:191][164]LogModuleManager: Shutting down and abandoning module Renderer (16)
[2018.03.04-09.11.30:191][164]LogModuleManager: Shutting down and abandoning module Engine (14)
[2018.03.04-09.11.30:191][164]LogModuleManager: Shutting down and abandoning module CoreUObject (12)
[2018.03.04-09.11.30:191][164]LogModuleManager: Shutting down and abandoning module NetworkFile (10)
[2018.03.04-09.11.30:191][164]LogModuleManager: Shutting down and abandoning module CookedIterativeFile (8)
[2018.03.04-09.11.30:191][164]LogModuleManager: Shutting down and abandoning module StreamingFile (6)
[2018.03.04-09.11.30:191][164]LogModuleManager: Shutting down and abandoning module SandboxFile (4)
[2018.03.04-09.11.30:191][164]LogModuleManager: Shutting down and abandoning module PakFile (2)
[2018.03.04-09.11.30:193][164]LogExit: Exiting.
[2018.03.04-09.11.30:203][164]Log file closed, 03/04/18 20:11:30
