Log file open, 03/05/18 11:09:06
LogWindows: Failed to load 'aqProf.dll' (GetLastError=126)
LogWindows: File 'aqProf.dll' does not exist
LogWindows: Failed to load 'VtuneApi.dll' (GetLastError=126)
LogWindows: File 'VtuneApi.dll' does not exist
LogWindows: Failed to load 'VtuneApi32e.dll' (GetLastError=126)
LogWindows: File 'VtuneApi32e.dll' does not exist
LogInit: Display: Running engine for game: GPG220_Project
LogPlatformFile: Not using cached read wrapper
LogInit: Display: RandInit(-574470212) SRandInit(-574470212).
LogInit: Read version file with build ID '3709383'
LogInit: Overriding engine version to CL 3832480, compatible CL 3709383
LogInit: Registered custom module enumerator with build ID '3709383'
LogTaskGraph: Started task graph with 5 named threads and 14 total threads with 3 sets of task threads.
LogStats: Stats thread started at 0.194701
LogD3D11RHI: Aftermath initialized
LogPluginManager: Mounting plugin Paper2D
LogPluginManager: Mounting plugin LightPropagationVolume
LogPluginManager: Mounting plugin CodeLiteSourceCodeAccess
LogPluginManager: Mounting plugin GitSourceControl
LogPluginManager: Mounting plugin KDevelopSourceCodeAccess
LogPluginManager: Mounting plugin NullSourceCodeAccess
LogPluginManager: Mounting plugin PerforceSourceControl
LogPluginManager: Mounting plugin SubversionSourceControl
LogPluginManager: Mounting plugin UObjectPlugin
LogPluginManager: Mounting plugin VisualStudioCodeSourceCodeAccess
LogPluginManager: Mounting plugin VisualStudioSourceCodeAccess
LogPluginManager: Mounting plugin XCodeSourceCodeAccess
LogPluginManager: Mounting plugin AssetManagerEditor
LogPluginManager: Mounting plugin AudioCapture
LogPluginManager: Mounting plugin FacialAnimation
LogPluginManager: Mounting plugin GameplayTagsEditor
LogPluginManager: Mounting plugin MobileLauncherProfileWizard
LogPluginManager: Mounting plugin PluginBrowser
LogPluginManager: Mounting plugin SpeedTreeImporter
LogPluginManager: Mounting plugin AlembicImporter
LogPluginManager: Mounting plugin CharacterAI
LogPluginManager: Mounting plugin HTML5Networking
LogPluginManager: Mounting plugin AndroidMedia
LogPluginManager: Mounting plugin AvfMedia
LogPluginManager: Mounting plugin ImgMedia
LogPluginManager: Mounting plugin MediaCompositing
LogPluginManager: Mounting plugin MediaPlayerEditor
LogPluginManager: Mounting plugin WmfMedia
LogPluginManager: Mounting plugin TcpMessaging
LogPluginManager: Mounting plugin UdpMessaging
LogPluginManager: Mounting plugin ActorSequence
LogPluginManager: Mounting plugin LevelSequenceEditor
LogPluginManager: Mounting plugin MatineeToLevelSequence
LogPluginManager: Mounting plugin OnlineSubsystemGooglePlay
LogPluginManager: Mounting plugin OnlineSubsystemIOS
LogPluginManager: Mounting plugin OnlineSubsystem
LogPluginManager: Mounting plugin OnlineSubsystemNull
LogPluginManager: Mounting plugin OnlineSubsystemUtils
LogPluginManager: Mounting plugin AndroidDeviceProfileSelector
LogPluginManager: Mounting plugin AndroidMoviePlayer
LogPluginManager: Mounting plugin AndroidPermission
LogPluginManager: Mounting plugin AppleARKit
LogPluginManager: Mounting plugin AppleMoviePlayer
LogPluginManager: Mounting plugin ArchVisCharacter
LogPluginManager: Mounting plugin CableComponent
LogPluginManager: Mounting plugin CustomMeshComponent
LogPluginManager: Mounting plugin ExampleDeviceProfileSelector
LogPluginManager: Mounting plugin GoogleCloudMessaging
LogPluginManager: Mounting plugin ImmediatePhysics
LogPluginManager: Mounting plugin IOSDeviceProfileSelector
LogPluginManager: Mounting plugin LinuxDeviceProfileSelector
LogPluginManager: Mounting plugin LocationServicesBPLibrary
LogPluginManager: Mounting plugin MobilePatchingUtils
LogPluginManager: Mounting plugin OculusVR
LogPluginManager: Plugin shader directory ../../../Engine/Plugins/Runtime/Oculus/OculusVR/Shaders found
LogPluginManager: Mapping shader source directory ../../../Engine/Plugins/Runtime/Oculus/OculusVR/Shaders to virtual directory /Plugin/OculusVR
LogPluginManager: Mounting plugin PhysXVehicles
LogPluginManager: Mounting plugin ProceduralMeshComponent
LogPluginManager: Mounting plugin RuntimePhysXCooking
LogPluginManager: Mounting plugin SteamVR
LogPluginManager: Mounting plugin WindowsMoviePlayer
LogModuleManager: Display: Found up-to-date module file ../../../../../../Users/tkumazawa/Desktop/GPG220PacmanEditor/Binaries/Win64/UE4Editor-GPG220_Project.dll (API version 3709383).
LogModuleManager: Display: Found up-to-date module file ../../../Engine/Plugins/2D/Paper2D/Binaries/Win64/UE4Editor-Paper2D.dll (API version 3709383).
LogModuleManager: Display: Found up-to-date module file ../../../Engine/Plugins/2D/Paper2D/Binaries/Win64/UE4Editor-Paper2DEditor.dll (API version 3709383).
LogModuleManager: Display: Found up-to-date module file ../../../Engine/Plugins/2D/Paper2D/Binaries/Win64/UE4Editor-PaperSpriteSheetImporter.dll (API version 3709383).
LogModuleManager: Display: Found up-to-date module file ../../../Engine/Plugins/2D/Paper2D/Binaries/Win64/UE4Editor-PaperTiledImporter.dll (API version 3709383).
LogModuleManager: Display: Found up-to-date module file ../../../Engine/Plugins/2D/Paper2D/Binaries/Win64/UE4Editor-SmartSnapping.dll (API version 3709383).
LogModuleManager: Display: Found up-to-date module file ../../../Engine/Plugins/Blendables/LightPropagationVolume/Binaries/Win64/UE4Editor-LightPropagationVolumeRuntime.dll (API version 3709383).
LogModuleManager: Display: Found up-to-date module file ../../../Engine/Plugins/Blendables/LightPropagationVolume/Binaries/Win64/UE4Editor-LightPropagationVolumeEditor.dll (API version 3709383).
LogModuleManager: Display: Found up-to-date module file ../../../Engine/Plugins/Developer/GitSourceControl/Binaries/Win64/UE4Editor-GitSourceControl.dll (API version 3709383).
LogModuleManager: Display: Found up-to-date module file ../../../Engine/Plugins/Developer/PerforceSourceControl/Binaries/Win64/UE4Editor-PerforceSourceControl.dll (API version 3709383).
LogModuleManager: Display: Found up-to-date module file ../../../Engine/Plugins/Developer/SubversionSourceControl/Binaries/Win64/UE4Editor-SubversionSourceControl.dll (API version 3709383).
LogModuleManager: Display: Found up-to-date module file ../../../Engine/Plugins/Developer/UObjectPlugin/Binaries/Win64/UE4Editor-UObjectPlugin.dll (API version 3709383).
LogModuleManager: Display: Found up-to-date module file ../../../Engine/Plugins/Developer/VisualStudioCodeSourceCodeAccess/Binaries/Win64/UE4Editor-VisualStudioCodeSourceCodeAccess.dll (API version 3709383).
LogModuleManager: Display: Found up-to-date module file ../../../Engine/Plugins/Developer/VisualStudioSourceCodeAccess/Binaries/Win64/UE4Editor-VisualStudioSourceCodeAccess.dll (API version 3709383).
LogModuleManager: Display: Found up-to-date module file ../../../Engine/Plugins/Editor/AssetManagerEditor/Binaries/Win64/UE4Editor-AssetManagerEditor.dll (API version 3709383).
LogModuleManager: Display: Found up-to-date module file ../../../Engine/Plugins/Editor/AudioCapture/Binaries/Win64/UE4Editor-AudioCapture.dll (API version 3709383).
LogModuleManager: Display: Found up-to-date module file ../../../Engine/Plugins/Editor/FacialAnimation/Binaries/Win64/UE4Editor-FacialAnimation.dll (API version 3709383).
LogModuleManager: Display: Found up-to-date module file ../../../Engine/Plugins/Editor/FacialAnimation/Binaries/Win64/UE4Editor-FacialAnimationEditor.dll (API version 3709383).
LogModuleManager: Display: Found up-to-date module file ../../../Engine/Plugins/Editor/GameplayTagsEditor/Binaries/Win64/UE4Editor-GameplayTagsEditor.dll (API version 3709383).
LogModuleManager: Display: Found up-to-date module file ../../../Engine/Plugins/Editor/MobileLauncherProfileWizard/Binaries/Win64/UE4Editor-MobileLauncherProfileWizard.dll (API version 3709383).
LogModuleManager: Display: Found up-to-date module file ../../../Engine/Plugins/Editor/PluginBrowser/Binaries/Win64/UE4Editor-PluginBrowser.dll (API version 3709383).
LogModuleManager: Display: Found up-to-date module file ../../../Engine/Plugins/Editor/SpeedTreeImporter/Binaries/Win64/UE4Editor-SpeedTreeImporter.dll (API version 3709383).
LogModuleManager: Display: Found up-to-date module file ../../../Engine/Plugins/Experimental/AlembicImporter/Binaries/Win64/UE4Editor-AlembicImporter.dll (API version 3709383).
LogModuleManager: Display: Found up-to-date module file ../../../Engine/Plugins/Experimental/AlembicImporter/Binaries/Win64/UE4Editor-AlembicLibrary.dll (API version 3709383).
LogModuleManager: Display: Found up-to-date module file ../../../Engine/Plugins/Experimental/CharacterAI/Binaries/Win64/UE4Editor-CharacterAI.dll (API version 3709383).
LogModuleManager: Display: Found up-to-date module file ../../../Engine/Plugins/Experimental/HTML5Networking/Binaries/Win64/UE4Editor-HTML5Networking.dll (API version 3709383).
LogModuleManager: Display: Found up-to-date module file ../../../Engine/Plugins/Media/AndroidMedia/Binaries/Win64/UE4Editor-AndroidMediaEditor.dll (API version 3709383).
LogModuleManager: Display: Found up-to-date module file ../../../Engine/Plugins/Media/AndroidMedia/Binaries/Win64/UE4Editor-AndroidMediaFactory.dll (API version 3709383).
LogModuleManager: Display: Found up-to-date module file ../../../Engine/Plugins/Media/AvfMedia/Binaries/Win64/UE4Editor-AvfMediaEditor.dll (API version 3709383).
LogModuleManager: Display: Found up-to-date module file ../../../Engine/Plugins/Media/AvfMedia/Binaries/Win64/UE4Editor-AvfMediaFactory.dll (API version 3709383).
LogModuleManager: Display: Found up-to-date module file ../../../Engine/Plugins/Media/AvfMedia/Binaries/Win64/UE4Editor-AvfMediaFactory.dll (API version 3709383).
LogModuleManager: Display: Found up-to-date module file ../../../Engine/Plugins/Media/ImgMedia/Binaries/Win64/UE4Editor-ImgMedia.dll (API version 3709383).
LogModuleManager: Display: Found up-to-date module file ../../../Engine/Plugins/Media/ImgMedia/Binaries/Win64/UE4Editor-ImgMediaEditor.dll (API version 3709383).
LogModuleManager: Display: Found up-to-date module file ../../../Engine/Plugins/Media/ImgMedia/Binaries/Win64/UE4Editor-ImgMediaFactory.dll (API version 3709383).
LogModuleManager: Display: Found up-to-date module file ../../../Engine/Plugins/Media/ImgMedia/Binaries/Win64/UE4Editor-ImgMediaFactory.dll (API version 3709383).
LogModuleManager: Display: Found up-to-date module file ../../../Engine/Plugins/Media/ImgMedia/Binaries/Win64/UE4Editor-OpenExrWrapper.dll (API version 3709383).
LogModuleManager: Display: Found up-to-date module file ../../../Engine/Plugins/Media/MediaCompositing/Binaries/Win64/UE4Editor-MediaCompositing.dll (API version 3709383).
LogModuleManager: Display: Found up-to-date module file ../../../Engine/Plugins/Media/MediaCompositing/Binaries/Win64/UE4Editor-MediaCompositingEditor.dll (API version 3709383).
LogModuleManager: Display: Found up-to-date module file ../../../Engine/Plugins/Media/MediaPlayerEditor/Binaries/Win64/UE4Editor-MediaPlayerEditor.dll (API version 3709383).
LogModuleManager: Display: Found up-to-date module file ../../../Engine/Plugins/Media/WmfMedia/Binaries/Win64/UE4Editor-WmfMedia.dll (API version 3709383).
LogModuleManager: Display: Found up-to-date module file ../../../Engine/Plugins/Media/WmfMedia/Binaries/Win64/UE4Editor-WmfMediaEditor.dll (API version 3709383).
LogModuleManager: Display: Found up-to-date module file ../../../Engine/Plugins/Media/WmfMedia/Binaries/Win64/UE4Editor-WmfMediaFactory.dll (API version 3709383).
LogModuleManager: Display: Found up-to-date module file ../../../Engine/Plugins/Media/WmfMedia/Binaries/Win64/UE4Editor-WmfMediaFactory.dll (API version 3709383).
LogModuleManager: Display: Found up-to-date module file ../../../Engine/Plugins/Messaging/TcpMessaging/Binaries/Win64/UE4Editor-TcpMessaging.dll (API version 3709383).
LogModuleManager: Display: Found up-to-date module file ../../../Engine/Plugins/Messaging/UdpMessaging/Binaries/Win64/UE4Editor-UdpMessaging.dll (API version 3709383).
LogModuleManager: Display: Found up-to-date module file ../../../Engine/Plugins/MovieScene/ActorSequence/Binaries/Win64/UE4Editor-ActorSequence.dll (API version 3709383).
LogModuleManager: Display: Found up-to-date module file ../../../Engine/Plugins/MovieScene/LevelSequenceEditor/Binaries/Win64/UE4Editor-LevelSequenceEditor.dll (API version 3709383).
LogModuleManager: Display: Found up-to-date module file ../../../Engine/Plugins/MovieScene/MatineeToLevelSequence/Binaries/Win64/UE4Editor-MatineeToLevelSequence.dll (API version 3709383).
LogModuleManager: Display: Found up-to-date module file ../../../Engine/Plugins/Online/OnlineSubsystem/Binaries/Win64/UE4Editor-OnlineSubsystem.dll (API version 3709383).
LogModuleManager: Display: Found up-to-date module file ../../../Engine/Plugins/Online/OnlineSubsystemNull/Binaries/Win64/UE4Editor-OnlineSubsystemNull.dll (API version 3709383).
LogModuleManager: Display: Found up-to-date module file ../../../Engine/Plugins/Online/OnlineSubsystemUtils/Binaries/Win64/UE4Editor-OnlineSubsystemUtils.dll (API version 3709383).
LogModuleManager: Display: Found up-to-date module file ../../../Engine/Plugins/Online/OnlineSubsystemUtils/Binaries/Win64/UE4Editor-OnlineBlueprintSupport.dll (API version 3709383).
LogModuleManager: Display: Found up-to-date module file ../../../Engine/Plugins/Runtime/AndroidDeviceProfileSelector/Binaries/Win64/UE4Editor-AndroidDeviceProfileSelector.dll (API version 3709383).
LogModuleManager: Display: Found up-to-date module file ../../../Engine/Plugins/Runtime/AndroidPermission/Binaries/Win64/UE4Editor-AndroidPermission.dll (API version 3709383).
LogModuleManager: Display: Found up-to-date module file ../../../Engine/Plugins/Runtime/AppleARKit/Binaries/Win64/UE4Editor-AppleARKit.dll (API version 3709383).
LogModuleManager: Display: Found up-to-date module file ../../../Engine/Plugins/Runtime/ArchVisCharacter/Binaries/Win64/UE4Editor-ArchVisCharacter.dll (API version 3709383).
LogModuleManager: Display: Found up-to-date module file ../../../Engine/Plugins/Runtime/CableComponent/Binaries/Win64/UE4Editor-CableComponent.dll (API version 3709383).
LogModuleManager: Display: Found up-to-date module file ../../../Engine/Plugins/Runtime/CustomMeshComponent/Binaries/Win64/UE4Editor-CustomMeshComponent.dll (API version 3709383).
LogModuleManager: Display: Found up-to-date module file ../../../Engine/Plugins/Runtime/ExampleDeviceProfileSelector/Binaries/Win64/UE4Editor-ExampleDeviceProfileSelector.dll (API version 3709383).
LogModuleManager: Display: Found up-to-date module file ../../../Engine/Plugins/Runtime/ImmediatePhysics/Binaries/Win64/UE4Editor-ImmediatePhysics.dll (API version 3709383).
LogModuleManager: Display: Found up-to-date module file ../../../Engine/Plugins/Runtime/ImmediatePhysics/Binaries/Win64/UE4Editor-ImmediatePhysicsEditor.dll (API version 3709383).
LogModuleManager: Display: Found up-to-date module file ../../../Engine/Plugins/Runtime/LocationServicesBPLibrary/Binaries/Win64/UE4Editor-LocationServicesBPLibrary.dll (API version 3709383).
LogModuleManager: Display: Found up-to-date module file ../../../Engine/Plugins/Runtime/MobilePatchingUtils/Binaries/Win64/UE4Editor-MobilePatchingUtils.dll (API version 3709383).
LogModuleManager: Display: Found up-to-date module file ../../../Engine/Plugins/Runtime/Oculus/OculusVR/Binaries/Win64/UE4Editor-OculusHMD.dll (API version 3709383).
LogModuleManager: Display: Found up-to-date module file ../../../Engine/Plugins/Runtime/Oculus/OculusVR/Binaries/Win64/UE4Editor-OculusInput.dll (API version 3709383).
LogModuleManager: Display: Found up-to-date module file ../../../Engine/Plugins/Runtime/Oculus/OculusVR/Binaries/Win64/UE4Editor-OculusEditor.dll (API version 3709383).
LogModuleManager: Display: Found up-to-date module file ../../../Engine/Plugins/Runtime/PhysXVehicles/Binaries/Win64/UE4Editor-PhysXVehicles.dll (API version 3709383).
LogModuleManager: Display: Found up-to-date module file ../../../Engine/Plugins/Runtime/PhysXVehicles/Binaries/Win64/UE4Editor-PhysXVehiclesEditor.dll (API version 3709383).
LogModuleManager: Display: Found up-to-date module file ../../../Engine/Plugins/Runtime/ProceduralMeshComponent/Binaries/Win64/UE4Editor-ProceduralMeshComponent.dll (API version 3709383).
LogModuleManager: Display: Found up-to-date module file ../../../Engine/Plugins/Runtime/ProceduralMeshComponent/Binaries/Win64/UE4Editor-ProceduralMeshComponentEditor.dll (API version 3709383).
LogModuleManager: Display: Found up-to-date module file ../../../Engine/Plugins/Runtime/RuntimePhysXCooking/Binaries/Win64/UE4Editor-RuntimePhysXCooking.dll (API version 3709383).
LogModuleManager: Display: Found up-to-date module file ../../../Engine/Plugins/Runtime/Steam/SteamVR/Binaries/Win64/UE4Editor-SteamVR.dll (API version 3709383).
LogModuleManager: Display: Found up-to-date module file ../../../Engine/Plugins/Runtime/Steam/SteamVR/Binaries/Win64/UE4Editor-SteamVRController.dll (API version 3709383).
LogModuleManager: Display: Found up-to-date module file ../../../Engine/Plugins/Runtime/WindowsMoviePlayer/Binaries/Win64/UE4Editor-WindowsMoviePlayer.dll (API version 3709383).
LogInit: Using libcurl 7.47.1
LogInit:  - built for x86_64-pc-win32
LogInit:  - supports SSL with OpenSSL/1.0.2g
LogInit:  - supports HTTP deflate (compression) using libz 1.2.8
LogInit:  - other features:
LogInit:      CURL_VERSION_SSL
LogInit:      CURL_VERSION_LIBZ
LogInit:      CURL_VERSION_IPV6
LogInit:      CURL_VERSION_ASYNCHDNS
LogInit:      CURL_VERSION_LARGEFILE
LogInit:      CURL_VERSION_IDN
LogInit:  CurlRequestOptions (configurable via config and command line):
LogInit:  - bVerifyPeer = false  - Libcurl will NOT verify peer certificate
LogInit:  - bUseHttpProxy = false  - Libcurl will NOT use HTTP proxy
LogInit:  - bDontReuseConnections = false  - Libcurl will reuse connections
LogInit:  - CertBundlePath = nullptr  - Libcurl will use whatever was configured at build time.
LogHMD: Failed initializing OVRPlugin 1.19.0
LogInit: Build: ++UE4+Release-4.18-CL-3832480
LogInit: Engine Version: 4.18.3-3832480+++UE4+Release-4.18
LogInit: Compatible Engine Version: 4.18.0-3709383+++UE4+Release-4.18
LogInit: Net CL: 3709383
LogDevObjectVersion: Number of dev versions registered: 16
LogDevObjectVersion:   Dev-Blueprints (B0D832E4-1F89-4F0D-ACCF-7EB736FD4AA2): 10
LogDevObjectVersion:   Dev-Build (E1C64328-A22C-4D53-A36C-8E866417BD8C): 0
LogDevObjectVersion:   Dev-Core (375EC13C-06E4-48FB-B500-84F0262A717E): 2
LogDevObjectVersion:   Dev-Editor (E4B068ED-F494-42E9-A231-DA0B2E46BB41): 20
LogDevObjectVersion:   Dev-Framework (CFFC743F-43B0-4480-9391-14DF171D2073): 30
LogDevObjectVersion:   Dev-Mobile (B02B49B5-BB20-44E9-A304-32B752E40360): 0
LogDevObjectVersion:   Dev-Networking (A4E4105C-59A1-49B5-A7C5-40C4547EDFEE): 0
LogDevObjectVersion:   Dev-Online (39C831C9-5AE6-47DC-9A44-9C173E1C8E7C): 0
LogDevObjectVersion:   Dev-Physics (78F01B33-EBEA-4F98-B9B4-84EACCB95AA2): 0
LogDevObjectVersion:   Dev-Platform (6631380F-2D4D-43E0-8009-CF276956A95A): 0
LogDevObjectVersion:   Dev-Rendering (12F88B9F-8875-4AFC-A67C-D90C383ABD29): 20
LogDevObjectVersion:   Dev-Sequencer (7B5AE74C-D270-4C10-A958-57980B212A5A): 4
LogDevObjectVersion:   Dev-VR (D7296918-1DD6-4BDD-9DE2-64A83CC13884): 0
LogDevObjectVersion:   Dev-LoadTimes (C2A15278-BFE7-4AFE-6C17-90FF531DF755): 1
LogDevObjectVersion:   Private-Geometry (6EACA3D4-40EC-4CC1-B786-8BED09428FC5): 1
LogDevObjectVersion:   Dev-AnimPhys (29E575DD-E0A3-4627-9D10-D276232CDCEA): 12
LogInit: Compiled (64-bit): Jan 12 2018 02:04:55
LogInit: Compiled with Visual C++: 19.00.24215.01
LogInit: Build Configuration: Development
LogInit: Branch Name: ++UE4+Release-4.18
LogInit: Command line:  
LogInit: Base directory: C:/Program Files/Epic Games/UE_4.18/Engine/Binaries/Win64/
LogInit: Installed Engine Build: 1
LogInit: Presizing for max 8388607 objects, including 0 objects not considered by GC, pre-allocating 0 bytes for permanent pool.
LogInit: Object subsystem initialized
[2018.03.05-00.09.09:325][  0]LogInit: Selected Device Profile: [Windows]
[2018.03.05-00.09.09:325][  0]LogInit: Applying CVar settings loaded from the selected device profile: [Windows]
[2018.03.05-00.09.09:343][  0]LogInit: Computer: SYD-R102-PC09
[2018.03.05-00.09.09:343][  0]LogInit: User: tkumazawa
[2018.03.05-00.09.09:343][  0]LogInit: CPU Page size=4096, Cores=4
[2018.03.05-00.09.09:343][  0]LogInit: High frequency timer resolution =3.328126 MHz
[2018.03.05-00.09.09:343][  0]LogMemory: Memory total: Physical=31.9GB (32GB approx)
[2018.03.05-00.09.09:343][  0]LogMemory: Platform Memory Stats for Windows
[2018.03.05-00.09.09:343][  0]LogMemory: Process Physical Memory: 278.41 MB used, 278.41 MB peak
[2018.03.05-00.09.09:343][  0]LogMemory: Process Virtual Memory: 274.01 MB used, 274.01 MB peak
[2018.03.05-00.09.09:343][  0]LogMemory: Physical Memory: 11259.11 MB used,  21424.05 MB free, 32683.16 MB total
[2018.03.05-00.09.09:343][  0]LogMemory: Virtual Memory: 699.22 MB used,  21424.05 MB free, 134217728.00 MB total
[2018.03.05-00.09.09:602][  0]LogInit: Using OS detected language (en-US).
[2018.03.05-00.09.09:602][  0]LogInit: Using OS detected locale (en-AU).
[2018.03.05-00.09.09:610][  0]LogTextLocalizationManager: No specific localization for 'en-US' exists, so the 'en' localization will be used.
[2018.03.05-00.09.09:980][  0]LogInit: Setting process to per monitor DPI aware
[2018.03.05-00.09.10:458][  0]LogD3D11RHI: D3D11 adapters:
[2018.03.05-00.09.10:493][  0]LogD3D11RHI:    0. 'NVIDIA GeForce GTX 980' (Feature Level 11_0)
[2018.03.05-00.09.10:493][  0]LogD3D11RHI:       4060/0/16341 MB DedicatedVideo/DedicatedSystem/SharedSystem, Outputs:1, VendorId:0x10de
[2018.03.05-00.09.10:494][  0]LogD3D11RHI:    1. 'Microsoft Basic Render Driver' (Feature Level 11_0)
[2018.03.05-00.09.10:494][  0]LogD3D11RHI:       0/0/16341 MB DedicatedVideo/DedicatedSystem/SharedSystem, Outputs:0, VendorId:0x1414
[2018.03.05-00.09.10:494][  0]LogD3D11RHI: Chosen D3D11 Adapter: 0
[2018.03.05-00.09.10:502][  0]LogD3D11RHI: Creating new Direct3DDevice
[2018.03.05-00.09.10:502][  0]LogD3D11RHI:     GPU DeviceId: 0x13c0 (for the marketing name, search the web for "GPU Device Id")
[2018.03.05-00.09.10:502][  0]LogWindows: EnumDisplayDevices:
[2018.03.05-00.09.10:502][  0]LogWindows:    0. 'NVIDIA GeForce GTX 980' (P:1 D:1)
[2018.03.05-00.09.10:502][  0]LogWindows:    1. 'NVIDIA GeForce GTX 980' (P:0 D:0)
[2018.03.05-00.09.10:502][  0]LogWindows:    2. 'NVIDIA GeForce GTX 980' (P:0 D:0)
[2018.03.05-00.09.10:503][  0]LogWindows:    3. 'NVIDIA GeForce GTX 980' (P:0 D:0)
[2018.03.05-00.09.10:503][  0]LogWindows: DebugString: FoundDriverCount:4 
[2018.03.05-00.09.10:503][  0]LogD3D11RHI:     Adapter Name: NVIDIA GeForce GTX 980
[2018.03.05-00.09.10:503][  0]LogD3D11RHI:   Driver Version: 388.13 (internal:23.21.13.8813, unified:388.13)
[2018.03.05-00.09.10:503][  0]LogD3D11RHI:      Driver Date: 10-27-2017
[2018.03.05-00.09.10:503][  0]LogRHI: Texture pool is 2842 MB (70% of 4060 MB)
[2018.03.05-00.09.10:530][  0]LogD3D11RHI: Async texture creation enabled
[2018.03.05-00.09.10:541][  0]LogD3D11RHI: GPU Timing Frequency: 1000.000000 (Debug: 2 1)
[2018.03.05-00.09.10:584][  0]LogShaderCompilers: Guid format shader working directory is -11 characters bigger than the processId version (../../../../../../Users/tkumazawa/Desktop/GPG220PacmanEditor/Intermediate/Shaders/WorkingDirectory/17732/).
[2018.03.05-00.09.10:585][  0]LogShaderCompilers: Cleaned the shader compiler working directory 'C:/Users/tkumazawa/AppData/Local/Temp/UnrealShaderWorkingDir/F733983A4768574CB459EFAA006F8A97/'.
[2018.03.05-00.09.10:585][  0]LogShaderCompilers: Display: Using Local Shader Compiler.
[2018.03.05-00.09.11:621][  0]LogTemp: Display: Loaded TP AllDesktopTargetPlatform
[2018.03.05-00.09.11:699][  0]LogTemp: Display: Loaded TP MacClientTargetPlatform
[2018.03.05-00.09.11:773][  0]LogTemp: Display: Loaded TP MacNoEditorTargetPlatform
[2018.03.05-00.09.11:847][  0]LogTemp: Display: Loaded TP MacServerTargetPlatform
[2018.03.05-00.09.11:921][  0]LogTemp: Display: Loaded TP MacTargetPlatform
[2018.03.05-00.09.11:995][  0]LogTemp: Display: Loaded TP WindowsClientTargetPlatform
[2018.03.05-00.09.12:068][  0]LogTemp: Display: Loaded TP WindowsNoEditorTargetPlatform
[2018.03.05-00.09.12:143][  0]LogTemp: Display: Loaded TP WindowsServerTargetPlatform
[2018.03.05-00.09.12:212][  0]LogTemp: Display: Loaded TP WindowsTargetPlatform
[2018.03.05-00.09.12:287][  0]LogTemp: Display: Loaded TP Android_ASTCTargetPlatform
[2018.03.05-00.09.12:363][  0]LogTemp: Display: Loaded TP Android_ATCTargetPlatform
[2018.03.05-00.09.12:440][  0]LogTemp: Display: Loaded TP Android_DXTTargetPlatform
[2018.03.05-00.09.12:514][  0]LogTemp: Display: Loaded TP Android_ETC1TargetPlatform
[2018.03.05-00.09.12:585][  0]LogTemp: Display: Loaded TP Android_ETC2TargetPlatform
[2018.03.05-00.09.12:733][  0]LogTemp: Display: Loaded TP Android_MultiTargetPlatform
[2018.03.05-00.09.12:733][  0]LogTemp: Display: Loaded TP Android_PVRTCTargetPlatform
[2018.03.05-00.09.12:810][  0]LogTemp: Display: Loaded TP AndroidTargetPlatform
[2018.03.05-00.09.12:870][  0]LogTemp: Display: Loaded TP HTML5TargetPlatform
[2018.03.05-00.09.13:009][  0]LogTemp: Display: Loaded TP IOSTargetPlatform
[2018.03.05-00.09.13:050][  0]LogTemp: Display: Loaded TP TVOSTargetPlatform
[2018.03.05-00.09.13:120][  0]LogTemp: Display: Loaded TP LinuxClientTargetPlatform
[2018.03.05-00.09.13:192][  0]LogTemp: Display: Loaded TP LinuxNoEditorTargetPlatform
[2018.03.05-00.09.13:265][  0]LogTemp: Display: Loaded TP LinuxServerTargetPlatform
[2018.03.05-00.09.13:338][  0]LogTemp: Display: Loaded TP LinuxTargetPlatform
[2018.03.05-00.09.13:338][  0]LogTargetPlatformManager: Display: Building Assets For Windows
[2018.03.05-00.09.14:069][  0]LogDerivedDataCache: Display: Max Cache Size: 512 MB
[2018.03.05-00.09.14:141][  0]LogDerivedDataCache: Loaded boot cache 0.07s 69MB C:/Users/tkumazawa/AppData/Local/UnrealEngine/4.18/DerivedDataCache/Boot.ddc.
[2018.03.05-00.09.14:141][  0]LogDerivedDataCache: Display: Loaded Boot cache: C:/Users/tkumazawa/AppData/Local/UnrealEngine/4.18/DerivedDataCache/Boot.ddc
[2018.03.05-00.09.14:142][  0]LogDerivedDataCache: FDerivedDataBackendGraph:  Pak pak cache file ../../../../../../Users/tkumazawa/Desktop/GPG220PacmanEditor/DerivedDataCache/DDC.ddp not found, will not use a pak cache.
[2018.03.05-00.09.14:142][  0]LogDerivedDataCache: Unable to find inner node Pak for hierarchical cache Hierarchy.
[2018.03.05-00.09.14:142][  0]LogDerivedDataCache: FDerivedDataBackendGraph:  CompressedPak pak cache file ../../../../../../Users/tkumazawa/Desktop/GPG220PacmanEditor/DerivedDataCache/Compressed.ddp not found, will not use a pak cache.
[2018.03.05-00.09.14:142][  0]LogDerivedDataCache: Unable to find inner node CompressedPak for hierarchical cache Hierarchy.
[2018.03.05-00.09.14:156][  0]LogDerivedDataCache: Display: Pak cache opened for reading ../../../Engine/DerivedDataCache/Compressed.ddp.
[2018.03.05-00.09.14:170][  0]LogDerivedDataCache: Using Local data cache path C:/Users/tkumazawa/AppData/Local/UnrealEngine/Common/DerivedDataCache: Writable
[2018.03.05-00.09.14:180][  0]LogMaterial: Verifying Global Shaders for PCD3D_SM5
[2018.03.05-00.09.14:181][  0]LogSlate: Using Freetype 2.6.0
[2018.03.05-00.09.14:182][  0]LogSlate: SlateFontCache - WITH_FREETYPE: 1, WITH_HARFBUZZ: 1
[2018.03.05-00.09.14:182][  0]LogSlate: SlateFontCache - WITH_FREETYPE: 1, WITH_HARFBUZZ: 1
[2018.03.05-00.09.14:597][  0]LogInit: Selected Device Profile: [Windows]
[2018.03.05-00.09.15:051][  0]LogSimplygon: Simplygon DLL not present - disabling.
[2018.03.05-00.09.15:116][  0]LogMeshReduction: Using SimplygonSwarm for distributed automatic mesh merging
[2018.03.05-00.09.15:116][  0]LogMeshReduction: Using QuadricMeshReduction for automatic static mesh reduction
[2018.03.05-00.09.15:116][  0]LogMeshReduction: No automatic skeletal mesh reduction module available
[2018.03.05-00.09.15:116][  0]LogMeshReduction: No automatic mesh merging module available
[2018.03.05-00.09.15:116][  0]LogMeshMerging: No automatic mesh merging module available
[2018.03.05-00.09.15:151][  0]LogNetVersion: GPG220_Project , NetCL: 3709383, EngineNetVer: 2, GameNetVer: 0 (Checksum: 3064214830)
[2018.03.05-00.09.15:367][  0]LogAssetRegistry: FAssetRegistry took 0.0274 seconds to start up
[2018.03.05-00.09.15:965][  0]LogPackageLocalizationCache: Processed 7 localized package path(s) for 2 prioritized culture(s) in 0.072242 seconds
[2018.03.05-00.09.15:970][  0]LogUObjectArray: 35870 objects as part of root set at end of initial load.
[2018.03.05-00.09.15:970][  0]LogUObjectAllocator: 7363704 out of 0 bytes used by permanent object pool.
[2018.03.05-00.09.15:970][  0]LogUObjectArray: CloseDisregardForGC: 0/0 objects in disregard for GC pool
[2018.03.05-00.09.16:066][  0]LogInit: WinSock: version 1.1 (2.2), MaxSocks=32767, MaxUdp=65467
[2018.03.05-00.09.21:833][  0]LogTcpMessaging: Initializing TcpMessaging bridge
[2018.03.05-00.09.21:922][  0]LogUdpMessaging: Initializing bridge on interface 0.0.0.0:0 to multicast group 230.0.0.1:6666.
[2018.03.05-00.09.23:196][  0]LogMaterial: Uniform references updated for custom material expression Custom.
[2018.03.05-00.09.23:876][  0]SourceControl: Source control is disabled
[2018.03.05-00.09.23:876][  0]SourceControl: Source control is disabled
[2018.03.05-00.09.23:962][  0]SourceControl: Source control is disabled
[2018.03.05-00.09.24:053][  0]SourceControl: Source control is disabled
[2018.03.05-00.09.25:372][  0]LogAndroidPermission: UAndroidPermissionCallbackProxy::GetInstance
[2018.03.05-00.09.25:826][  0]LogOcInput: OculusInput pre-init called
[2018.03.05-00.09.26:217][  0]LogEngine: Initializing Engine...
[2018.03.05-00.09.26:219][  0]LogHMD: Failed to initialize OpenVR with code 110
[2018.03.05-00.09.26:465][  0]LogStats: UGameplayTagsManager::ConstructGameplayTagTree: Construct from data asset -  0.000 s
[2018.03.05-00.09.26:465][  0]LogStats: UGameplayTagsManager::ConstructGameplayTagTree: GameplayTagTreeChangedEvent.Broadcast -  0.000 s
[2018.03.05-00.09.26:657][  0]LogAIModule: Creating AISystem for world Untitled
[2018.03.05-00.09.26:672][  0]LogInit: XAudio2 using 'U28E850-8 (2- NVIDIA High Definition Audio)' : 2 channels at 48 kHz using 16 bits per sample (channel mask 0x3)
[2018.03.05-00.09.26:698][  0]LogInit: FAudioDevice initialized.
[2018.03.05-00.09.26:775][  0]LogDerivedDataCache: Saved boot cache 0.08s 78MB C:/Users/tkumazawa/AppData/Local/UnrealEngine/4.18/DerivedDataCache/Boot.ddc.
[2018.03.05-00.09.26:789][  0]LogInit: Texture streaming: Enabled
[2018.03.05-00.09.26:950][  0]LogEngineSessionManager: EngineSessionManager initialized
[2018.03.05-00.09.27:154][  0]LogInit: Transaction tracking system initialized
[2018.03.05-00.09.27:638][  0]BlueprintLog: New page: Editor Load
[2018.03.05-00.09.29:038][  0]LocalizationService: Localization service is disabled
[2018.03.05-00.09.30:164][  0]LogConsoleResponse: Display: 
[2018.03.05-00.09.30:360][  0]LogCook: Display: Max memory allowance for cook 16384mb min free memory 0mb
[2018.03.05-00.09.30:360][  0]LogCook: Display: Mobile HDR setting 1
[2018.03.05-00.09.30:360][  0]LogGameplayTags: Display: UGameplayTagsManager::DoneAddingNativeTags. DelegateIsBound: 0
[2018.03.05-00.09.30:821][  0]LogFileCache: Scanning file cache for directory 'C:/Users/tkumazawa/Desktop/GPG220PacmanEditor/Content/' took 0.01s
[2018.03.05-00.09.32:096][  0]SourceControl: Source control is disabled
[2018.03.05-00.09.32:097][  0]Cmd: MAP LOAD FILE="../../../Engine/Content/Maps/Templates/Template_Default.umap" TEMPLATE=1 SHOWPROGRESS=1 FEATURELEVEL=3
[2018.03.05-00.09.32:097][  0]LightingResults: New page: Lighting Build
[2018.03.05-00.09.32:161][  0]MapCheck: New page: Map Check
[2018.03.05-00.09.32:161][  0]LightingResults: New page: Lighting Build
[2018.03.05-00.09.32:310][  0]LogMaterial: Missing cached shader map for material M_Sky_Panning_Clouds2, compiling. 
[2018.03.05-00.09.32:434][  0]LogAIModule: Creating AISystem for world Untitled_1
[2018.03.05-00.09.32:443][  0]LogEditorServer: Finished looking for orphan Actors (0.000 secs)
[2018.03.05-00.09.32:453][  0]Cmd: MAP CHECKDEP NOCLEARLOG
[2018.03.05-00.09.32:535][  0]MapCheck: Map check complete: 0 Error(s), 0 Warning(s), took 81.813ms to complete.
[2018.03.05-00.09.32:535][  0]LogFileHelpers: Loading map 'Template_Default' took 0.438
[2018.03.05-00.09.32:696][  0]LogCollectionManager: Loaded 0 collections in 0.002067 seconds
[2018.03.05-00.09.32:827][  0]LogFileCache: Scanning file cache for directory 'C:/Users/tkumazawa/Desktop/GPG220PacmanEditor/Saved/Collections/' took 0.01s
[2018.03.05-00.09.32:827][  0]LogFileCache: Scanning file cache for directory 'C:/Users/tkumazawa/Desktop/GPG220PacmanEditor/Content/Developers/tkumazawa/Collections/' took 0.01s
[2018.03.05-00.09.32:827][  0]LogFileCache: Scanning file cache for directory 'C:/Users/tkumazawa/Desktop/GPG220PacmanEditor/Content/Collections/' took 0.01s
[2018.03.05-00.09.32:827][  0]LogCollectionManager: Rebuilt the GUID cache for 0 collections in 0.000001 seconds
[2018.03.05-00.09.32:838][  0]LogContentBrowser: Native class hierarchy populated in 0.0110 seconds. Added 2364 classes and 521 folders.
[2018.03.05-00.09.32:969][  0]LogContentBrowser: Native class hierarchy updated for 'WidgetCarousel' in 0.0006 seconds. Added 0 classes and 0 folders.
[2018.03.05-00.09.33:010][  0]LogContentBrowser: Native class hierarchy updated for 'AddContentDialog' in 0.0006 seconds. Added 0 classes and 0 folders.
[2018.03.05-00.09.33:098][  0]LogContentBrowser: Native class hierarchy updated for 'SceneOutliner' in 0.0009 seconds. Added 1 classes and 2 folders.
[2018.03.05-00.09.33:161][  0]LogSlate: Took 0.000547 seconds to synchronously load lazily loaded font '../../../Engine/Content/Slate/Fonts/Roboto-Regular.ttf' (155K)
[2018.03.05-00.09.33:164][  0]LogSlate: Took 0.000548 seconds to synchronously load lazily loaded font '../../../Engine/Content/Slate/Fonts/Roboto-Bold.ttf' (160K)
[2018.03.05-00.09.33:170][  0]LogSlate: Took 0.000450 seconds to synchronously load lazily loaded font '../../../Engine/Content/Editor/Slate/Fonts/FontAwesome.ttf' (139K)
[2018.03.05-00.09.33:262][  0]LogRenderer: Reallocating scene render targets to support 1616x812 Format 10 NumSamples 1 (Frame:1).
[2018.03.05-00.09.33:459][  0]LogContentBrowser: Native class hierarchy updated for 'HierarchicalLODOutliner' in 0.0009 seconds. Added 1 classes and 2 folders.
[2018.03.05-00.09.33:459][  0]LogLoad: (Engine Initialization) Total time: 28.08 seconds
[2018.03.05-00.09.33:459][  0]LogLoad: (Engine Initialization) Total Blueprint compile time: 0.00 seconds
[2018.03.05-00.09.33:459][  0]LogExternalProfiler: Found external profiler: VSPerf
[2018.03.05-00.09.33:459][  0]LogExternalProfiler: Using external profiler: VSPerf
[2018.03.05-00.09.33:470][  0]LogWindowsTextInputMethodSystem: Display: IME system now deactivated.
[2018.03.05-00.09.33:484][  0]LogAssetRegistry: Asset discovery search completed in 18.1397 seconds
[2018.03.05-00.09.33:486][  0]LogCollectionManager: Rebuilt the object cache for 0 collections in 0.000000 seconds (found 0 objects)
[2018.03.05-00.09.33:486][  0]LogCollectionManager: Fixed up redirectors for 0 collections in 0.000061 seconds (updated 0 objects)
[2018.03.05-00.09.33:490][  0]LogContentStreaming: Texture pool size now 1000 MB
[2018.03.05-00.10.43:919][409]LogSlate: Took 0.000137 seconds to synchronously load lazily loaded font '../../../Engine/Content/Slate/Fonts/Roboto-Light.ttf' (159K)
[2018.03.05-00.10.44:122][409]LogTexture: Display: Building textures: HQ_Lightmap1_3 (AutoDXT, 64X64)
[2018.03.05-00.10.44:122][409]LogTexture: Display: Building textures: LQ_Lightmap_1_3 (DXT1, 64X64)
[2018.03.05-00.10.44:122][409]LogTexture: Display: Building textures: LQ_Lightmap_0_2 (DXT1, 512X512)
[2018.03.05-00.10.44:122][409]LogTexture: Display: Building textures: HQ_Lightmap0_2 (AutoDXT, 512X512)
[2018.03.05-00.10.44:122][409]LogTexture: Display: Building textures: ShadowMapTexture2D_1 (G8, 32X32)
[2018.03.05-00.10.44:122][409]LogTexture: Display: Building textures: ShadowMapTexture2D_0 (G8, 1024X1024)
[2018.03.05-00.10.44:122][409]LogTexture: Display: Building textures: HQ_Lightmap0_1 (AutoDXT, 1024X1024)
[2018.03.05-00.10.44:122][409]LogTexture: Display: Building textures: LQ_Lightmap_0_1 (DXT1, 1024X1024)
[2018.03.05-00.10.44:122][409]LogMaterial: Missing cached shader map for material GroundMaterial, compiling. 
[2018.03.05-00.10.44:560][409]LogMaterial: Missing cached shader map for material BaseMaterial, compiling. 
[2018.03.05-00.10.44:632][409]LogMaterial: Missing cached shader map for material BasicShapeMaterial, compiling. 
[2018.03.05-00.10.44:723][409]LogAIModule: Creating AISystem for world Test
[2018.03.05-00.10.44:725][409]LogMaterial: Warning: Material /Game/Materials/BaseMaterial.BaseMaterial needed to have new flag set bUsedWithStaticLighting !
[2018.03.05-00.10.44:730][409]LogMaterial: Missing cached shader map for material BaseMaterial, compiling. 
[2018.03.05-00.10.44:761][409]MapCheck: Warning: BaseMaterial Material /Game/Materials/BaseMaterial.BaseMaterial was missing the usage flag bUsedWithStaticLighting. If the material asset is not re-saved, it may not render correctly when run outside the editor. Fix
[2018.03.05-00.10.44:805][409]Cmd: MAP LOAD FILE="../../../../../../Users/tkumazawa/Desktop/GPG220PacmanEditor/Content/TestMap/Test.umap" TEMPLATE=0 SHOWPROGRESS=1 FEATURELEVEL=3
[2018.03.05-00.10.44:806][409]LightingResults: New page: Lighting Build
[2018.03.05-00.10.44:806][409]LoadErrors: New page: Loading map: Test.umap
[2018.03.05-00.10.44:807][409]MapCheck: New page: Map Check
[2018.03.05-00.10.44:807][409]LightingResults: New page: Lighting Build
[2018.03.05-00.10.44:837][409]LogEditorServer: Finished looking for orphan Actors (0.000 secs)
[2018.03.05-00.10.44:877][409]Cmd: MAP CHECKDEP NOCLEARLOG
[2018.03.05-00.10.44:977][409]MapCheck: Map check complete: 0 Error(s), 0 Warning(s), took 99.673ms to complete.
[2018.03.05-00.10.44:977][409]LogFileHelpers: Loading map 'Test' took 0.173
[2018.03.05-00.10.59:641][ 91]LogEditorViewport: Clicking on Actor (LMB): BP_Coin_C (BP_Coin8)
[2018.03.05-00.11.01:121][261]LogEditorViewport: Clicking on Actor (LMB): BP_Sky_Sphere_C (Sky Sphere)
[2018.03.05-00.11.05:298][741]LogEditorViewport: Clicking on Actor (LMB): BP_Sky_Sphere_C (Sky Sphere)
[2018.03.05-00.11.06:115][834]LogEditorViewport: Clicking on Actor (LMB): BP_Sky_Sphere_C (Sky Sphere)
[2018.03.05-00.12.51:335][347]LogEditorViewport: Clicking on Actor (LMB): BP_Sky_Sphere_C (Sky Sphere)
[2018.03.05-00.12.51:837][402]LogEditorViewport: Clicking on Actor (LMB): BP_Sky_Sphere_C (Sky Sphere)
[2018.03.05-00.12.53:114][550]LogEditorViewport: Clicking on Actor (LMB): StaticMeshActor (Floor)
[2018.03.05-00.12.54:002][646]LogEditorViewport: Clicking on Actor (LMB): BP_Sky_Sphere_C (Sky Sphere)
[2018.03.05-00.12.57:656][ 75]LogTemp: Repeating last play command: Selected Viewport
[2018.03.05-00.12.57:686][ 75]LogBlueprintUserMessages: Early PlayInEditor Detection: Level '/Game/TestMap/Test.Test:PersistentLevel' has LevelScriptBlueprint '/Game/TestMap/Test.Test:PersistentLevel.Test' with GeneratedClass '/Game/TestMap/Test.Test_C' with ClassGeneratedBy '/Game/TestMap/Test.Test:PersistentLevel.Test'
[2018.03.05-00.12.57:686][ 75]LogPlayLevel: PlayLevel: No blueprints needed recompiling
[2018.03.05-00.12.57:686][ 75]PIE: New page: PIE session: Test (5 Mar 2018 10:12:57 pm)
[2018.03.05-00.12.57:686][ 75]LogPlayLevel: Creating play world package: /Game/TestMap/UEDPIE_0_Test
[2018.03.05-00.12.57:700][ 75]LogPlayLevel: PIE: StaticDuplicateObject took: (0.013413s)
[2018.03.05-00.12.57:701][ 75]LogAIModule: Creating AISystem for world Test
[2018.03.05-00.12.57:701][ 75]LogPlayLevel: PIE: World Init took: (0.001084s)
[2018.03.05-00.12.57:701][ 75]LogPlayLevel: PIE: Created PIE world by copying editor world from /Game/TestMap/Test.Test to /Game/TestMap/UEDPIE_0_Test.Test (0.014950s)
[2018.03.05-00.12.57:725][ 75]LogInit: XAudio2 using 'U28E850-8 (2- NVIDIA High Definition Audio)' : 2 channels at 48 kHz using 16 bits per sample (channel mask 0x3)
[2018.03.05-00.12.57:734][ 75]LogInit: FAudioDevice initialized.
[2018.03.05-00.12.57:775][ 75]LogLoad: Game class is 'GameModeBase'
[2018.03.05-00.12.57:782][ 75]LogWorld: Bringing World /Game/TestMap/UEDPIE_0_Test.Test up for play (max tick rate 0) at 2018.03.05-11.12.57
[2018.03.05-00.12.57:787][ 75]LogWorld: Bringing up level for play took: 0.010108
[2018.03.05-00.12.57:851][ 75]LogContentBrowser: Native class hierarchy updated for 'MovieSceneCapture' in 0.0006 seconds. Added 11 classes and 0 folders.
[2018.03.05-00.12.57:856][ 75]PIE: Play in editor start time for /Game/TestMap/UEDPIE_0_Test 0.49
[2018.03.05-00.12.57:856][ 75]LogBlueprintUserMessages: Late PlayInEditor Detection: Level '/Game/TestMap/Test.Test:PersistentLevel' has LevelScriptBlueprint '/Game/TestMap/Test.Test:PersistentLevel.Test' with GeneratedClass '/Game/TestMap/Test.Test_C' with ClassGeneratedBy '/Game/TestMap/Test.Test:PersistentLevel.Test'
[2018.03.05-00.13.00:452][381]LogBlueprintUserMessages: Early EndPlayMap Detection: Level '/Game/TestMap/Test.Test:PersistentLevel' has LevelScriptBlueprint '/Game/TestMap/Test.Test:PersistentLevel.Test' with GeneratedClass '/Game/TestMap/Test.Test_C' with ClassGeneratedBy '/Game/TestMap/Test.Test:PersistentLevel.Test'
[2018.03.05-00.13.00:489][381]LogBlueprintUserMessages: Late EndPlayMap Detection: Level '/Game/TestMap/Test.Test:PersistentLevel' has LevelScriptBlueprint '/Game/TestMap/Test.Test:PersistentLevel.Test' with GeneratedClass '/Game/TestMap/Test.Test_C' with ClassGeneratedBy '/Game/TestMap/Test.Test:PersistentLevel.Test'
[2018.03.05-00.13.01:689][518]Cmd: SELECT NONE
[2018.03.05-00.13.02:485][611]LogTemp: Repeating last play command: Selected Viewport
[2018.03.05-00.13.02:497][611]LogBlueprintUserMessages: Early PlayInEditor Detection: Level '/Game/TestMap/Test.Test:PersistentLevel' has LevelScriptBlueprint '/Game/TestMap/Test.Test:PersistentLevel.Test' with GeneratedClass '/Game/TestMap/Test.Test_C' with ClassGeneratedBy '/Game/TestMap/Test.Test:PersistentLevel.Test'
[2018.03.05-00.13.02:497][611]LogPlayLevel: PlayLevel: No blueprints needed recompiling
[2018.03.05-00.13.02:497][611]PIE: New page: PIE session: Test (5 Mar 2018 10:13:02 pm)
[2018.03.05-00.13.02:497][611]LogPlayLevel: Creating play world package: /Game/TestMap/UEDPIE_0_Test
[2018.03.05-00.13.02:509][611]LogPlayLevel: PIE: StaticDuplicateObject took: (0.011951s)
[2018.03.05-00.13.02:510][611]LogAIModule: Creating AISystem for world Test
[2018.03.05-00.13.02:510][611]LogPlayLevel: PIE: World Init took: (0.001059s)
[2018.03.05-00.13.02:510][611]LogPlayLevel: PIE: Created PIE world by copying editor world from /Game/TestMap/Test.Test to /Game/TestMap/UEDPIE_0_Test.Test (0.013363s)
[2018.03.05-00.13.02:531][611]LogInit: XAudio2 using 'U28E850-8 (2- NVIDIA High Definition Audio)' : 2 channels at 48 kHz using 16 bits per sample (channel mask 0x3)
[2018.03.05-00.13.02:540][611]LogInit: FAudioDevice initialized.
[2018.03.05-00.13.02:578][611]LogLoad: Game class is 'GameModeBase'
[2018.03.05-00.13.02:584][611]LogWorld: Bringing World /Game/TestMap/UEDPIE_0_Test.Test up for play (max tick rate 0) at 2018.03.05-11.13.02
[2018.03.05-00.13.02:585][611]LogWorld: Bringing up level for play took: 0.005930
[2018.03.05-00.13.02:587][611]PIE: Play in editor start time for /Game/TestMap/UEDPIE_0_Test -0.779
[2018.03.05-00.13.02:587][611]LogBlueprintUserMessages: Late PlayInEditor Detection: Level '/Game/TestMap/Test.Test:PersistentLevel' has LevelScriptBlueprint '/Game/TestMap/Test.Test:PersistentLevel.Test' with GeneratedClass '/Game/TestMap/Test.Test_C' with ClassGeneratedBy '/Game/TestMap/Test.Test:PersistentLevel.Test'
[2018.03.05-00.13.05:491][955]LogBlueprintUserMessages: [BP_Coin10_2615] 10 Points!
[2018.03.05-00.13.05:916][  6]LogBlueprintUserMessages: Early EndPlayMap Detection: Level '/Game/TestMap/Test.Test:PersistentLevel' has LevelScriptBlueprint '/Game/TestMap/Test.Test:PersistentLevel.Test' with GeneratedClass '/Game/TestMap/Test.Test_C' with ClassGeneratedBy '/Game/TestMap/Test.Test:PersistentLevel.Test'
[2018.03.05-00.13.05:947][  6]LogBlueprintUserMessages: Late EndPlayMap Detection: Level '/Game/TestMap/Test.Test:PersistentLevel' has LevelScriptBlueprint '/Game/TestMap/Test.Test:PersistentLevel.Test' with GeneratedClass '/Game/TestMap/Test.Test_C' with ClassGeneratedBy '/Game/TestMap/Test.Test:PersistentLevel.Test'
[2018.03.05-00.13.11:001][572]LogTemp: Repeating last play command: Selected Viewport
[2018.03.05-00.13.11:013][572]LogBlueprintUserMessages: Early PlayInEditor Detection: Level '/Game/TestMap/Test.Test:PersistentLevel' has LevelScriptBlueprint '/Game/TestMap/Test.Test:PersistentLevel.Test' with GeneratedClass '/Game/TestMap/Test.Test_C' with ClassGeneratedBy '/Game/TestMap/Test.Test:PersistentLevel.Test'
[2018.03.05-00.13.11:014][572]LogPlayLevel: PlayLevel: No blueprints needed recompiling
[2018.03.05-00.13.11:014][572]PIE: New page: PIE session: Test (5 Mar 2018 10:13:11 pm)
[2018.03.05-00.13.11:014][572]LogPlayLevel: Creating play world package: /Game/TestMap/UEDPIE_0_Test
[2018.03.05-00.13.11:024][572]LogPlayLevel: PIE: StaticDuplicateObject took: (0.010501s)
[2018.03.05-00.13.11:025][572]LogAIModule: Creating AISystem for world Test
[2018.03.05-00.13.11:025][572]LogPlayLevel: PIE: World Init took: (0.000826s)
[2018.03.05-00.13.11:025][572]LogPlayLevel: PIE: Created PIE world by copying editor world from /Game/TestMap/Test.Test to /Game/TestMap/UEDPIE_0_Test.Test (0.011704s)
[2018.03.05-00.13.11:043][572]LogInit: XAudio2 using 'U28E850-8 (2- NVIDIA High Definition Audio)' : 2 channels at 48 kHz using 16 bits per sample (channel mask 0x3)
[2018.03.05-00.13.11:051][572]LogInit: FAudioDevice initialized.
[2018.03.05-00.13.11:081][572]LogLoad: Game class is 'GameModeBase'
[2018.03.05-00.13.11:087][572]LogWorld: Bringing World /Game/TestMap/UEDPIE_0_Test.Test up for play (max tick rate 0) at 2018.03.05-11.13.11
[2018.03.05-00.13.11:088][572]LogWorld: Bringing up level for play took: 0.005698
[2018.03.05-00.13.11:090][572]PIE: Play in editor start time for /Game/TestMap/UEDPIE_0_Test -0.276
[2018.03.05-00.13.11:090][572]LogBlueprintUserMessages: Late PlayInEditor Detection: Level '/Game/TestMap/Test.Test:PersistentLevel' has LevelScriptBlueprint '/Game/TestMap/Test.Test:PersistentLevel.Test' with GeneratedClass '/Game/TestMap/Test.Test_C' with ClassGeneratedBy '/Game/TestMap/Test.Test:PersistentLevel.Test'
[2018.03.05-00.13.14:530][981]LogBlueprintUserMessages: [BP_Coin10_2615] 10 Points!
[2018.03.05-00.13.16:255][188]LogBlueprintUserMessages: [BP_Coin17_4552] 10 Points!
[2018.03.05-00.13.18:964][513]LogBlueprintUserMessages: [BP_Coin9_2370] 10 Points!
[2018.03.05-00.13.21:189][780]LogBlueprintUserMessages: [BP_Coin12_3089] 10 Points!
[2018.03.05-00.13.22:881][983]LogBlueprintUserMessages: [BP_Coin13_3294] 10 Points!
[2018.03.05-00.13.25:798][333]LogBlueprintUserMessages: [BP_Coin11_2852] 10 Points!
[2018.03.05-00.13.27:373][522]LogBlueprintUserMessages: [BP_Coin15_3796] 10 Points!
[2018.03.05-00.13.29:924][828]LogBlueprintUserMessages: Early EndPlayMap Detection: Level '/Game/TestMap/Test.Test:PersistentLevel' has LevelScriptBlueprint '/Game/TestMap/Test.Test:PersistentLevel.Test' with GeneratedClass '/Game/TestMap/Test.Test_C' with ClassGeneratedBy '/Game/TestMap/Test.Test:PersistentLevel.Test'
[2018.03.05-00.13.29:955][828]LogBlueprintUserMessages: Late EndPlayMap Detection: Level '/Game/TestMap/Test.Test:PersistentLevel' has LevelScriptBlueprint '/Game/TestMap/Test.Test:PersistentLevel.Test' with GeneratedClass '/Game/TestMap/Test.Test_C' with ClassGeneratedBy '/Game/TestMap/Test.Test:PersistentLevel.Test'
[2018.03.05-00.13.39:018][901]LogTemp: Repeating last play command: Selected Viewport
[2018.03.05-00.13.39:030][901]LogBlueprintUserMessages: Early PlayInEditor Detection: Level '/Game/TestMap/Test.Test:PersistentLevel' has LevelScriptBlueprint '/Game/TestMap/Test.Test:PersistentLevel.Test' with GeneratedClass '/Game/TestMap/Test.Test_C' with ClassGeneratedBy '/Game/TestMap/Test.Test:PersistentLevel.Test'
[2018.03.05-00.13.39:030][901]LogPlayLevel: PlayLevel: No blueprints needed recompiling
[2018.03.05-00.13.39:030][901]PIE: New page: PIE session: Test (5 Mar 2018 10:13:39 pm)
[2018.03.05-00.13.39:030][901]LogPlayLevel: Creating play world package: /Game/TestMap/UEDPIE_0_Test
[2018.03.05-00.13.39:041][901]LogPlayLevel: PIE: StaticDuplicateObject took: (0.010596s)
[2018.03.05-00.13.39:042][901]LogAIModule: Creating AISystem for world Test
[2018.03.05-00.13.39:042][901]LogPlayLevel: PIE: World Init took: (0.000772s)
[2018.03.05-00.13.39:042][901]LogPlayLevel: PIE: Created PIE world by copying editor world from /Game/TestMap/Test.Test to /Game/TestMap/UEDPIE_0_Test.Test (0.011701s)
[2018.03.05-00.13.39:060][901]LogInit: XAudio2 using 'U28E850-8 (2- NVIDIA High Definition Audio)' : 2 channels at 48 kHz using 16 bits per sample (channel mask 0x3)
[2018.03.05-00.13.39:067][901]LogInit: FAudioDevice initialized.
[2018.03.05-00.13.39:099][901]LogLoad: Game class is 'GameModeBase'
[2018.03.05-00.13.39:104][901]LogWorld: Bringing World /Game/TestMap/UEDPIE_0_Test.Test up for play (max tick rate 0) at 2018.03.05-11.13.39
[2018.03.05-00.13.39:105][901]LogWorld: Bringing up level for play took: 0.005262
[2018.03.05-00.13.39:107][901]PIE: Play in editor start time for /Game/TestMap/UEDPIE_0_Test -0.259
[2018.03.05-00.13.39:107][901]LogBlueprintUserMessages: Late PlayInEditor Detection: Level '/Game/TestMap/Test.Test:PersistentLevel' has LevelScriptBlueprint '/Game/TestMap/Test.Test:PersistentLevel.Test' with GeneratedClass '/Game/TestMap/Test.Test_C' with ClassGeneratedBy '/Game/TestMap/Test.Test:PersistentLevel.Test'
[2018.03.05-00.13.40:957][119]LogBlueprintUserMessages: Early EndPlayMap Detection: Level '/Game/TestMap/Test.Test:PersistentLevel' has LevelScriptBlueprint '/Game/TestMap/Test.Test:PersistentLevel.Test' with GeneratedClass '/Game/TestMap/Test.Test_C' with ClassGeneratedBy '/Game/TestMap/Test.Test:PersistentLevel.Test'
[2018.03.05-00.13.40:993][119]LogBlueprintUserMessages: Late EndPlayMap Detection: Level '/Game/TestMap/Test.Test:PersistentLevel' has LevelScriptBlueprint '/Game/TestMap/Test.Test:PersistentLevel.Test' with GeneratedClass '/Game/TestMap/Test.Test_C' with ClassGeneratedBy '/Game/TestMap/Test.Test:PersistentLevel.Test'
[2018.03.05-00.14.03:936][191]LogSlate: Took 0.000265 seconds to synchronously load lazily loaded font '../../../Engine/Content/Editor/Slate/Fonts/DroidSansMono.ttf' (77K)
[2018.03.05-00.14.07:764][611]LogMaterial: Missing cached shader map for material PlayerMaterial, compiling. 
[2018.03.05-00.14.07:882][611]LogContentBrowser: Native class hierarchy updated for 'MaterialEditor' in 0.0006 seconds. Added 1 classes and 0 folders.
[2018.03.05-00.14.07:885][611]LogMaterial: Missing cached shader map for material PlayerMaterial, compiling. 
[2018.03.05-00.14.08:184][611]LogMaterial: Missing cached shader map for material M_SkyBox, compiling. 
[2018.03.05-00.14.08:290][611]LogMaterial: Missing cached shader map for material PlayerMaterial, compiling. 
[2018.03.05-00.14.08:313][611]LogMaterial: Missing cached shader map for material PlayerMaterial, compiling. 
[2018.03.05-00.14.08:363][611]LogMaterial: Missing cached shader map for material FMatExpressionPreview MaterialExpressionConstant3Vector_3, compiling. 
[2018.03.05-00.14.08:378][611]LogSlate: Took 0.000324 seconds to synchronously load lazily loaded font '../../../Engine/Content/Editor/Slate/Fonts/Roboto-BoldCondensed.ttf' (158K)
[2018.03.05-00.14.10:987][803]MaterialEditorStats: Base pass shader: 100 instructions
[2018.03.05-00.14.10:987][803]MaterialEditorStats: Base pass shader with Surface Lightmap: 117 instructions
[2018.03.05-00.14.10:987][803]MaterialEditorStats: Base pass shader with Volumetric Lightmap: 173 instructions
[2018.03.05-00.14.10:987][803]MaterialEditorStats: Vertex shader: 29 instructions
[2018.03.05-00.14.10:987][803]MaterialEditorStats: Texture samplers: 3/16
[2018.03.05-00.14.46:045][607]LogMaterial: Missing cached shader map for material BaseMaterial, compiling. 
[2018.03.05-00.14.46:122][607]LogMaterial: Missing cached shader map for material BaseMaterial, compiling. 
[2018.03.05-00.14.46:139][607]LogMaterial: Missing cached shader map for material BaseMaterial, compiling. 
[2018.03.05-00.14.46:183][607]LogMaterial: Missing cached shader map for material FMatExpressionPreview MaterialExpressionConstant3Vector_2, compiling. 
[2018.03.05-00.14.46:190][607]LogMaterial: Missing cached shader map for material FMatExpressionPreview MaterialExpressionComponentMask_0, compiling. 
[2018.03.05-00.14.46:197][607]LogMaterial: Missing cached shader map for material FMatExpressionPreview MaterialExpressionComponentMask_1, compiling. 
[2018.03.05-00.14.46:204][607]LogMaterial: Missing cached shader map for material FMatExpressionPreview MaterialExpressionMultiply_0, compiling. 
[2018.03.05-00.14.46:211][607]LogMaterial: Missing cached shader map for material FMatExpressionPreview MaterialExpressionMultiply_1, compiling. 
[2018.03.05-00.14.46:217][607]LogMaterial: Missing cached shader map for material FMatExpressionPreview MaterialExpressionSine_0, compiling. 
[2018.03.05-00.14.46:223][607]LogMaterial: Missing cached shader map for material FMatExpressionPreview MaterialExpressionSine_1, compiling. 
[2018.03.05-00.14.46:229][607]LogMaterial: Missing cached shader map for material FMatExpressionPreview MaterialExpressionOneMinus_0, compiling. 
[2018.03.05-00.14.46:233][607]LogMaterial: Missing cached shader map for material FMatExpressionPreview MaterialExpressionOneMinus_1, compiling. 
[2018.03.05-00.14.46:237][607]LogMaterial: Missing cached shader map for material FMatExpressionPreview MaterialExpressionVectorParameter_1, compiling. 
[2018.03.05-00.14.46:359][608]LogSlate: Took 0.000198 seconds to synchronously load lazily loaded font '../../../Engine/Content/Editor/Slate/Fonts/Roboto-Italic.ttf' (157K)
[2018.03.05-00.14.47:634][693]MaterialEditorStats: Base pass shader: 110 instructions
[2018.03.05-00.14.47:635][693]MaterialEditorStats: Base pass shader with Surface Lightmap: 127 instructions
[2018.03.05-00.14.47:635][693]MaterialEditorStats: Base pass shader with Volumetric Lightmap: 183 instructions
[2018.03.05-00.14.47:635][693]MaterialEditorStats: Vertex shader: 31 instructions
[2018.03.05-00.14.47:635][693]MaterialEditorStats: Texture samplers: 3/16
[2018.03.05-00.14.47:635][693]MaterialEditorStats: User interpolators: 2/4 Scalars (1/4 Vectors) (TexCoords: 2, Custom: 0)
[2018.03.05-00.23.38:208][ 63]LogEditorViewport: Clicking on Actor (LMB): StaticMeshActor (Floor)
[2018.03.05-00.23.53:797][923]LogTemp: Repeating last play command: Selected Viewport
[2018.03.05-00.23.53:809][923]LogBlueprintUserMessages: Early PlayInEditor Detection: Level '/Game/TestMap/Test.Test:PersistentLevel' has LevelScriptBlueprint '/Game/TestMap/Test.Test:PersistentLevel.Test' with GeneratedClass '/Game/TestMap/Test.Test_C' with ClassGeneratedBy '/Game/TestMap/Test.Test:PersistentLevel.Test'
[2018.03.05-00.23.53:809][923]LogPlayLevel: PlayLevel: No blueprints needed recompiling
[2018.03.05-00.23.53:810][923]PIE: New page: PIE session: Test (5 Mar 2018 10:23:53 pm)
[2018.03.05-00.23.53:810][923]LogPlayLevel: Creating play world package: /Game/TestMap/UEDPIE_0_Test
[2018.03.05-00.23.53:822][923]LogPlayLevel: PIE: StaticDuplicateObject took: (0.012186s)
[2018.03.05-00.23.53:823][923]LogAIModule: Creating AISystem for world Test
[2018.03.05-00.23.53:823][923]LogPlayLevel: PIE: World Init took: (0.001120s)
[2018.03.05-00.23.53:824][923]LogPlayLevel: PIE: Created PIE world by copying editor world from /Game/TestMap/Test.Test to /Game/TestMap/UEDPIE_0_Test.Test (0.014029s)
[2018.03.05-00.23.53:849][923]LogInit: XAudio2 using 'U28E850-8 (2- NVIDIA High Definition Audio)' : 2 channels at 48 kHz using 16 bits per sample (channel mask 0x3)
[2018.03.05-00.23.53:856][923]LogInit: FAudioDevice initialized.
[2018.03.05-00.23.53:889][923]LogLoad: Game class is 'GameModeBase'
[2018.03.05-00.23.53:895][923]LogWorld: Bringing World /Game/TestMap/UEDPIE_0_Test.Test up for play (max tick rate 0) at 2018.03.05-11.23.53
[2018.03.05-00.23.53:896][923]LogWorld: Bringing up level for play took: 0.005853
[2018.03.05-00.23.53:898][923]PIE: Play in editor start time for /Game/TestMap/UEDPIE_0_Test 0.534
[2018.03.05-00.23.53:898][923]LogBlueprintUserMessages: Late PlayInEditor Detection: Level '/Game/TestMap/Test.Test:PersistentLevel' has LevelScriptBlueprint '/Game/TestMap/Test.Test:PersistentLevel.Test' with GeneratedClass '/Game/TestMap/Test.Test_C' with ClassGeneratedBy '/Game/TestMap/Test.Test:PersistentLevel.Test'
[2018.03.05-00.23.56:138][187]LogBlueprintUserMessages: [BP_Coin7_2026] 10 Points!
[2018.03.05-00.24.00:172][671]LogBlueprintUserMessages: [BP_Coin_325] 10 Points!
[2018.03.05-00.24.04:864][234]LogBlueprintUserMessages: [BP_Coin2_253] 10 Points!
[2018.03.05-00.24.06:623][445]LogBlueprintUserMessages: [BP_Coin3_772] 10 Points!
[2018.03.05-00.24.07:473][547]LogBlueprintUserMessages: [BP_Coin4_1149] 10 Points!
[2018.03.05-00.24.08:281][644]LogBlueprintUserMessages: [BP_Coin5_1380] 10 Points!
[2018.03.05-00.24.09:856][833]LogBlueprintUserMessages: [BP_Coin9_2370] 10 Points!
[2018.03.05-00.24.10:956][965]LogBlueprintUserMessages: [BP_Coin16_4075] 10 Points!
[2018.03.05-00.24.12:614][164]LogBlueprintUserMessages: [BP_Coin12_3089] 10 Points!
[2018.03.05-00.24.14:923][441]LogBlueprintUserMessages: [BP_Coin17_4552] 10 Points!
[2018.03.05-00.24.15:673][531]LogBlueprintUserMessages: [BP_Coin10_2615] 10 Points!
[2018.03.05-00.24.17:156][709]LogBlueprintUserMessages: [BP_Coin13_3294] 10 Points!
[2018.03.05-00.24.18:532][874]LogBlueprintUserMessages: [BP_Coin11_2852] 10 Points!
[2018.03.05-00.24.19:056][937]LogBlueprintUserMessages: [BP_Coin14_3659] 10 Points!
[2018.03.05-00.24.19:556][997]LogBlueprintUserMessages: [BP_Coin15_3796] 10 Points!
[2018.03.05-00.24.20:106][ 63]LogBlueprintUserMessages: [BP_Coin8_2195] 10 Points!
[2018.03.05-00.24.23:740][499]LogBlueprintUserMessages: [BP_Coin6_1727] 10 Points!
[2018.03.05-00.24.51:799][865]LogBlueprintUserMessages: Early EndPlayMap Detection: Level '/Game/TestMap/Test.Test:PersistentLevel' has LevelScriptBlueprint '/Game/TestMap/Test.Test:PersistentLevel.Test' with GeneratedClass '/Game/TestMap/Test.Test_C' with ClassGeneratedBy '/Game/TestMap/Test.Test:PersistentLevel.Test'
[2018.03.05-00.24.51:835][865]LogBlueprintUserMessages: Late EndPlayMap Detection: Level '/Game/TestMap/Test.Test:PersistentLevel' has LevelScriptBlueprint '/Game/TestMap/Test.Test:PersistentLevel.Test' with GeneratedClass '/Game/TestMap/Test.Test_C' with ClassGeneratedBy '/Game/TestMap/Test.Test:PersistentLevel.Test'
[2018.03.05-00.28.00:907][700]LogEditorViewport: Clicking on Actor (LMB): StaticMeshActor (Cube106)
[2018.03.05-00.30.09:122][879]LogMaterial: Missing cached shader map for material BaseMaterial, compiling. 
[2018.03.05-00.30.09:203][879]LogMaterial: Missing cached shader map for material BaseMaterial, compiling. 
[2018.03.05-00.30.09:221][879]LogMaterial: Missing cached shader map for material BaseMaterial, compiling. 
[2018.03.05-00.30.09:264][879]LogMaterial: Missing cached shader map for material FMatExpressionPreview MaterialExpressionConstant3Vector_2, compiling. 
[2018.03.05-00.30.09:271][879]LogMaterial: Missing cached shader map for material FMatExpressionPreview MaterialExpressionComponentMask_0, compiling. 
[2018.03.05-00.30.09:276][879]LogMaterial: Missing cached shader map for material FMatExpressionPreview MaterialExpressionComponentMask_1, compiling. 
[2018.03.05-00.30.09:282][879]LogMaterial: Missing cached shader map for material FMatExpressionPreview MaterialExpressionMultiply_0, compiling. 
[2018.03.05-00.30.09:289][879]LogMaterial: Missing cached shader map for material FMatExpressionPreview MaterialExpressionMultiply_1, compiling. 
[2018.03.05-00.30.09:295][879]LogMaterial: Missing cached shader map for material FMatExpressionPreview MaterialExpressionSine_0, compiling. 
[2018.03.05-00.30.09:300][879]LogMaterial: Missing cached shader map for material FMatExpressionPreview MaterialExpressionSine_1, compiling. 
[2018.03.05-00.30.09:305][879]LogMaterial: Missing cached shader map for material FMatExpressionPreview MaterialExpressionOneMinus_0, compiling. 
[2018.03.05-00.30.09:310][879]LogMaterial: Missing cached shader map for material FMatExpressionPreview MaterialExpressionOneMinus_1, compiling. 
[2018.03.05-00.30.09:315][879]LogMaterial: Missing cached shader map for material FMatExpressionPreview MaterialExpressionVectorParameter_1, compiling. 
[2018.03.05-00.30.10:714][ 24]MaterialEditorStats: Base pass shader: 110 instructions
[2018.03.05-00.30.10:714][ 24]MaterialEditorStats: Base pass shader with Surface Lightmap: 127 instructions
[2018.03.05-00.30.10:714][ 24]MaterialEditorStats: Base pass shader with Volumetric Lightmap: 183 instructions
[2018.03.05-00.30.10:714][ 24]MaterialEditorStats: Vertex shader: 31 instructions
[2018.03.05-00.30.10:715][ 24]MaterialEditorStats: Texture samplers: 3/16
[2018.03.05-00.30.10:715][ 24]MaterialEditorStats: User interpolators: 2/4 Scalars (1/4 Vectors) (TexCoords: 2, Custom: 0)
[2018.03.05-00.30.41:212][907]LogMaterial: Missing cached shader map for material FDebugViewModeMaterialProxy BlueMaterial, compiling. 
[2018.03.05-00.30.41:507][907]TextureStreamingBuild: Display: Compiling optional shaders took 0.301 seconds.
[2018.03.05-00.31.24:061][256]LogSlate: Took 0.000253 seconds to synchronously load lazily loaded font '../../../Engine/Content/Slate/Fonts/Roboto-Light.ttf' (159K)
[2018.03.05-00.31.28:211][665]LogMaterial: Missing cached shader map for material FDebugViewModeMaterialProxy RedMaterial, compiling. 
[2018.03.05-00.31.28:517][665]TextureStreamingBuild: Display: Compiling optional shaders took 0.310 seconds.
[2018.03.05-00.31.33:113][117]LogFileHelpers: Editor autosave (incl. sublevels) for '/Game/TestMap/Test' took 0.008
[2018.03.05-00.31.33:115][117]OBJ SavePackage: Generating thumbnails for [1] asset(s) in package [/Game/Materials/BlueMaterial] ([1] browsable assets)...
[2018.03.05-00.31.33:126][117]OBJ SavePackage:     Rendered thumbnail for [MaterialInstanceConstant /Game/Materials/BlueMaterial.BlueMaterial]
[2018.03.05-00.31.33:126][117]OBJ SavePackage: Finished generating thumbnails for package [/Game/Materials/BlueMaterial]
[2018.03.05-00.31.33:143][117]LogSavePackage: Save=10.23ms
[2018.03.05-00.31.33:143][117]LogSavePackage: Moving '../../../../../../Users/tkumazawa/Desktop/GPG220PacmanEditor/Saved/BlueMaterial_Auto189D7606B44DEB53B611BCEAF7CD9D9FA.tmp' to '../../../../../../Users/tkumazawa/Desktop/GPG220PacmanEditor/Saved/Autosaves/Game/Materials/BlueMaterial_Auto1.uasset'
[2018.03.05-00.31.33:145][117]LogSavePackage: Display: Finished SavePackage ../../../../../../Users/tkumazawa/Desktop/GPG220PacmanEditor/Saved/Autosaves/Game/Materials/BlueMaterial_Auto1.uasset
[2018.03.05-00.31.33:146][117]OBJ SavePackage: Generating thumbnails for [1] asset(s) in package [/Game/Materials/RedMaterial] ([1] browsable assets)...
[2018.03.05-00.31.33:156][117]OBJ SavePackage:     Rendered thumbnail for [MaterialInstanceConstant /Game/Materials/RedMaterial.RedMaterial]
[2018.03.05-00.31.33:156][117]OBJ SavePackage: Finished generating thumbnails for package [/Game/Materials/RedMaterial]
[2018.03.05-00.31.33:167][117]LogSavePackage: Save=9.13ms
[2018.03.05-00.31.33:167][117]LogSavePackage: Moving '../../../../../../Users/tkumazawa/Desktop/GPG220PacmanEditor/Saved/RedMaterial_Auto16FC3820E4DAF9EB77D6AFCA29B6FCA9A.tmp' to '../../../../../../Users/tkumazawa/Desktop/GPG220PacmanEditor/Saved/Autosaves/Game/Materials/RedMaterial_Auto1.uasset'
[2018.03.05-00.31.33:169][117]LogSavePackage: Display: Finished SavePackage ../../../../../../Users/tkumazawa/Desktop/GPG220PacmanEditor/Saved/Autosaves/Game/Materials/RedMaterial_Auto1.uasset
[2018.03.05-00.31.33:169][117]LogFileHelpers: Auto-saving content packages took 0.056
[2018.03.05-00.32.30:631][944]LogMaterial: Missing cached shader map for material FDebugViewModeMaterialProxy BlueMaterial, compiling. 
[2018.03.05-00.32.30:937][944]TextureStreamingBuild: Display: Compiling optional shaders took 0.310 seconds.
[2018.03.05-00.35.01:755][960]LogMaterial: Missing cached shader map for material FDebugViewModeMaterialProxy BlueMaterial, compiling. 
[2018.03.05-00.35.02:063][960]TextureStreamingBuild: Display: Compiling optional shaders took 0.311 seconds.
[2018.03.05-00.35.04:524][  4]Cmd: QUIT_EDITOR
[2018.03.05-00.35.04:948][  4]LogWindowsTextInputMethodSystem: Display: IME system now deactivated.
[2018.03.05-00.35.04:967][  4]LogExit: Preparing to exit.
[2018.03.05-00.35.05:556][  4]LogDirectoryWatcher: A directory notification for 'C:/Users/tkumazawa/Desktop/GPG220PacmanEditor/Content/' was aborted.
[2018.03.05-00.35.05:592][  4]LogExit: Editor shut down
[2018.03.05-00.35.05:597][  4]LogExit: Transaction tracking system shut down
[2018.03.05-00.35.05:747][  4]LogDirectoryWatcher: A directory notification for '../../../Engine/Content/' was aborted.
[2018.03.05-00.35.05:748][  4]LogDirectoryWatcher: A directory notification for '../../../../../../Users/tkumazawa/Desktop/GPG220PacmanEditor/Content/' was aborted.
[2018.03.05-00.35.05:748][  4]LogDirectoryWatcher: A directory notification for '../../../Engine/Plugins/2D/Paper2D/Content/' was aborted.
[2018.03.05-00.35.05:748][  4]LogDirectoryWatcher: A directory notification for '../../../Engine/Plugins/Media/MediaCompositing/Content/' was aborted.
[2018.03.05-00.35.05:748][  4]LogDirectoryWatcher: A directory notification for '../../../Engine/Plugins/Runtime/AppleARKit/Content/' was aborted.
[2018.03.05-00.35.05:748][  4]LogDirectoryWatcher: A directory notification for '../../../Engine/Plugins/Runtime/Oculus/OculusVR/Content/' was aborted.
[2018.03.05-00.35.05:748][  4]LogDirectoryWatcher: A directory notification for '../../../Engine/Plugins/Runtime/Steam/SteamVR/Content/' was aborted.
[2018.03.05-00.35.05:793][  4]LogExit: Object subsystem successfully closed.
[2018.03.05-00.35.05:818][  4]LogD3D11RHI: Shutdown
[2018.03.05-00.35.05:818][  4]LogD3D11RHI: CleanupD3DDevice
[2018.03.05-00.35.05:824][  4]LogD3D11RHI: ~FD3D11DynamicRHI
[2018.03.05-00.35.05:860][  4]LogModuleManager: Shutting down and abandoning module MaterialEditor (556)
[2018.03.05-00.35.05:860][  4]LogModuleManager: Shutting down and abandoning module MovieSceneCapture (554)
[2018.03.05-00.35.05:860][  4]LogModuleManager: Shutting down and abandoning module HierarchicalLODOutliner (552)
[2018.03.05-00.35.05:860][  4]LogModuleManager: Shutting down and abandoning module DesktopPlatform (550)
[2018.03.05-00.35.05:860][  4]LogModuleManager: Shutting down and abandoning module SceneOutliner (548)
[2018.03.05-00.35.05:860][  4]LogModuleManager: Shutting down and abandoning module AddContentDialog (546)
[2018.03.05-00.35.05:860][  4]LogDirectoryWatcher: A directory notification for 'C:/Program Files/Epic Games/UE_4.18/FeaturePacks/' was aborted.
[2018.03.05-00.35.05:861][  4]LogModuleManager: Shutting down and abandoning module WidgetCarousel (545)
[2018.03.05-00.35.05:861][  4]LogModuleManager: Shutting down and abandoning module EditorWidgets (542)
[2018.03.05-00.35.05:861][  4]LogModuleManager: Shutting down and abandoning module CollectionManager (540)
[2018.03.05-00.35.05:861][  4]LogDirectoryWatcher: A directory notification for 'C:/Users/tkumazawa/Desktop/GPG220PacmanEditor/Content/Collections/' was aborted.
[2018.03.05-00.35.05:861][  4]LogDirectoryWatcher: A directory notification for 'C:/Users/tkumazawa/Desktop/GPG220PacmanEditor/Content/Developers/tkumazawa/Collections/' was aborted.
[2018.03.05-00.35.05:861][  4]LogDirectoryWatcher: A directory notification for 'C:/Users/tkumazawa/Desktop/GPG220PacmanEditor/Saved/Collections/' was aborted.
[2018.03.05-00.35.05:861][  4]LogModuleManager: Shutting down and abandoning module HierarchicalLODUtilities (538)
[2018.03.05-00.35.05:861][  4]LogModuleManager: Shutting down and abandoning module StatsViewer (536)
[2018.03.05-00.35.05:861][  4]LogModuleManager: Shutting down and abandoning module FoliageEdit (534)
[2018.03.05-00.35.05:861][  4]LogModuleManager: Shutting down and abandoning module LandscapeEditor (532)
[2018.03.05-00.35.05:861][  4]LogModuleManager: Shutting down and abandoning module MeshPaintMode (530)
[2018.03.05-00.35.05:861][  4]LogModuleManager: Shutting down and abandoning module SceneDepthPickerMode (528)
[2018.03.05-00.35.05:861][  4]LogModuleManager: Shutting down and abandoning module ActorPickerMode (526)
[2018.03.05-00.35.05:861][  4]LogModuleManager: Shutting down and abandoning module GeometryMode (524)
[2018.03.05-00.35.05:861][  4]LogModuleManager: Shutting down and abandoning module TextureAlignMode (522)
[2018.03.05-00.35.05:861][  4]LogModuleManager: Shutting down and abandoning module BspMode (520)
[2018.03.05-00.35.05:861][  4]LogModuleManager: Shutting down and abandoning module PIEPreviewDeviceProfileSelector (518)
[2018.03.05-00.35.05:861][  4]LogModuleManager: Shutting down and abandoning module HardwareSurvey (516)
[2018.03.05-00.35.05:861][  4]LogModuleManager: Shutting down and abandoning module SequenceRecorderSections (514)
[2018.03.05-00.35.05:862][  4]LogModuleManager: Shutting down and abandoning module AutomationWorker (512)
[2018.03.05-00.35.05:862][  4]LogModuleManager: Shutting down and abandoning module MatineeToLevelSequence (510)
[2018.03.05-00.35.05:862][  4]LogModuleManager: Shutting down and abandoning module LevelSequenceEditor (508)
[2018.03.05-00.35.05:862][  4]LogModuleManager: Shutting down and abandoning module PlacementMode (507)
[2018.03.05-00.35.05:862][  4]LogModuleManager: Shutting down and abandoning module WmfMediaFactory (504)
[2018.03.05-00.35.05:862][  4]LogModuleManager: Shutting down and abandoning module WmfMediaEditor (502)
[2018.03.05-00.35.05:862][  4]LogModuleManager: Shutting down and abandoning module OpenExrWrapper (500)
[2018.03.05-00.35.05:862][  4]LogModuleManager: Shutting down and abandoning module ImgMediaFactory (498)
[2018.03.05-00.35.05:862][  4]LogModuleManager: Shutting down and abandoning module ImgMediaEditor (496)
[2018.03.05-00.35.05:862][  4]LogModuleManager: Shutting down and abandoning module AvfMediaFactory (494)
[2018.03.05-00.35.05:862][  4]LogModuleManager: Shutting down and abandoning module AvfMediaEditor (492)
[2018.03.05-00.35.05:862][  4]LogModuleManager: Shutting down and abandoning module AndroidMediaFactory (490)
[2018.03.05-00.35.05:862][  4]LogModuleManager: Shutting down and abandoning module AndroidMediaEditor (488)
[2018.03.05-00.35.05:862][  4]LogModuleManager: Shutting down and abandoning module CharacterAI (486)
[2018.03.05-00.35.05:862][  4]LogModuleManager: Shutting down and abandoning module AudioCapture (484)
[2018.03.05-00.35.05:862][  4]LogModuleManager: Shutting down and abandoning module SequenceRecorder (483)
[2018.03.05-00.35.05:862][  4]LogModuleManager: Shutting down and abandoning module SmartSnapping (480)
[2018.03.05-00.35.05:862][  4]LogModuleManager: Shutting down and abandoning module SessionServices (478)
[2018.03.05-00.35.05:862][  4]LogModuleManager: Shutting down and abandoning module ViewportSnapping (476)
[2018.03.05-00.35.05:862][  4]LogModuleManager: Shutting down and abandoning module ViewportInteraction (474)
[2018.03.05-00.35.05:862][  4]LogModuleManager: Shutting down and abandoning module ClothPainter (472)
[2018.03.05-00.35.05:862][  4]LogModuleManager: Shutting down and abandoning module SkeletalMeshEditor (471)
[2018.03.05-00.35.05:862][  4]LogModuleManager: Shutting down and abandoning module LogVisualizer (468)
[2018.03.05-00.35.05:862][  4]LogModuleManager: Shutting down and abandoning module IntroTutorials (466)
[2018.03.05-00.35.05:862][  4]LogModuleManager: Shutting down and abandoning module GameProjectGeneration (465)
[2018.03.05-00.35.05:862][  4]LogModuleManager: Shutting down and abandoning module IOSPlatformEditor (462)
[2018.03.05-00.35.05:862][  4]LogModuleManager: Shutting down and abandoning module HTML5PlatformEditor (460)
[2018.03.05-00.35.05:862][  4]LogModuleManager: Shutting down and abandoning module AndroidPlatformEditor (458)
[2018.03.05-00.35.05:862][  4]LogModuleManager: Shutting down and abandoning module AndroidDeviceDetection (457)
[2018.03.05-00.35.06:496][  4]LogModuleManager: Shutting down and abandoning module WindowsPlatformEditor (454)
[2018.03.05-00.35.06:496][  4]LogModuleManager: Shutting down and abandoning module IOSRuntimeSettings (452)
[2018.03.05-00.35.06:496][  4]LogModuleManager: Shutting down and abandoning module AndroidRuntimeSettings (450)
[2018.03.05-00.35.06:496][  4]LogModuleManager: Shutting down and abandoning module InputBindingEditor (448)
[2018.03.05-00.35.06:496][  4]LogModuleManager: Shutting down and abandoning module MergeActors (446)
[2018.03.05-00.35.06:496][  4]LogModuleManager: Shutting down and abandoning module SizeMap (444)
[2018.03.05-00.35.06:496][  4]LogModuleManager: Shutting down and abandoning module TreeMap (442)
[2018.03.05-00.35.06:496][  4]LogModuleManager: Shutting down and abandoning module ReferenceViewer (440)
[2018.03.05-00.35.06:496][  4]LogModuleManager: Shutting down and abandoning module LocalizationDashboard (438)
[2018.03.05-00.35.06:496][  4]LogModuleManager: Shutting down and abandoning module LocalizationService (437)
[2018.03.05-00.35.06:496][  4]LogModuleManager: Shutting down and abandoning module HardwareTargeting (434)
[2018.03.05-00.35.06:496][  4]LogModuleManager: Shutting down and abandoning module DeviceProfileEditor (432)
[2018.03.05-00.35.06:496][  4]LogModuleManager: Shutting down and abandoning module UndoHistory (430)
[2018.03.05-00.35.06:496][  4]LogModuleManager: Shutting down and abandoning module XmlParser (428)
[2018.03.05-00.35.06:496][  4]LogModuleManager: Shutting down and abandoning module Blutility (426)
[2018.03.05-00.35.06:496][  4]LogModuleManager: Shutting down and abandoning module ProjectSettingsViewer (424)
[2018.03.05-00.35.06:496][  4]LogModuleManager: Shutting down and abandoning module ProjectTargetPlatformEditor (423)
[2018.03.05-00.35.06:496][  4]LogModuleManager: Shutting down and abandoning module EditorSettingsViewer (420)
[2018.03.05-00.35.06:496][  4]LogModuleManager: Shutting down and abandoning module SettingsEditor (418)
[2018.03.05-00.35.06:496][  4]LogModuleManager: Shutting down and abandoning module ProjectLauncher (416)
[2018.03.05-00.35.06:496][  4]LogModuleManager: Shutting down and abandoning module SessionFrontend (414)
[2018.03.05-00.35.06:496][  4]LogModuleManager: Shutting down and abandoning module ProfilerClient (412)
[2018.03.05-00.35.06:496][  4]LogModuleManager: Shutting down and abandoning module DeviceManager (410)
[2018.03.05-00.35.06:496][  4]LogModuleManager: Shutting down and abandoning module TargetDeviceServices (409)
[2018.03.05-00.35.06:559][  4]LogModuleManager: Shutting down and abandoning module AutomationController (406)
[2018.03.05-00.35.06:559][  4]LogModuleManager: Shutting down and abandoning module AutomationWindow (404)
[2018.03.05-00.35.06:559][  4]LogModuleManager: Shutting down and abandoning module Layers (402)
[2018.03.05-00.35.06:559][  4]LogModuleManager: Shutting down and abandoning module ComponentVisualizers (400)
[2018.03.05-00.35.06:559][  4]LogModuleManager: Shutting down and abandoning module DetailCustomizations (398)
[2018.03.05-00.35.06:559][  4]LogModuleManager: Shutting down and abandoning module PackagesDialog (396)
[2018.03.05-00.35.06:560][  4]LogModuleManager: Shutting down and abandoning module Persona (394)
[2018.03.05-00.35.06:560][  4]LogModuleManager: Shutting down and abandoning module AdvancedPreviewScene (393)
[2018.03.05-00.35.06:560][  4]LogModuleManager: Shutting down and abandoning module AnimGraph (391)
[2018.03.05-00.35.06:560][  4]LogModuleManager: Shutting down and abandoning module Kismet (388)
[2018.03.05-00.35.06:560][  4]LogModuleManager: Shutting down and abandoning module ClassViewer (386)
[2018.03.05-00.35.06:560][  4]LogModuleManager: Shutting down and abandoning module Toolbox (384)
[2018.03.05-00.35.06:560][  4]LogModuleManager: Shutting down and abandoning module ModuleUI (382)
[2018.03.05-00.35.06:560][  4]LogModuleManager: Shutting down and abandoning module MovieSceneTools (380)
[2018.03.05-00.35.06:560][  4]LogModuleManager: Shutting down and abandoning module OutputLog (378)
[2018.03.05-00.35.06:560][  4]LogModuleManager: Shutting down and abandoning module GammaUI (376)
[2018.03.05-00.35.06:560][  4]LogModuleManager: Shutting down and abandoning module Documentation (374)
[2018.03.05-00.35.06:560][  4]LogModuleManager: Shutting down and abandoning module MovieSceneTracks (372)
[2018.03.05-00.35.06:560][  4]LogModuleManager: Shutting down and abandoning module MovieScene (370)
[2018.03.05-00.35.06:560][  4]LogModuleManager: Shutting down and abandoning module StreamingPauseRendering (368)
[2018.03.05-00.35.06:560][  4]LogModuleManager: Shutting down and abandoning module LauncherPlatform (366)
[2018.03.05-00.35.06:560][  4]LogModuleManager: Shutting down and abandoning module AnalyticsET (364)
[2018.03.05-00.35.06:560][  4]LogModuleManager: Shutting down and abandoning module PortalServices (362)
[2018.03.05-00.35.06:561][  4]LogModuleManager: Shutting down and abandoning module PortalRpc (360)
[2018.03.05-00.35.06:561][  4]LogModuleManager: Shutting down and abandoning module MessagingRpc (358)
[2018.03.05-00.35.06:561][  4]LogModuleManager: Shutting down and abandoning module AIModule (356)
[2018.03.05-00.35.06:561][  4]LogModuleManager: Shutting down and abandoning module GameplayDebugger (355)
[2018.03.05-00.35.06:561][  4]LogModuleManager: Shutting down and abandoning module AITestSuite (353)
[2018.03.05-00.35.06:561][  4]LogModuleManager: Shutting down and abandoning module ProfilerService (350)
[2018.03.05-00.35.06:713][  4]LogModuleManager: Shutting down and abandoning module TaskGraph (348)
[2018.03.05-00.35.06:713][  4]LogModuleManager: Shutting down and abandoning module SteamVRController (346)
[2018.03.05-00.35.06:713][  4]LogModuleManager: Shutting down and abandoning module ProceduralMeshComponentEditor (344)
[2018.03.05-00.35.06:713][  4]LogModuleManager: Shutting down and abandoning module ProceduralMeshComponent (342)
[2018.03.05-00.35.06:713][  4]LogModuleManager: Shutting down and abandoning module OculusInput (340)
[2018.03.05-00.35.06:713][  4]LogModuleManager: Shutting down and abandoning module MobilePatchingUtils (338)
[2018.03.05-00.35.06:713][  4]LogModuleManager: Shutting down and abandoning module CustomMeshComponent (336)
[2018.03.05-00.35.06:713][  4]LogModuleManager: Shutting down and abandoning module CableComponent (334)
[2018.03.05-00.35.06:713][  4]LogModuleManager: Shutting down and abandoning module ArchVisCharacter (332)
[2018.03.05-00.35.06:713][  4]LogModuleManager: Shutting down and abandoning module AndroidPermission (330)
[2018.03.05-00.35.06:713][  4]LogModuleManager: Shutting down and abandoning module ActorSequence (326)
[2018.03.05-00.35.06:713][  4]LogModuleManager: Shutting down and abandoning module MediaPlayerEditor (324)
[2018.03.05-00.35.06:713][  4]LogModuleManager: Shutting down and abandoning module MediaCompositingEditor (322)
[2018.03.05-00.35.06:713][  4]LogModuleManager: Shutting down and abandoning module MediaCompositing (320)
[2018.03.05-00.35.06:714][  4]LogModuleManager: Shutting down and abandoning module HTML5Networking (318)
[2018.03.05-00.35.06:714][  4]LogModuleManager: Shutting down and abandoning module AlembicImporter (316)
[2018.03.05-00.35.06:714][  4]LogModuleManager: Shutting down and abandoning module AlembicLibrary (315)
[2018.03.05-00.35.06:714][  4]LogModuleManager: Shutting down and abandoning module GeometryCache (314)
[2018.03.05-00.35.06:714][  4]LogModuleManager: Shutting down and abandoning module GeometryCacheEd (313)
[2018.03.05-00.35.06:714][  4]LogModuleManager: Shutting down and abandoning module SpeedTreeImporter (308)
[2018.03.05-00.35.06:714][  4]LogModuleManager: Shutting down and abandoning module PluginBrowser (306)
[2018.03.05-00.35.06:714][  4]LogModuleManager: Shutting down and abandoning module MobileLauncherProfileWizard (304)
[2018.03.05-00.35.06:714][  4]LogModuleManager: Shutting down and abandoning module VisualStudioSourceCodeAccess (302)
[2018.03.05-00.35.06:714][  4]LogModuleManager: Shutting down and abandoning module VisualStudioCodeSourceCodeAccess (300)
[2018.03.05-00.35.06:714][  4]LogModuleManager: Shutting down and abandoning module UObjectPlugin (298)
[2018.03.05-00.35.06:714][  4]LogModuleManager: Shutting down and abandoning module SubversionSourceControl (296)
[2018.03.05-00.35.06:714][  4]LogModuleManager: Shutting down and abandoning module PerforceSourceControl (294)
[2018.03.05-00.35.06:714][  4]LogModuleManager: Shutting down and abandoning module GitSourceControl (292)
[2018.03.05-00.35.06:714][  4]LogModuleManager: Shutting down and abandoning module SourceControl (291)
[2018.03.05-00.35.06:714][  4]LogModuleManager: Shutting down and abandoning module LightPropagationVolumeEditor (288)
[2018.03.05-00.35.06:714][  4]LogModuleManager: Shutting down and abandoning module PaperTiledImporter (286)
[2018.03.05-00.35.06:714][  4]LogModuleManager: Shutting down and abandoning module PaperSpriteSheetImporter (284)
[2018.03.05-00.35.06:714][  4]LogModuleManager: Shutting down and abandoning module Paper2DEditor (282)
[2018.03.05-00.35.06:714][  4]LogModuleManager: Shutting down and abandoning module MeshPaint (281)
[2018.03.05-00.35.06:714][  4]LogModuleManager: Shutting down and abandoning module LevelEditor (279)
[2018.03.05-00.35.06:715][  4]LogModuleManager: Shutting down and abandoning module PixelInspectorModule (278)
[2018.03.05-00.35.06:715][  4]LogModuleManager: Shutting down and abandoning module MainFrame (276)
[2018.03.05-00.35.06:715][  4]LogModuleManager: Shutting down and abandoning module HotReload (275)
[2018.03.05-00.35.06:715][  4]LogDirectoryWatcher: A directory notification for 'C:/Users/tkumazawa/Desktop/GPG220PacmanEditor/Binaries/Win64' was aborted.
[2018.03.05-00.35.06:715][  4]LogModuleManager: Shutting down and abandoning module GPG220_Project (270)
[2018.03.05-00.35.06:715][  4]LogModuleManager: Shutting down and abandoning module RuntimePhysXCooking (268)
[2018.03.05-00.35.06:715][  4]LogModuleManager: Shutting down and abandoning module PhysXVehiclesEditor (266)
[2018.03.05-00.35.06:715][  4]LogModuleManager: Shutting down and abandoning module PhysXVehicles (264)
[2018.03.05-00.35.06:715][  4]LogModuleManager: Shutting down and abandoning module OculusEditor (262)
[2018.03.05-00.35.06:715][  4]LogModuleManager: Shutting down and abandoning module LocationServicesBPLibrary (260)
[2018.03.05-00.35.06:715][  4]LogModuleManager: Shutting down and abandoning module ImmediatePhysicsEditor (258)
[2018.03.05-00.35.06:715][  4]LogModuleManager: Shutting down and abandoning module ImmediatePhysics (256)
[2018.03.05-00.35.06:715][  4]LogModuleManager: Shutting down and abandoning module UdpMessaging (254)
[2018.03.05-00.35.06:816][  4]LogModuleManager: Shutting down and abandoning module TcpMessaging (252)
[2018.03.05-00.35.06:917][  4]LogModuleManager: Shutting down and abandoning module GameplayTagsEditor (250)
[2018.03.05-00.35.06:917][  4]LogModuleManager: Shutting down and abandoning module FacialAnimationEditor (248)
[2018.03.05-00.35.06:917][  4]LogModuleManager: Shutting down and abandoning module FacialAnimation (246)
[2018.03.05-00.35.06:917][  4]LogModuleManager: Shutting down and abandoning module AssetManagerEditor (244)
[2018.03.05-00.35.06:917][  4]LogModuleManager: Shutting down and abandoning module GraphEditor (243)
[2018.03.05-00.35.06:917][  4]LogModuleManager: Shutting down and abandoning module ContentBrowser (241)
[2018.03.05-00.35.06:919][  4]LogModuleManager: Shutting down and abandoning module LightPropagationVolumeRuntime (238)
[2018.03.05-00.35.06:919][  4]LogModuleManager: Shutting down and abandoning module Paper2D (236)
[2018.03.05-00.35.06:919][  4]LogModuleManager: Shutting down and abandoning module WindowsMoviePlayer (234)
[2018.03.05-00.35.06:919][  4]LogModuleManager: Shutting down and abandoning module WmfMedia (232)
[2018.03.05-00.35.06:919][  4]LogModuleManager: Shutting down and abandoning module ImgMedia (230)
[2018.03.05-00.35.06:919][  4]LogModuleManager: Shutting down and abandoning module PacketHandler (228)
[2018.03.05-00.35.06:920][  4]LogModuleManager: Shutting down and abandoning module ClothingSystemEditor (226)
[2018.03.05-00.35.06:920][  4]LogModuleManager: Shutting down and abandoning module ClothingSystemRuntime (224)
[2018.03.05-00.35.06:920][  4]LogModuleManager: Shutting down and abandoning module MediaAssets (222)
[2018.03.05-00.35.06:920][  4]LogModuleManager: Shutting down and abandoning module Media (221)
[2018.03.05-00.35.06:927][  4]LogModuleManager: Shutting down and abandoning module Overlay (218)
[2018.03.05-00.35.06:927][  4]LogModuleManager: Shutting down and abandoning module OverlayEditor (217)
[2018.03.05-00.35.06:927][  4]LogModuleManager: Shutting down and abandoning module VREditor (214)
[2018.03.05-00.35.06:927][  4]LogModuleManager: Shutting down and abandoning module StringTableEditor (212)
[2018.03.05-00.35.06:927][  4]LogModuleManager: Shutting down and abandoning module GameplayTasksEditor (210)
[2018.03.05-00.35.06:927][  4]LogModuleManager: Shutting down and abandoning module BehaviorTreeEditor (208)
[2018.03.05-00.35.06:927][  4]LogModuleManager: Shutting down and abandoning module FunctionalTesting (206)
[2018.03.05-00.35.06:927][  4]LogModuleManager: Shutting down and abandoning module CollisionAnalyzer (204)
[2018.03.05-00.35.06:927][  4]LogModuleManager: Shutting down and abandoning module WorkspaceMenuStructure (203)
[2018.03.05-00.35.06:927][  4]LogModuleManager: Shutting down and abandoning module UMG (200)
[2018.03.05-00.35.06:927][  4]LogModuleManager: Shutting down and abandoning module UMGEditor (199)
[2018.03.05-00.35.06:927][  4]LogModuleManager: Shutting down and abandoning module Sequencer (198)
[2018.03.05-00.35.06:928][  4]LogModuleManager: Shutting down and abandoning module MessageLog (195)
[2018.03.05-00.35.06:928][  4]LogModuleManager: Shutting down and abandoning module SlateReflector (190)
[2018.03.05-00.35.06:928][  4]LogModuleManager: Shutting down and abandoning module Slate (188)
[2018.03.05-00.35.06:928][  4]LogModuleManager: Shutting down and abandoning module EditorStyle (186)
[2018.03.05-00.35.06:934][  4]LogModuleManager: Shutting down and abandoning module MRMesh (184)
[2018.03.05-00.35.06:935][  4]LogModuleManager: Shutting down and abandoning module SourceCodeAccess (182)
[2018.03.05-00.35.06:935][  4]LogModuleManager: Shutting down and abandoning module HeadMountedDisplay (180)
[2018.03.05-00.35.06:935][  4]LogModuleManager: Shutting down and abandoning module XAudio2 (178)
[2018.03.05-00.35.06:935][  4]LogModuleManager: Shutting down and abandoning module Networking (176)
[2018.03.05-00.35.06:935][  4]LogModuleManager: Shutting down and abandoning module Core (172)
[2018.03.05-00.35.06:935][  4]LogModuleManager: Shutting down and abandoning module LevelSequence (168)
[2018.03.05-00.35.06:935][  4]LogModuleManager: Shutting down and abandoning module DirectoryWatcher (166)
[2018.03.05-00.35.06:936][  4]LogModuleManager: Shutting down and abandoning module KismetCompiler (164)
[2018.03.05-00.35.06:936][  4]LogModuleManager: Shutting down and abandoning module MeshUtilities (162)
[2018.03.05-00.35.06:936][  4]LogModuleManager: Shutting down and abandoning module MeshMergeUtilities (161)
[2018.03.05-00.35.06:937][  4]LogModuleManager: Shutting down and abandoning module MeshReductionInterface (160)
[2018.03.05-00.35.06:937][  4]LogModuleManager: Shutting down and abandoning module SimplygonSwarm (159)
[2018.03.05-00.35.06:937][  4]LogModuleManager: Shutting down and abandoning module SimplygonMeshReduction (157)
[2018.03.05-00.35.06:937][  4]LogModuleManager: Shutting down and abandoning module QuadricMeshReduction (155)
[2018.03.05-00.35.06:937][  4]LogModuleManager: Shutting down and abandoning module MaterialBaking (151)
[2018.03.05-00.35.06:937][  4]LogModuleManager: Shutting down and abandoning module DerivedDataCache (148)
[2018.03.05-00.35.06:976][  4]LogDerivedDataCache: Shutdown
[2018.03.05-00.35.06:976][  4]LogModuleManager: Shutting down and abandoning module TargetPlatform (146)
[2018.03.05-00.35.06:976][  4]LogModuleManager: Shutting down and abandoning module VulkanShaderFormat (145)
[2018.03.05-00.35.06:976][  4]LogModuleManager: Shutting down and abandoning module ShaderFormatVectorVM (143)
[2018.03.05-00.35.06:976][  4]LogModuleManager: Shutting down and abandoning module ShaderFormatOpenGL (141)
[2018.03.05-00.35.06:976][  4]LogModuleManager: Shutting down and abandoning module ShaderFormatD3D (139)
[2018.03.05-00.35.06:976][  4]LogModuleManager: Shutting down and abandoning module MetalShaderFormat (137)
[2018.03.05-00.35.06:976][  4]LogModuleManager: Shutting down and abandoning module TextureFormatUncompressed (135)
[2018.03.05-00.35.06:976][  4]LogModuleManager: Shutting down and abandoning module TextureFormatPVR (133)
[2018.03.05-00.35.06:976][  4]LogModuleManager: Shutting down and abandoning module TextureFormatDXT (131)
[2018.03.05-00.35.06:976][  4]LogModuleManager: Shutting down and abandoning module TextureFormatIntelISPCTexComp (129)
[2018.03.05-00.35.06:976][  4]LogModuleManager: Shutting down and abandoning module TextureFormatASTC (127)
[2018.03.05-00.35.06:976][  4]LogModuleManager: Shutting down and abandoning module ImageWrapper (126)
[2018.03.05-00.35.06:977][  4]LogModuleManager: Shutting down and abandoning module TextureFormatAndroid (123)
[2018.03.05-00.35.06:977][  4]LogModuleManager: Shutting down and abandoning module AudioFormatOpus (121)
[2018.03.05-00.35.06:977][  4]LogModuleManager: Shutting down and abandoning module AudioFormatOgg (119)
[2018.03.05-00.35.06:977][  4]LogModuleManager: Shutting down and abandoning module AudioFormatADPCM (117)
[2018.03.05-00.35.06:977][  4]LogModuleManager: Shutting down and abandoning module LinuxTargetPlatform (115)
[2018.03.05-00.35.06:977][  4]LogModuleManager: Shutting down and abandoning module LinuxServerTargetPlatform (113)
[2018.03.05-00.35.06:977][  4]LogModuleManager: Shutting down and abandoning module LinuxNoEditorTargetPlatform (111)
[2018.03.05-00.35.06:977][  4]LogModuleManager: Shutting down and abandoning module LinuxClientTargetPlatform (109)
[2018.03.05-00.35.06:977][  4]LogModuleManager: Shutting down and abandoning module TVOSTargetPlatform (107)
[2018.03.05-00.35.06:977][  4]LogModuleManager: Shutting down and abandoning module Messaging (105)
[2018.03.05-00.35.06:977][  4]LogModuleManager: Shutting down and abandoning module IOSTargetPlatform (103)
[2018.03.05-00.35.06:977][  4]LogModuleManager: Shutting down and abandoning module HTML5TargetPlatform (101)
[2018.03.05-00.35.06:977][  4]LogModuleManager: Shutting down and abandoning module AndroidTargetPlatform (99)
[2018.03.05-00.35.06:977][  4]LogModuleManager: Shutting down and abandoning module Android_PVRTCTargetPlatform (97)
[2018.03.05-00.35.06:977][  4]LogModuleManager: Shutting down and abandoning module Android_MultiTargetPlatform (95)
[2018.03.05-00.35.06:977][  4]LogModuleManager: Shutting down and abandoning module Android_ETC2TargetPlatform (93)
[2018.03.05-00.35.06:977][  4]LogModuleManager: Shutting down and abandoning module Android_ETC1TargetPlatform (91)
[2018.03.05-00.35.06:977][  4]LogModuleManager: Shutting down and abandoning module Android_DXTTargetPlatform (89)
[2018.03.05-00.35.06:977][  4]LogModuleManager: Shutting down and abandoning module Android_ATCTargetPlatform (87)
[2018.03.05-00.35.06:977][  4]LogModuleManager: Shutting down and abandoning module Android_ASTCTargetPlatform (85)
[2018.03.05-00.35.06:977][  4]LogModuleManager: Shutting down and abandoning module WindowsTargetPlatform (83)
[2018.03.05-00.35.06:977][  4]LogModuleManager: Shutting down and abandoning module WindowsServerTargetPlatform (81)
[2018.03.05-00.35.06:977][  4]LogModuleManager: Shutting down and abandoning module WindowsNoEditorTargetPlatform (79)
[2018.03.05-00.35.06:977][  4]LogModuleManager: Shutting down and abandoning module WindowsClientTargetPlatform (77)
[2018.03.05-00.35.06:977][  4]LogModuleManager: Shutting down and abandoning module MacTargetPlatform (75)
[2018.03.05-00.35.06:977][  4]LogModuleManager: Shutting down and abandoning module MacServerTargetPlatform (73)
[2018.03.05-00.35.06:977][  4]LogModuleManager: Shutting down and abandoning module MacNoEditorTargetPlatform (71)
[2018.03.05-00.35.06:977][  4]LogModuleManager: Shutting down and abandoning module MacClientTargetPlatform (69)
[2018.03.05-00.35.06:978][  4]LogModuleManager: Shutting down and abandoning module AllDesktopTargetPlatform (67)
[2018.03.05-00.35.06:978][  4]LogModuleManager: Shutting down and abandoning module InputCore (64)
[2018.03.05-00.35.06:978][  4]LogModuleManager: Shutting down and abandoning module Settings (62)
[2018.03.05-00.35.06:978][  4]LogModuleManager: Shutting down and abandoning module PhysXCooking (60)
[2018.03.05-00.35.06:978][  4]LogModuleManager: Shutting down and abandoning module SteamVR (58)
[2018.03.05-00.35.06:978][  4]LogModuleManager: Shutting down and abandoning module OculusHMD (56)
[2018.03.05-00.35.06:978][  4]LogModuleManager: Shutting down and abandoning module ExampleDeviceProfileSelector (54)
[2018.03.05-00.35.06:978][  4]LogModuleManager: Shutting down and abandoning module AppleARKit (52)
[2018.03.05-00.35.06:978][  4]LogModuleManager: Shutting down and abandoning module AugmentedReality (51)
[2018.03.05-00.35.06:978][  4]LogModuleManager: Shutting down and abandoning module OnlineBlueprintSupport (48)
[2018.03.05-00.35.06:978][  4]LogModuleManager: Shutting down and abandoning module OnlineSubsystem (44)
[2018.03.05-00.35.06:978][  4]LogModuleManager: Shutting down and abandoning module XMPP (43)
[2018.03.05-00.35.06:978][  4]LogModuleManager: Shutting down and abandoning module HTTP (41)
[2018.03.05-00.35.06:978][  4]LogHttp: Display: Http module shutting down, but needs to wait on 1 outstanding Http requests:
[2018.03.05-00.35.06:978][  4]LogHttp: Display: 	verb=[POST] url=[https://datarouter.ol.epicgames.com/datarouter/api/v1/public/data?SessionID=%7B0619FC0E-4B62-0E56-E2BE-5CA787B23255%7D&AppID=UEEditor.Rocket.Release&AppVersion=4.18.3-3832480%2B%2B%2BUE4%2BRelease-4.18&UserID=8ad564f74d84f9291cba19ae0679d728%7C72c1e85ee6ef4244880bff6e0cf00224%7C9ad5ed9a-ea06-44ea-806b-38f08c3aad6b&AppEnvironment=datacollector-binary&UploadType=eteventstream] status=Processing
[2018.03.05-00.35.07:016][  4]LogModuleManager: Shutting down and abandoning module SSL (40)
[2018.03.05-00.35.07:019][  4]LogModuleManager: Shutting down and abandoning module AnimationModifiers (36)
[2018.03.05-00.35.07:020][  4]LogModuleManager: Shutting down and abandoning module PropertyEditor (35)
[2018.03.05-00.35.07:020][  4]LogModuleManager: Shutting down and abandoning module AudioEditor (32)
[2018.03.05-00.35.07:020][  4]LogModuleManager: Shutting down and abandoning module TextureCompressor (30)
[2018.03.05-00.35.07:020][  4]LogModuleManager: Shutting down and abandoning module ShaderCore (28)
[2018.03.05-00.35.07:020][  4]LogModuleManager: Shutting down and abandoning module Landscape (26)
[2018.03.05-00.35.07:020][  4]LogModuleManager: Shutting down and abandoning module SlateRHIRenderer (24)
[2018.03.05-00.35.07:023][  4]LogModuleManager: Shutting down and abandoning module OpenGLDrv (22)
[2018.03.05-00.35.07:023][  4]LogModuleManager: Shutting down and abandoning module D3D11RHI (20)
[2018.03.05-00.35.07:023][  4]LogModuleManager: Shutting down and abandoning module AnimGraphRuntime (18)
[2018.03.05-00.35.07:023][  4]LogModuleManager: Shutting down and abandoning module Renderer (16)
[2018.03.05-00.35.07:023][  4]LogModuleManager: Shutting down and abandoning module Engine (14)
[2018.03.05-00.35.07:023][  4]LogModuleManager: Shutting down and abandoning module CoreUObject (12)
[2018.03.05-00.35.07:023][  4]LogModuleManager: Shutting down and abandoning module NetworkFile (10)
[2018.03.05-00.35.07:023][  4]LogModuleManager: Shutting down and abandoning module CookedIterativeFile (8)
[2018.03.05-00.35.07:023][  4]LogModuleManager: Shutting down and abandoning module StreamingFile (6)
[2018.03.05-00.35.07:024][  4]LogModuleManager: Shutting down and abandoning module SandboxFile (4)
[2018.03.05-00.35.07:024][  4]LogModuleManager: Shutting down and abandoning module PakFile (2)
[2018.03.05-00.35.07:035][  4]LogExit: Exiting.
[2018.03.05-00.35.07:075][  4]Log file closed, 03/05/18 11:35:07
