Log file open, 02/27/18 08:59:57
LogWindows: Failed to load 'aqProf.dll' (GetLastError=126)
LogWindows: File 'aqProf.dll' does not exist
LogWindows: Failed to load 'VtuneApi.dll' (GetLastError=126)
LogWindows: File 'VtuneApi.dll' does not exist
LogWindows: Failed to load 'VtuneApi32e.dll' (GetLastError=126)
LogWindows: File 'VtuneApi32e.dll' does not exist
LogInit: Display: Running engine for game: GPG220_Project
LogPlatformFile: Not using cached read wrapper
LogInit: Display: RandInit(914768687) SRandInit(914768687).
LogInit: Read version file with build ID '3709383'
LogInit: Overriding engine version to CL 3832480, compatible CL 3709383
LogInit: Registered custom module enumerator with build ID '3709383'
LogTaskGraph: Started task graph with 5 named threads and 14 total threads with 3 sets of task threads.
LogStats: Stats thread started at 0.166366
LogD3D11RHI: Aftermath initialized
LogPluginManager: Mounting plugin Paper2D
LogPluginManager: Mounting plugin LightPropagationVolume
LogPluginManager: Mounting plugin CodeLiteSourceCodeAccess
LogPluginManager: Mounting plugin GitSourceControl
LogPluginManager: Mounting plugin KDevelopSourceCodeAccess
LogPluginManager: Mounting plugin NullSourceCodeAccess
LogPluginManager: Mounting plugin PerforceSourceControl
LogPluginManager: Mounting plugin SubversionSourceControl
LogPluginManager: Mounting plugin UObjectPlugin
LogPluginManager: Mounting plugin VisualStudioCodeSourceCodeAccess
LogPluginManager: Mounting plugin VisualStudioSourceCodeAccess
LogPluginManager: Mounting plugin XCodeSourceCodeAccess
LogPluginManager: Mounting plugin AssetManagerEditor
LogPluginManager: Mounting plugin AudioCapture
LogPluginManager: Mounting plugin FacialAnimation
LogPluginManager: Mounting plugin GameplayTagsEditor
LogPluginManager: Mounting plugin MobileLauncherProfileWizard
LogPluginManager: Mounting plugin PluginBrowser
LogPluginManager: Mounting plugin SpeedTreeImporter
LogPluginManager: Mounting plugin AlembicImporter
LogPluginManager: Mounting plugin CharacterAI
LogPluginManager: Mounting plugin HTML5Networking
LogPluginManager: Mounting plugin AndroidMedia
LogPluginManager: Mounting plugin AvfMedia
LogPluginManager: Mounting plugin ImgMedia
LogPluginManager: Mounting plugin MediaCompositing
LogPluginManager: Mounting plugin MediaPlayerEditor
LogPluginManager: Mounting plugin WmfMedia
LogPluginManager: Mounting plugin TcpMessaging
LogPluginManager: Mounting plugin UdpMessaging
LogPluginManager: Mounting plugin ActorSequence
LogPluginManager: Mounting plugin LevelSequenceEditor
LogPluginManager: Mounting plugin MatineeToLevelSequence
LogPluginManager: Mounting plugin OnlineSubsystemGooglePlay
LogPluginManager: Mounting plugin OnlineSubsystemIOS
LogPluginManager: Mounting plugin OnlineSubsystem
LogPluginManager: Mounting plugin OnlineSubsystemNull
LogPluginManager: Mounting plugin OnlineSubsystemUtils
LogPluginManager: Mounting plugin AndroidDeviceProfileSelector
LogPluginManager: Mounting plugin AndroidMoviePlayer
LogPluginManager: Mounting plugin AndroidPermission
LogPluginManager: Mounting plugin AppleARKit
LogPluginManager: Mounting plugin AppleMoviePlayer
LogPluginManager: Mounting plugin ArchVisCharacter
LogPluginManager: Mounting plugin CableComponent
LogPluginManager: Mounting plugin CustomMeshComponent
LogPluginManager: Mounting plugin ExampleDeviceProfileSelector
LogPluginManager: Mounting plugin GoogleCloudMessaging
LogPluginManager: Mounting plugin ImmediatePhysics
LogPluginManager: Mounting plugin IOSDeviceProfileSelector
LogPluginManager: Mounting plugin LinuxDeviceProfileSelector
LogPluginManager: Mounting plugin LocationServicesBPLibrary
LogPluginManager: Mounting plugin MobilePatchingUtils
LogPluginManager: Mounting plugin OculusVR
LogPluginManager: Plugin shader directory ../../../Engine/Plugins/Runtime/Oculus/OculusVR/Shaders found
LogPluginManager: Mapping shader source directory ../../../Engine/Plugins/Runtime/Oculus/OculusVR/Shaders to virtual directory /Plugin/OculusVR
LogPluginManager: Mounting plugin PhysXVehicles
LogPluginManager: Mounting plugin ProceduralMeshComponent
LogPluginManager: Mounting plugin RuntimePhysXCooking
LogPluginManager: Mounting plugin SteamVR
LogPluginManager: Mounting plugin WindowsMoviePlayer
LogModuleManager: Display: Found up-to-date module file ../../../../../../Users/tkumazawa/Documents/GPG220_Project/Binaries/Win64/UE4Editor-GPG220_Project.dll (API version 3709383).
LogModuleManager: Display: Found up-to-date module file ../../../Engine/Plugins/2D/Paper2D/Binaries/Win64/UE4Editor-Paper2D.dll (API version 3709383).
LogModuleManager: Display: Found up-to-date module file ../../../Engine/Plugins/2D/Paper2D/Binaries/Win64/UE4Editor-Paper2DEditor.dll (API version 3709383).
LogModuleManager: Display: Found up-to-date module file ../../../Engine/Plugins/2D/Paper2D/Binaries/Win64/UE4Editor-PaperSpriteSheetImporter.dll (API version 3709383).
LogModuleManager: Display: Found up-to-date module file ../../../Engine/Plugins/2D/Paper2D/Binaries/Win64/UE4Editor-PaperTiledImporter.dll (API version 3709383).
LogModuleManager: Display: Found up-to-date module file ../../../Engine/Plugins/2D/Paper2D/Binaries/Win64/UE4Editor-SmartSnapping.dll (API version 3709383).
LogModuleManager: Display: Found up-to-date module file ../../../Engine/Plugins/Blendables/LightPropagationVolume/Binaries/Win64/UE4Editor-LightPropagationVolumeRuntime.dll (API version 3709383).
LogModuleManager: Display: Found up-to-date module file ../../../Engine/Plugins/Blendables/LightPropagationVolume/Binaries/Win64/UE4Editor-LightPropagationVolumeEditor.dll (API version 3709383).
LogModuleManager: Display: Found up-to-date module file ../../../Engine/Plugins/Developer/GitSourceControl/Binaries/Win64/UE4Editor-GitSourceControl.dll (API version 3709383).
LogModuleManager: Display: Found up-to-date module file ../../../Engine/Plugins/Developer/PerforceSourceControl/Binaries/Win64/UE4Editor-PerforceSourceControl.dll (API version 3709383).
LogModuleManager: Display: Found up-to-date module file ../../../Engine/Plugins/Developer/SubversionSourceControl/Binaries/Win64/UE4Editor-SubversionSourceControl.dll (API version 3709383).
LogModuleManager: Display: Found up-to-date module file ../../../Engine/Plugins/Developer/UObjectPlugin/Binaries/Win64/UE4Editor-UObjectPlugin.dll (API version 3709383).
LogModuleManager: Display: Found up-to-date module file ../../../Engine/Plugins/Developer/VisualStudioCodeSourceCodeAccess/Binaries/Win64/UE4Editor-VisualStudioCodeSourceCodeAccess.dll (API version 3709383).
LogModuleManager: Display: Found up-to-date module file ../../../Engine/Plugins/Developer/VisualStudioSourceCodeAccess/Binaries/Win64/UE4Editor-VisualStudioSourceCodeAccess.dll (API version 3709383).
LogModuleManager: Display: Found up-to-date module file ../../../Engine/Plugins/Editor/AssetManagerEditor/Binaries/Win64/UE4Editor-AssetManagerEditor.dll (API version 3709383).
LogModuleManager: Display: Found up-to-date module file ../../../Engine/Plugins/Editor/AudioCapture/Binaries/Win64/UE4Editor-AudioCapture.dll (API version 3709383).
LogModuleManager: Display: Found up-to-date module file ../../../Engine/Plugins/Editor/FacialAnimation/Binaries/Win64/UE4Editor-FacialAnimation.dll (API version 3709383).
LogModuleManager: Display: Found up-to-date module file ../../../Engine/Plugins/Editor/FacialAnimation/Binaries/Win64/UE4Editor-FacialAnimationEditor.dll (API version 3709383).
LogModuleManager: Display: Found up-to-date module file ../../../Engine/Plugins/Editor/GameplayTagsEditor/Binaries/Win64/UE4Editor-GameplayTagsEditor.dll (API version 3709383).
LogModuleManager: Display: Found up-to-date module file ../../../Engine/Plugins/Editor/MobileLauncherProfileWizard/Binaries/Win64/UE4Editor-MobileLauncherProfileWizard.dll (API version 3709383).
LogModuleManager: Display: Found up-to-date module file ../../../Engine/Plugins/Editor/PluginBrowser/Binaries/Win64/UE4Editor-PluginBrowser.dll (API version 3709383).
LogModuleManager: Display: Found up-to-date module file ../../../Engine/Plugins/Editor/SpeedTreeImporter/Binaries/Win64/UE4Editor-SpeedTreeImporter.dll (API version 3709383).
LogModuleManager: Display: Found up-to-date module file ../../../Engine/Plugins/Experimental/AlembicImporter/Binaries/Win64/UE4Editor-AlembicImporter.dll (API version 3709383).
LogModuleManager: Display: Found up-to-date module file ../../../Engine/Plugins/Experimental/AlembicImporter/Binaries/Win64/UE4Editor-AlembicLibrary.dll (API version 3709383).
LogModuleManager: Display: Found up-to-date module file ../../../Engine/Plugins/Experimental/CharacterAI/Binaries/Win64/UE4Editor-CharacterAI.dll (API version 3709383).
LogModuleManager: Display: Found up-to-date module file ../../../Engine/Plugins/Experimental/HTML5Networking/Binaries/Win64/UE4Editor-HTML5Networking.dll (API version 3709383).
LogModuleManager: Display: Found up-to-date module file ../../../Engine/Plugins/Media/AndroidMedia/Binaries/Win64/UE4Editor-AndroidMediaEditor.dll (API version 3709383).
LogModuleManager: Display: Found up-to-date module file ../../../Engine/Plugins/Media/AndroidMedia/Binaries/Win64/UE4Editor-AndroidMediaFactory.dll (API version 3709383).
LogModuleManager: Display: Found up-to-date module file ../../../Engine/Plugins/Media/AvfMedia/Binaries/Win64/UE4Editor-AvfMediaEditor.dll (API version 3709383).
LogModuleManager: Display: Found up-to-date module file ../../../Engine/Plugins/Media/AvfMedia/Binaries/Win64/UE4Editor-AvfMediaFactory.dll (API version 3709383).
LogModuleManager: Display: Found up-to-date module file ../../../Engine/Plugins/Media/AvfMedia/Binaries/Win64/UE4Editor-AvfMediaFactory.dll (API version 3709383).
LogModuleManager: Display: Found up-to-date module file ../../../Engine/Plugins/Media/ImgMedia/Binaries/Win64/UE4Editor-ImgMedia.dll (API version 3709383).
LogModuleManager: Display: Found up-to-date module file ../../../Engine/Plugins/Media/ImgMedia/Binaries/Win64/UE4Editor-ImgMediaEditor.dll (API version 3709383).
LogModuleManager: Display: Found up-to-date module file ../../../Engine/Plugins/Media/ImgMedia/Binaries/Win64/UE4Editor-ImgMediaFactory.dll (API version 3709383).
LogModuleManager: Display: Found up-to-date module file ../../../Engine/Plugins/Media/ImgMedia/Binaries/Win64/UE4Editor-ImgMediaFactory.dll (API version 3709383).
LogModuleManager: Display: Found up-to-date module file ../../../Engine/Plugins/Media/ImgMedia/Binaries/Win64/UE4Editor-OpenExrWrapper.dll (API version 3709383).
LogModuleManager: Display: Found up-to-date module file ../../../Engine/Plugins/Media/MediaCompositing/Binaries/Win64/UE4Editor-MediaCompositing.dll (API version 3709383).
LogModuleManager: Display: Found up-to-date module file ../../../Engine/Plugins/Media/MediaCompositing/Binaries/Win64/UE4Editor-MediaCompositingEditor.dll (API version 3709383).
LogModuleManager: Display: Found up-to-date module file ../../../Engine/Plugins/Media/MediaPlayerEditor/Binaries/Win64/UE4Editor-MediaPlayerEditor.dll (API version 3709383).
LogModuleManager: Display: Found up-to-date module file ../../../Engine/Plugins/Media/WmfMedia/Binaries/Win64/UE4Editor-WmfMedia.dll (API version 3709383).
LogModuleManager: Display: Found up-to-date module file ../../../Engine/Plugins/Media/WmfMedia/Binaries/Win64/UE4Editor-WmfMediaEditor.dll (API version 3709383).
LogModuleManager: Display: Found up-to-date module file ../../../Engine/Plugins/Media/WmfMedia/Binaries/Win64/UE4Editor-WmfMediaFactory.dll (API version 3709383).
LogModuleManager: Display: Found up-to-date module file ../../../Engine/Plugins/Media/WmfMedia/Binaries/Win64/UE4Editor-WmfMediaFactory.dll (API version 3709383).
LogModuleManager: Display: Found up-to-date module file ../../../Engine/Plugins/Messaging/TcpMessaging/Binaries/Win64/UE4Editor-TcpMessaging.dll (API version 3709383).
LogModuleManager: Display: Found up-to-date module file ../../../Engine/Plugins/Messaging/UdpMessaging/Binaries/Win64/UE4Editor-UdpMessaging.dll (API version 3709383).
LogModuleManager: Display: Found up-to-date module file ../../../Engine/Plugins/MovieScene/ActorSequence/Binaries/Win64/UE4Editor-ActorSequence.dll (API version 3709383).
LogModuleManager: Display: Found up-to-date module file ../../../Engine/Plugins/MovieScene/LevelSequenceEditor/Binaries/Win64/UE4Editor-LevelSequenceEditor.dll (API version 3709383).
LogModuleManager: Display: Found up-to-date module file ../../../Engine/Plugins/MovieScene/MatineeToLevelSequence/Binaries/Win64/UE4Editor-MatineeToLevelSequence.dll (API version 3709383).
LogModuleManager: Display: Found up-to-date module file ../../../Engine/Plugins/Online/OnlineSubsystem/Binaries/Win64/UE4Editor-OnlineSubsystem.dll (API version 3709383).
LogModuleManager: Display: Found up-to-date module file ../../../Engine/Plugins/Online/OnlineSubsystemNull/Binaries/Win64/UE4Editor-OnlineSubsystemNull.dll (API version 3709383).
LogModuleManager: Display: Found up-to-date module file ../../../Engine/Plugins/Online/OnlineSubsystemUtils/Binaries/Win64/UE4Editor-OnlineSubsystemUtils.dll (API version 3709383).
LogModuleManager: Display: Found up-to-date module file ../../../Engine/Plugins/Online/OnlineSubsystemUtils/Binaries/Win64/UE4Editor-OnlineBlueprintSupport.dll (API version 3709383).
LogModuleManager: Display: Found up-to-date module file ../../../Engine/Plugins/Runtime/AndroidDeviceProfileSelector/Binaries/Win64/UE4Editor-AndroidDeviceProfileSelector.dll (API version 3709383).
LogModuleManager: Display: Found up-to-date module file ../../../Engine/Plugins/Runtime/AndroidPermission/Binaries/Win64/UE4Editor-AndroidPermission.dll (API version 3709383).
LogModuleManager: Display: Found up-to-date module file ../../../Engine/Plugins/Runtime/AppleARKit/Binaries/Win64/UE4Editor-AppleARKit.dll (API version 3709383).
LogModuleManager: Display: Found up-to-date module file ../../../Engine/Plugins/Runtime/ArchVisCharacter/Binaries/Win64/UE4Editor-ArchVisCharacter.dll (API version 3709383).
LogModuleManager: Display: Found up-to-date module file ../../../Engine/Plugins/Runtime/CableComponent/Binaries/Win64/UE4Editor-CableComponent.dll (API version 3709383).
LogModuleManager: Display: Found up-to-date module file ../../../Engine/Plugins/Runtime/CustomMeshComponent/Binaries/Win64/UE4Editor-CustomMeshComponent.dll (API version 3709383).
LogModuleManager: Display: Found up-to-date module file ../../../Engine/Plugins/Runtime/ExampleDeviceProfileSelector/Binaries/Win64/UE4Editor-ExampleDeviceProfileSelector.dll (API version 3709383).
LogModuleManager: Display: Found up-to-date module file ../../../Engine/Plugins/Runtime/ImmediatePhysics/Binaries/Win64/UE4Editor-ImmediatePhysics.dll (API version 3709383).
LogModuleManager: Display: Found up-to-date module file ../../../Engine/Plugins/Runtime/ImmediatePhysics/Binaries/Win64/UE4Editor-ImmediatePhysicsEditor.dll (API version 3709383).
LogModuleManager: Display: Found up-to-date module file ../../../Engine/Plugins/Runtime/LocationServicesBPLibrary/Binaries/Win64/UE4Editor-LocationServicesBPLibrary.dll (API version 3709383).
LogModuleManager: Display: Found up-to-date module file ../../../Engine/Plugins/Runtime/MobilePatchingUtils/Binaries/Win64/UE4Editor-MobilePatchingUtils.dll (API version 3709383).
LogModuleManager: Display: Found up-to-date module file ../../../Engine/Plugins/Runtime/Oculus/OculusVR/Binaries/Win64/UE4Editor-OculusHMD.dll (API version 3709383).
LogModuleManager: Display: Found up-to-date module file ../../../Engine/Plugins/Runtime/Oculus/OculusVR/Binaries/Win64/UE4Editor-OculusInput.dll (API version 3709383).
LogModuleManager: Display: Found up-to-date module file ../../../Engine/Plugins/Runtime/Oculus/OculusVR/Binaries/Win64/UE4Editor-OculusEditor.dll (API version 3709383).
LogModuleManager: Display: Found up-to-date module file ../../../Engine/Plugins/Runtime/PhysXVehicles/Binaries/Win64/UE4Editor-PhysXVehicles.dll (API version 3709383).
LogModuleManager: Display: Found up-to-date module file ../../../Engine/Plugins/Runtime/PhysXVehicles/Binaries/Win64/UE4Editor-PhysXVehiclesEditor.dll (API version 3709383).
LogModuleManager: Display: Found up-to-date module file ../../../Engine/Plugins/Runtime/ProceduralMeshComponent/Binaries/Win64/UE4Editor-ProceduralMeshComponent.dll (API version 3709383).
LogModuleManager: Display: Found up-to-date module file ../../../Engine/Plugins/Runtime/ProceduralMeshComponent/Binaries/Win64/UE4Editor-ProceduralMeshComponentEditor.dll (API version 3709383).
LogModuleManager: Display: Found up-to-date module file ../../../Engine/Plugins/Runtime/RuntimePhysXCooking/Binaries/Win64/UE4Editor-RuntimePhysXCooking.dll (API version 3709383).
LogModuleManager: Display: Found up-to-date module file ../../../Engine/Plugins/Runtime/Steam/SteamVR/Binaries/Win64/UE4Editor-SteamVR.dll (API version 3709383).
LogModuleManager: Display: Found up-to-date module file ../../../Engine/Plugins/Runtime/Steam/SteamVR/Binaries/Win64/UE4Editor-SteamVRController.dll (API version 3709383).
LogModuleManager: Display: Found up-to-date module file ../../../Engine/Plugins/Runtime/WindowsMoviePlayer/Binaries/Win64/UE4Editor-WindowsMoviePlayer.dll (API version 3709383).
LogInit: Using libcurl 7.47.1
LogInit:  - built for x86_64-pc-win32
LogInit:  - supports SSL with OpenSSL/1.0.2g
LogInit:  - supports HTTP deflate (compression) using libz 1.2.8
LogInit:  - other features:
LogInit:      CURL_VERSION_SSL
LogInit:      CURL_VERSION_LIBZ
LogInit:      CURL_VERSION_IPV6
LogInit:      CURL_VERSION_ASYNCHDNS
LogInit:      CURL_VERSION_LARGEFILE
LogInit:      CURL_VERSION_IDN
LogInit:  CurlRequestOptions (configurable via config and command line):
LogInit:  - bVerifyPeer = false  - Libcurl will NOT verify peer certificate
LogInit:  - bUseHttpProxy = false  - Libcurl will NOT use HTTP proxy
LogInit:  - bDontReuseConnections = false  - Libcurl will reuse connections
LogInit:  - CertBundlePath = nullptr  - Libcurl will use whatever was configured at build time.
LogHMD: Failed initializing OVRPlugin 1.19.0
LogInit: Build: ++UE4+Release-4.18-CL-3832480
LogInit: Engine Version: 4.18.3-3832480+++UE4+Release-4.18
LogInit: Compatible Engine Version: 4.18.0-3709383+++UE4+Release-4.18
LogInit: Net CL: 3709383
LogDevObjectVersion: Number of dev versions registered: 16
LogDevObjectVersion:   Dev-Blueprints (B0D832E4-1F89-4F0D-ACCF-7EB736FD4AA2): 10
LogDevObjectVersion:   Dev-Build (E1C64328-A22C-4D53-A36C-8E866417BD8C): 0
LogDevObjectVersion:   Dev-Core (375EC13C-06E4-48FB-B500-84F0262A717E): 2
LogDevObjectVersion:   Dev-Editor (E4B068ED-F494-42E9-A231-DA0B2E46BB41): 20
LogDevObjectVersion:   Dev-Framework (CFFC743F-43B0-4480-9391-14DF171D2073): 30
LogDevObjectVersion:   Dev-Mobile (B02B49B5-BB20-44E9-A304-32B752E40360): 0
LogDevObjectVersion:   Dev-Networking (A4E4105C-59A1-49B5-A7C5-40C4547EDFEE): 0
LogDevObjectVersion:   Dev-Online (39C831C9-5AE6-47DC-9A44-9C173E1C8E7C): 0
LogDevObjectVersion:   Dev-Physics (78F01B33-EBEA-4F98-B9B4-84EACCB95AA2): 0
LogDevObjectVersion:   Dev-Platform (6631380F-2D4D-43E0-8009-CF276956A95A): 0
LogDevObjectVersion:   Dev-Rendering (12F88B9F-8875-4AFC-A67C-D90C383ABD29): 20
LogDevObjectVersion:   Dev-Sequencer (7B5AE74C-D270-4C10-A958-57980B212A5A): 4
LogDevObjectVersion:   Dev-VR (D7296918-1DD6-4BDD-9DE2-64A83CC13884): 0
LogDevObjectVersion:   Dev-LoadTimes (C2A15278-BFE7-4AFE-6C17-90FF531DF755): 1
LogDevObjectVersion:   Private-Geometry (6EACA3D4-40EC-4CC1-B786-8BED09428FC5): 1
LogDevObjectVersion:   Dev-AnimPhys (29E575DD-E0A3-4627-9D10-D276232CDCEA): 12
LogInit: Compiled (64-bit): Jan 12 2018 02:04:55
LogInit: Compiled with Visual C++: 19.00.24215.01
LogInit: Build Configuration: Development
LogInit: Branch Name: ++UE4+Release-4.18
LogInit: Command line:  
LogInit: Base directory: C:/Program Files/Epic Games/UE_4.18/Engine/Binaries/Win64/
LogInit: Installed Engine Build: 1
LogInit: Presizing for max 8388607 objects, including 0 objects not considered by GC, pre-allocating 0 bytes for permanent pool.
LogInit: Object subsystem initialized
[2018.02.26-21.59.59:970][  0]LogInit: Selected Device Profile: [Windows]
[2018.02.26-21.59.59:970][  0]LogInit: Applying CVar settings loaded from the selected device profile: [Windows]
[2018.02.26-22.00.00:001][  0]LogInit: Computer: SYD-R102-PC02
[2018.02.26-22.00.00:001][  0]LogInit: User: tkumazawa
[2018.02.26-22.00.00:001][  0]LogInit: CPU Page size=4096, Cores=4
[2018.02.26-22.00.00:001][  0]LogInit: High frequency timer resolution =3.328125 MHz
[2018.02.26-22.00.00:002][  0]LogMemory: Memory total: Physical=31.9GB (32GB approx)
[2018.02.26-22.00.00:002][  0]LogMemory: Platform Memory Stats for Windows
[2018.02.26-22.00.00:002][  0]LogMemory: Process Physical Memory: 278.38 MB used, 278.38 MB peak
[2018.02.26-22.00.00:002][  0]LogMemory: Process Virtual Memory: 276.14 MB used, 276.14 MB peak
[2018.02.26-22.00.00:002][  0]LogMemory: Physical Memory: 4612.62 MB used,  28070.54 MB free, 32683.16 MB total
[2018.02.26-22.00.00:003][  0]LogMemory: Virtual Memory: 730.79 MB used,  28070.54 MB free, 134217728.00 MB total
[2018.02.26-22.00.00:192][  0]LogInit: Using OS detected language (en-US).
[2018.02.26-22.00.00:192][  0]LogInit: Using OS detected locale (en-AU).
[2018.02.26-22.00.00:196][  0]LogTextLocalizationManager: No specific localization for 'en-US' exists, so the 'en' localization will be used.
[2018.02.26-22.00.00:547][  0]LogInit: Setting process to per monitor DPI aware
[2018.02.26-22.00.00:842][  0]LogD3D11RHI: D3D11 adapters:
[2018.02.26-22.00.00:879][  0]LogD3D11RHI:    0. 'NVIDIA GeForce GTX 980' (Feature Level 11_0)
[2018.02.26-22.00.00:879][  0]LogD3D11RHI:       4060/0/16341 MB DedicatedVideo/DedicatedSystem/SharedSystem, Outputs:1, VendorId:0x10de
[2018.02.26-22.00.00:881][  0]LogD3D11RHI:    1. 'Microsoft Basic Render Driver' (Feature Level 11_0)
[2018.02.26-22.00.00:881][  0]LogD3D11RHI:       0/0/16341 MB DedicatedVideo/DedicatedSystem/SharedSystem, Outputs:0, VendorId:0x1414
[2018.02.26-22.00.00:882][  0]LogD3D11RHI: Chosen D3D11 Adapter: 0
[2018.02.26-22.00.00:886][  0]LogD3D11RHI: Creating new Direct3DDevice
[2018.02.26-22.00.00:886][  0]LogD3D11RHI:     GPU DeviceId: 0x13c0 (for the marketing name, search the web for "GPU Device Id")
[2018.02.26-22.00.00:886][  0]LogWindows: EnumDisplayDevices:
[2018.02.26-22.00.00:886][  0]LogWindows:    0. 'NVIDIA GeForce GTX 980' (P:1 D:1)
[2018.02.26-22.00.00:886][  0]LogWindows:    1. 'NVIDIA GeForce GTX 980' (P:0 D:0)
[2018.02.26-22.00.00:886][  0]LogWindows:    2. 'NVIDIA GeForce GTX 980' (P:0 D:0)
[2018.02.26-22.00.00:886][  0]LogWindows:    3. 'NVIDIA GeForce GTX 980' (P:0 D:0)
[2018.02.26-22.00.00:887][  0]LogWindows: DebugString: GetVideoDriverDetailsInvalid PrimaryIsNotTheChoosenAdapter GetVideoDriverDetailsInvalid PrimaryIsNotTheChoosenAdapter GetVideoDriverDetailsInvalid PrimaryIsNotTheChoosenAdapter GetVideoDriverDetailsInvalid PrimaryIsNotTheChoosenAdapter FoundDriverCount:0 
[2018.02.26-22.00.00:887][  0]LogD3D11RHI:     Adapter Name: NVIDIA GeForce GTX 980
[2018.02.26-22.00.00:887][  0]LogD3D11RHI:   Driver Version: Unknown (internal:Unknown, unified:Unknown)
[2018.02.26-22.00.00:887][  0]LogD3D11RHI:      Driver Date: Unknown
[2018.02.26-22.00.00:887][  0]LogRHI: Texture pool is 2842 MB (70% of 4060 MB)
[2018.02.26-22.00.00:906][  0]LogD3D11RHI: Async texture creation enabled
[2018.02.26-22.00.00:917][  0]LogD3D11RHI: GPU Timing Frequency: 1000.000000 (Debug: 2 1)
[2018.02.26-22.00.00:959][  0]LogShaderCompilers: Guid format shader working directory is -8 characters bigger than the processId version (../../../../../../Users/tkumazawa/Documents/GPG220_Project/Intermediate/Shaders/WorkingDirectory/6992/).
[2018.02.26-22.00.00:959][  0]LogShaderCompilers: Cleaned the shader compiler working directory 'C:/Users/tkumazawa/AppData/Local/Temp/UnrealShaderWorkingDir/E8C295804CF540F162EE5A906D1F5FFF/'.
[2018.02.26-22.00.00:959][  0]LogShaderCompilers: Display: Using Local Shader Compiler.
[2018.02.26-22.00.01:828][  0]LogTemp: Display: Loaded TP AllDesktopTargetPlatform
[2018.02.26-22.00.01:883][  0]LogTemp: Display: Loaded TP MacClientTargetPlatform
[2018.02.26-22.00.01:937][  0]LogTemp: Display: Loaded TP MacNoEditorTargetPlatform
[2018.02.26-22.00.01:992][  0]LogTemp: Display: Loaded TP MacServerTargetPlatform
[2018.02.26-22.00.02:047][  0]LogTemp: Display: Loaded TP MacTargetPlatform
[2018.02.26-22.00.02:101][  0]LogTemp: Display: Loaded TP WindowsClientTargetPlatform
[2018.02.26-22.00.02:156][  0]LogTemp: Display: Loaded TP WindowsNoEditorTargetPlatform
[2018.02.26-22.00.02:209][  0]LogTemp: Display: Loaded TP WindowsServerTargetPlatform
[2018.02.26-22.00.02:257][  0]LogTemp: Display: Loaded TP WindowsTargetPlatform
[2018.02.26-22.00.02:309][  0]LogTemp: Display: Loaded TP Android_ASTCTargetPlatform
[2018.02.26-22.00.02:362][  0]LogTemp: Display: Loaded TP Android_ATCTargetPlatform
[2018.02.26-22.00.02:416][  0]LogTemp: Display: Loaded TP Android_DXTTargetPlatform
[2018.02.26-22.00.02:468][  0]LogTemp: Display: Loaded TP Android_ETC1TargetPlatform
[2018.02.26-22.00.02:521][  0]LogTemp: Display: Loaded TP Android_ETC2TargetPlatform
[2018.02.26-22.00.02:627][  0]LogTemp: Display: Loaded TP Android_MultiTargetPlatform
[2018.02.26-22.00.02:627][  0]LogTemp: Display: Loaded TP Android_PVRTCTargetPlatform
[2018.02.26-22.00.02:681][  0]LogTemp: Display: Loaded TP AndroidTargetPlatform
[2018.02.26-22.00.02:725][  0]LogTemp: Display: Loaded TP HTML5TargetPlatform
[2018.02.26-22.00.02:820][  0]LogTemp: Display: Loaded TP IOSTargetPlatform
[2018.02.26-22.00.02:848][  0]LogTemp: Display: Loaded TP TVOSTargetPlatform
[2018.02.26-22.00.02:901][  0]LogTemp: Display: Loaded TP LinuxClientTargetPlatform
[2018.02.26-22.00.02:955][  0]LogTemp: Display: Loaded TP LinuxNoEditorTargetPlatform
[2018.02.26-22.00.03:008][  0]LogTemp: Display: Loaded TP LinuxServerTargetPlatform
[2018.02.26-22.00.03:060][  0]LogTemp: Display: Loaded TP LinuxTargetPlatform
[2018.02.26-22.00.03:060][  0]LogTargetPlatformManager: Display: Building Assets For Windows
[2018.02.26-22.00.03:556][  0]LogDerivedDataCache: Display: Max Cache Size: 512 MB
[2018.02.26-22.00.03:607][  0]LogDerivedDataCache: Loaded boot cache 0.05s 78MB C:/Users/tkumazawa/AppData/Local/UnrealEngine/4.18/DerivedDataCache/Boot.ddc.
[2018.02.26-22.00.03:607][  0]LogDerivedDataCache: Display: Loaded Boot cache: C:/Users/tkumazawa/AppData/Local/UnrealEngine/4.18/DerivedDataCache/Boot.ddc
[2018.02.26-22.00.03:608][  0]LogDerivedDataCache: FDerivedDataBackendGraph:  Pak pak cache file ../../../../../../Users/tkumazawa/Documents/GPG220_Project/DerivedDataCache/DDC.ddp not found, will not use a pak cache.
[2018.02.26-22.00.03:608][  0]LogDerivedDataCache: Unable to find inner node Pak for hierarchical cache Hierarchy.
[2018.02.26-22.00.03:608][  0]LogDerivedDataCache: FDerivedDataBackendGraph:  CompressedPak pak cache file ../../../../../../Users/tkumazawa/Documents/GPG220_Project/DerivedDataCache/Compressed.ddp not found, will not use a pak cache.
[2018.02.26-22.00.03:608][  0]LogDerivedDataCache: Unable to find inner node CompressedPak for hierarchical cache Hierarchy.
[2018.02.26-22.00.03:621][  0]LogDerivedDataCache: Display: Pak cache opened for reading ../../../Engine/DerivedDataCache/Compressed.ddp.
[2018.02.26-22.00.03:635][  0]LogDerivedDataCache: Using Local data cache path C:/Users/tkumazawa/AppData/Local/UnrealEngine/Common/DerivedDataCache: Writable
[2018.02.26-22.00.03:643][  0]LogMaterial: Verifying Global Shaders for PCD3D_SM5
[2018.02.26-22.00.03:643][  0]LogSlate: Using Freetype 2.6.0
[2018.02.26-22.00.03:644][  0]LogSlate: SlateFontCache - WITH_FREETYPE: 1, WITH_HARFBUZZ: 1
[2018.02.26-22.00.03:644][  0]LogSlate: SlateFontCache - WITH_FREETYPE: 1, WITH_HARFBUZZ: 1
[2018.02.26-22.00.04:036][  0]LogInit: Selected Device Profile: [Windows]
[2018.02.26-22.00.04:372][  0]LogSimplygon: Simplygon DLL not present - disabling.
[2018.02.26-22.00.04:415][  0]LogMeshReduction: Using SimplygonSwarm for distributed automatic mesh merging
[2018.02.26-22.00.04:415][  0]LogMeshReduction: Using QuadricMeshReduction for automatic static mesh reduction
[2018.02.26-22.00.04:415][  0]LogMeshReduction: No automatic skeletal mesh reduction module available
[2018.02.26-22.00.04:415][  0]LogMeshReduction: No automatic mesh merging module available
[2018.02.26-22.00.04:415][  0]LogMeshMerging: No automatic mesh merging module available
[2018.02.26-22.00.04:442][  0]LogNetVersion: GPG220_Project , NetCL: 3709383, EngineNetVer: 2, GameNetVer: 0 (Checksum: 3064214830)
[2018.02.26-22.00.04:617][  0]LogAssetRegistry: FAssetRegistry took 0.0253 seconds to start up
[2018.02.26-22.00.05:092][  0]LogPackageLocalizationCache: Processed 7 localized package path(s) for 2 prioritized culture(s) in 0.058956 seconds
[2018.02.26-22.00.05:096][  0]LogUObjectArray: 35870 objects as part of root set at end of initial load.
[2018.02.26-22.00.05:096][  0]LogUObjectAllocator: 7363696 out of 0 bytes used by permanent object pool.
[2018.02.26-22.00.05:096][  0]LogUObjectArray: CloseDisregardForGC: 0/0 objects in disregard for GC pool
[2018.02.26-22.00.05:154][  0]LogInit: WinSock: version 1.1 (2.2), MaxSocks=32767, MaxUdp=65467
[2018.02.26-22.00.07:999][  0]LogTcpMessaging: Initializing TcpMessaging bridge
[2018.02.26-22.00.08:044][  0]LogUdpMessaging: Initializing bridge on interface 0.0.0.0:0 to multicast group 230.0.0.1:6666.
[2018.02.26-22.00.08:855][  0]LogMaterial: Uniform references updated for custom material expression Custom.
[2018.02.26-22.00.09:309][  0]SourceControl: Source control is disabled
[2018.02.26-22.00.09:309][  0]SourceControl: Source control is disabled
[2018.02.26-22.00.09:369][  0]SourceControl: Source control is disabled
[2018.02.26-22.00.09:428][  0]SourceControl: Source control is disabled
[2018.02.26-22.00.10:324][  0]LogAndroidPermission: UAndroidPermissionCallbackProxy::GetInstance
[2018.02.26-22.00.10:619][  0]LogOcInput: OculusInput pre-init called
[2018.02.26-22.00.10:942][  0]LogEngine: Initializing Engine...
[2018.02.26-22.00.10:944][  0]LogHMD: Failed to initialize OpenVR with code 110
[2018.02.26-22.00.11:136][  0]LogStats: UGameplayTagsManager::ConstructGameplayTagTree: Construct from data asset -  0.000 s
[2018.02.26-22.00.11:136][  0]LogStats: UGameplayTagsManager::ConstructGameplayTagTree: GameplayTagTreeChangedEvent.Broadcast -  0.000 s
[2018.02.26-22.00.11:272][  0]LogAIModule: Creating AISystem for world Untitled
[2018.02.26-22.00.11:286][  0]LogInit: XAudio2 using 'Realtek Digital Output(Optical) (Realtek High Definition Audio)' : 2 channels at 48 kHz using 16 bits per sample (channel mask 0x3)
[2018.02.26-22.00.11:316][  0]LogInit: FAudioDevice initialized.
[2018.02.26-22.00.11:396][  0]LogDerivedDataCache: Saved boot cache 0.08s 78MB C:/Users/tkumazawa/AppData/Local/UnrealEngine/4.18/DerivedDataCache/Boot.ddc.
[2018.02.26-22.00.11:403][  0]LogInit: Texture streaming: Enabled
[2018.02.26-22.00.11:515][  0]LogEngineSessionManager: EngineSessionManager initialized
[2018.02.26-22.00.11:516][  0]LogEngineSessionManager: EngineSessionManager sent abnormal shutdown report. Type=Debugger, SessionId={6359AF8D-4EEB-2F43-C337-06932336D90A}
[2018.02.26-22.00.11:693][  0]LogInit: Transaction tracking system initialized
[2018.02.26-22.00.12:044][  0]BlueprintLog: New page: Editor Load
[2018.02.26-22.00.13:068][  0]LocalizationService: Localization service is disabled
[2018.02.26-22.00.13:891][  0]LogConsoleResponse: Display: 
[2018.02.26-22.00.14:068][  0]LogCook: Display: Max memory allowance for cook 16384mb min free memory 0mb
[2018.02.26-22.00.14:068][  0]LogCook: Display: Mobile HDR setting 1
[2018.02.26-22.00.14:069][  0]LogGameplayTags: Display: UGameplayTagsManager::DoneAddingNativeTags. DelegateIsBound: 0
[2018.02.26-22.00.15:342][  0]LogFileCache: Scanning file cache for directory 'C:/Users/tkumazawa/Documents/GPG220_Project/Content/' took 0.01s
[2018.02.26-22.00.15:397][  0]SourceControl: Source control is disabled
[2018.02.26-22.00.15:397][  0]Cmd: MAP LOAD FILE="../../../Engine/Content/Maps/Templates/Template_Default.umap" TEMPLATE=1 SHOWPROGRESS=1 FEATURELEVEL=3
[2018.02.26-22.00.15:397][  0]LightingResults: New page: Lighting Build
[2018.02.26-22.00.15:449][  0]MapCheck: New page: Map Check
[2018.02.26-22.00.15:449][  0]LightingResults: New page: Lighting Build
[2018.02.26-22.00.15:671][  0]LogAIModule: Creating AISystem for world Untitled_1
[2018.02.26-22.00.15:678][  0]LogEditorServer: Finished looking for orphan Actors (0.000 secs)
[2018.02.26-22.00.15:688][  0]Cmd: MAP CHECKDEP NOCLEARLOG
[2018.02.26-22.00.15:748][  0]MapCheck: Map check complete: 0 Error(s), 0 Warning(s), took 60.372ms to complete.
[2018.02.26-22.00.15:748][  0]LogFileHelpers: Loading map 'Template_Default' took 0.351
[2018.02.26-22.00.15:884][  0]LogCollectionManager: Loaded 0 collections in 0.001232 seconds
[2018.02.26-22.00.15:977][  0]LogFileCache: Scanning file cache for directory 'C:/Users/tkumazawa/Documents/GPG220_Project/Saved/Collections/' took 0.01s
[2018.02.26-22.00.15:977][  0]LogFileCache: Scanning file cache for directory 'C:/Users/tkumazawa/Documents/GPG220_Project/Content/Developers/tkumazawa/Collections/' took 0.01s
[2018.02.26-22.00.15:977][  0]LogFileCache: Scanning file cache for directory 'C:/Users/tkumazawa/Documents/GPG220_Project/Content/Collections/' took 0.01s
[2018.02.26-22.00.15:977][  0]LogCollectionManager: Rebuilt the GUID cache for 0 collections in 0.000000 seconds
[2018.02.26-22.00.15:985][  0]LogContentBrowser: Native class hierarchy populated in 0.0076 seconds. Added 2364 classes and 521 folders.
[2018.02.26-22.00.16:073][  0]LogContentBrowser: Native class hierarchy updated for 'WidgetCarousel' in 0.0005 seconds. Added 0 classes and 0 folders.
[2018.02.26-22.00.16:112][  0]LogContentBrowser: Native class hierarchy updated for 'AddContentDialog' in 0.0005 seconds. Added 0 classes and 0 folders.
[2018.02.26-22.00.16:164][  0]LogContentBrowser: Native class hierarchy updated for 'SceneOutliner' in 0.0005 seconds. Added 1 classes and 2 folders.
[2018.02.26-22.00.16:211][  0]LogSlate: Took 0.000326 seconds to synchronously load lazily loaded font '../../../Engine/Content/Slate/Fonts/Roboto-Regular.ttf' (155K)
[2018.02.26-22.00.16:214][  0]LogSlate: Took 0.000358 seconds to synchronously load lazily loaded font '../../../Engine/Content/Slate/Fonts/Roboto-Bold.ttf' (160K)
[2018.02.26-22.00.16:220][  0]LogSlate: Took 0.000444 seconds to synchronously load lazily loaded font '../../../Engine/Content/Editor/Slate/Fonts/FontAwesome.ttf' (139K)
[2018.02.26-22.00.16:326][  0]LogRenderer: Reallocating scene render targets to support 1616x812 Format 10 NumSamples 1 (Frame:1).
[2018.02.26-22.00.16:490][  0]LogContentBrowser: Native class hierarchy updated for 'HierarchicalLODOutliner' in 0.0005 seconds. Added 1 classes and 2 folders.
[2018.02.26-22.00.16:490][  0]LogLoad: (Engine Initialization) Total time: 19.70 seconds
[2018.02.26-22.00.16:490][  0]LogLoad: (Engine Initialization) Total Blueprint compile time: 0.00 seconds
[2018.02.26-22.00.16:490][  0]LogExternalProfiler: Found external profiler: VSPerf
[2018.02.26-22.00.16:490][  0]LogExternalProfiler: Using external profiler: VSPerf
[2018.02.26-22.00.16:848][  0]LogContentStreaming: Texture pool size now 1000 MB
[2018.02.26-22.00.17:167][  1]LogAssetRegistry: Asset discovery search completed in 12.5719 seconds
[2018.02.26-22.00.17:168][  1]LogCollectionManager: Rebuilt the object cache for 0 collections in 0.000000 seconds (found 0 objects)
[2018.02.26-22.00.17:169][  1]LogCollectionManager: Fixed up redirectors for 0 collections in 0.000057 seconds (updated 0 objects)
[2018.02.26-22.00.39:994][ 87]LogSlate: Took 0.000138 seconds to synchronously load lazily loaded font '../../../Engine/Content/Slate/Fonts/Roboto-Light.ttf' (159K)
[2018.02.26-22.00.40:028][ 87]LogMaterial: Missing cached shader map for material BaseMaterial, compiling. 
[2018.02.26-22.00.40:061][ 87]LogMaterial: Missing cached shader map for material GroundMaterial, compiling. 
[2018.02.26-22.00.40:099][ 87]LogAIModule: Creating AISystem for world Test
[2018.02.26-22.00.40:115][ 87]Cmd: MAP LOAD FILE="../../../../../../Users/tkumazawa/Documents/GPG220_Project/Content/TestMap/Test.umap" TEMPLATE=0 SHOWPROGRESS=1 FEATURELEVEL=3
[2018.02.26-22.00.40:115][ 87]LightingResults: New page: Lighting Build
[2018.02.26-22.00.40:116][ 87]LoadErrors: New page: Loading map: Test.umap
[2018.02.26-22.00.40:116][ 87]MapCheck: New page: Map Check
[2018.02.26-22.00.40:116][ 87]LightingResults: New page: Lighting Build
[2018.02.26-22.00.40:130][ 87]LogEditorServer: Finished looking for orphan Actors (0.000 secs)
[2018.02.26-22.00.40:160][ 87]Cmd: MAP CHECKDEP NOCLEARLOG
[2018.02.26-22.00.40:216][ 87]MapCheck: Map check complete: 0 Error(s), 0 Warning(s), took 56.065ms to complete.
[2018.02.26-22.00.40:216][ 87]LogFileHelpers: Loading map 'Test' took 0.103
[2018.02.26-22.00.51:075][355]LogEditorViewport: Clicking on Actor (LMB): StaticMeshActor (Cube39)
[2018.02.26-22.00.52:157][473]LogEditorViewport: Clicking on Actor (LMB): StaticMeshActor (Floor)
[2018.02.26-22.00.52:917][557]LogEditorViewport: Clicking on Actor (LMB): StaticMeshActor (Cube39)
[2018.02.26-22.00.54:250][710]LogEditorViewport: Clicking on Actor (CTRL LMB): StaticMeshActor (Cube40)
[2018.02.26-22.00.54:938][785]LogEditorViewport: Clicking on Actor (CTRL LMB): StaticMeshActor (Cube41)
[2018.02.26-22.00.57:506][ 86]Cmd: EDIT COPY
[2018.02.26-22.00.57:900][133]Cmd: EDIT PASTE
[2018.02.26-22.01.04:298][888]LogEditorViewport: Clicking on Actor (LMB): StaticMeshActor (Cube42)
[2018.02.26-22.01.07:802][300]LogEditorViewport: Clicking on Actor (CTRL LMB): StaticMeshActor (Cube43)
[2018.02.26-22.01.08:802][413]LogEditorViewport: Clicking on Actor (CTRL LMB): StaticMeshActor (Cube44)
[2018.02.26-22.01.09:428][481]Cmd: EDIT COPY
[2018.02.26-22.01.09:763][519]Cmd: EDIT PASTE
[2018.02.26-22.01.13:815][995]LogEditorViewport: Clicking on Actor (LMB): StaticMeshActor (Cube45)
[2018.02.26-22.01.16:026][253]LogEditorViewport: Clicking on Actor (LMB): StaticMeshActor (Cube39)
[2018.02.26-22.01.27:068][471]Cmd: EDIT COPY
[2018.02.26-22.01.27:619][535]Cmd: EDIT PASTE
[2018.02.26-22.01.31:029][933]LogEditorViewport: Clicking on Actor (LMB): BP_Sky_Sphere_C (Sky Sphere)
[2018.02.26-22.01.40:817][ 83]LogEditorViewport: Clicking on Actor (LMB): StaticMeshActor (Cube54)
[2018.02.26-22.01.41:645][175]LogEditorViewport: Clicking on Actor (CTRL LMB): StaticMeshActor (Cube55)
[2018.02.26-22.01.42:039][215]Cmd: EDIT COPY
[2018.02.26-22.01.42:659][287]Cmd: EDIT PASTE
[2018.02.26-22.01.48:576][987]LogEditorViewport: Clicking on Actor (LMB): StaticMeshActor (Cube57)
[2018.02.26-22.01.52:018][390]LogEditorViewport: Clicking on Actor (LMB): BP_Sky_Sphere_C (Sky Sphere)
[2018.02.26-22.01.53:131][517]LogEditorViewport: Clicking on Actor (LMB): StaticMeshActor (Cube56)
[2018.02.26-22.01.53:493][552]Cmd: EDIT COPY
[2018.02.26-22.01.53:785][585]Cmd: EDIT PASTE
[2018.02.26-22.01.59:318][231]LogEditorViewport: Clicking on Actor (LMB): BP_Sky_Sphere_C (Sky Sphere)
[2018.02.26-22.02.09:831][455]LogEditorViewport: Clicking on Actor (LMB): StaticMeshActor (Cube59)
[2018.02.26-22.02.12:333][744]LogEditorViewport: Clicking on Actor (LMB): StaticMeshActor (Cube57)
[2018.02.26-22.02.12:799][793]Cmd: EDIT COPY
[2018.02.26-22.02.13:034][819]Cmd: EDIT PASTE
[2018.02.26-22.02.20:601][710]LogEditorViewport: Clicking on Actor (LMB): StaticMeshActor (Cube58)
[2018.02.26-22.02.21:318][789]LogEditorViewport: Clicking on Actor (CTRL LMB): StaticMeshActor (Cube59)
[2018.02.26-22.02.21:754][834]LogEditorViewport: Clicking on Actor (CTRL LMB): StaticMeshActor (Cube60)
[2018.02.26-22.02.22:101][869]Cmd: EDIT COPY
[2018.02.26-22.02.22:436][907]Cmd: EDIT PASTE
[2018.02.26-22.02.25:615][279]LogEditorViewport: Clicking on Actor (LMB): StaticMeshActor (Floor)
[2018.02.26-22.02.30:326][831]LogEditorViewport: Clicking on Actor (LMB): StaticMeshActor (Cube61)
[2018.02.26-22.02.31:076][914]LogEditorViewport: Clicking on Actor (CTRL LMB): StaticMeshActor (Cube62)
[2018.02.26-22.02.31:571][966]LogEditorViewport: Clicking on Actor (CTRL LMB): StaticMeshActor (Cube63)
[2018.02.26-22.02.32:846][112]Cmd: EDIT COPY
[2018.02.26-22.02.33:372][173]Cmd: EDIT PASTE
[2018.02.26-22.02.36:273][511]LogEditorViewport: Clicking on Actor (LMB): StaticMeshActor (Floor)
[2018.02.26-22.02.37:752][681]LogEditorViewport: Clicking on Actor (LMB): StaticMeshActor (Cube66)
[2018.02.26-22.02.39:553][890]LogEditorViewport: Clicking on Actor (LMB): BP_Sky_Sphere_C (Sky Sphere)
[2018.02.26-22.02.45:757][628]LogEditorViewport: Clicking on Actor (LMB): StaticMeshActor (Cube58)
[2018.02.26-22.02.46:353][692]LogEditorViewport: Clicking on Actor (CTRL LMB): StaticMeshActor (Cube59)
[2018.02.26-22.02.46:798][738]LogEditorViewport: Clicking on Actor (CTRL LMB): StaticMeshActor (Cube60)
[2018.02.26-22.02.47:606][828]LogEditorViewport: Clicking on Actor (CTRL LMB): StaticMeshActor (Cube61)
[2018.02.26-22.02.47:999][868]LogEditorViewport: Clicking on Actor (CTRL LMB): StaticMeshActor (Floor)
[2018.02.26-22.02.48:358][904]LogEditorViewport: Clicking on Actor (CTRL LMB): StaticMeshActor (Cube62)
[2018.02.26-22.02.49:699][ 58]LogEditorViewport: Clicking on Actor (LMB): BP_Sky_Sphere_C (Sky Sphere)
[2018.02.26-22.02.56:600][852]Cmd: EDIT COPY
[2018.02.26-22.02.57:121][912]Cmd: EDIT PASTE
[2018.02.26-22.03.11:474][599]LogEditorViewport: Clicking on Actor (LMB): BP_Sky_Sphere_C (Sky Sphere)
[2018.02.26-22.03.16:042][141]LogEditorViewport: Clicking on Actor (LMB): StaticMeshActor (Cube74)
[2018.02.26-22.03.16:478][186]Cmd: EDIT COPY
[2018.02.26-22.03.16:713][212]Cmd: EDIT PASTE
[2018.02.26-22.03.18:753][447]LogEditorViewport: Clicking on Actor (LMB): BP_Sky_Sphere_C (Sky Sphere)
[2018.02.26-22.03.22:739][915]LogEditorViewport: Clicking on Actor (LMB): StaticMeshActor (Cube76)
[2018.02.26-22.03.27:274][441]LogEditorViewport: Clicking on Actor (LMB): StaticMeshActor (Cube3)
[2018.02.26-22.03.30:963][875]LogEditorViewport: Clicking on Actor (LMB): StaticMeshActor (Cube76)
[2018.02.26-22.03.33:092][122]LogEditorViewport: Clicking on Actor (CTRL LMB): StaticMeshActor (Cube75)
[2018.02.26-22.03.34:073][228]LogEditorViewport: Clicking on Actor (CTRL LMB): StaticMeshActor (Cube73)
[2018.02.26-22.03.34:782][306]LogEditorViewport: Clicking on Actor (CTRL LMB): StaticMeshActor (Cube72)
[2018.02.26-22.03.35:301][361]LogEditorViewport: Clicking on Actor (CTRL LMB): StaticMeshActor (Cube71)
[2018.02.26-22.03.36:019][440]LogEditorViewport: Clicking on Actor (CTRL LMB): StaticMeshActor (Cube70)
[2018.02.26-22.03.55:457][707]LogEditorViewport: Clicking on Actor (LMB): BP_Sky_Sphere_C (Sky Sphere)
[2018.02.26-22.03.58:081][ 12]LogEditorViewport: Clicking on Actor (LMB): StaticMeshActor (Cube76)
[2018.02.26-22.04.00:172][251]LogEditorViewport: Clicking on Actor (LMB): StaticMeshActor (Cube75)
[2018.02.26-22.04.02:021][462]LogEditorViewport: Clicking on Actor (LMB): StaticMeshActor (Cube74)
[2018.02.26-22.04.03:559][636]LogEditorViewport: Clicking on Actor (LMB): StaticMeshActor (Cube73)
[2018.02.26-22.04.07:525][ 99]LogEditorViewport: Clicking on Actor (LMB): StaticMeshActor (Cube72)
[2018.02.26-22.04.09:421][315]LogEditorViewport: Clicking on Actor (LMB): StaticMeshActor (Cube71)
[2018.02.26-22.04.11:057][500]LogEditorViewport: Clicking on Actor (LMB): StaticMeshActor (Cube70)
[2018.02.26-22.04.12:657][685]LogEditorViewport: Clicking on Actor (CTRL LMB): StaticMeshActor (Cube69)
[2018.02.26-22.04.13:131][734]LogEditorViewport: Clicking on Actor (CTRL LMB): StaticMeshActor (Cube68)
[2018.02.26-22.04.14:875][936]LogEditorViewport: Clicking on Actor (CTRL LMB): StaticMeshActor (Cube67)
[2018.02.26-22.04.15:412][993]LogEditorViewport: Clicking on Actor (CTRL LMB): StaticMeshActor (Cube66)
[2018.02.26-22.04.15:855][ 39]LogEditorViewport: Clicking on Actor (CTRL LMB): StaticMeshActor (Cube65)
[2018.02.26-22.04.18:802][381]LogEditorViewport: Clicking on Actor (LMB): BP_Sky_Sphere_C (Sky Sphere)
[2018.02.26-22.04.23:080][869]LogEditorViewport: Clicking on Actor (LMB): StaticMeshActor (Cube64)
[2018.02.26-22.04.23:784][946]LogEditorViewport: Clicking on Actor (CTRL LMB): StaticMeshActor (Cube63)
[2018.02.26-22.04.24:330][  4]LogEditorViewport: Clicking on Actor (CTRL LMB): StaticMeshActor (Cube62)
[2018.02.26-22.04.24:796][ 53]LogEditorViewport: Clicking on Actor (CTRL LMB): StaticMeshActor (Cube61)
[2018.02.26-22.04.25:431][122]LogEditorViewport: Clicking on Actor (CTRL LMB): StaticMeshActor (Cube60)
[2018.02.26-22.04.26:156][202]LogEditorViewport: Clicking on Actor (CTRL LMB): StaticMeshActor (Cube59)
[2018.02.26-22.04.28:091][423]LogEditorViewport: Clicking on Actor (LMB): BP_Sky_Sphere_C (Sky Sphere)
[2018.02.26-22.04.46:408][558]LogEditorViewport: Clicking on Actor (LMB): StaticMeshActor (Cube18)
[2018.02.26-22.04.53:160][330]LogEditorViewport: Clicking on Actor (CTRL LMB): StaticMeshActor (Cube43)
[2018.02.26-22.04.57:589][853]LogEditorViewport: Clicking on Actor (LMB): StaticMeshActor (Cube18)
[2018.02.26-22.05.03:743][580]Cmd: TRANSACTION UNDO
[2018.02.26-22.05.03:743][580]LogEditorTransaction: Undo Move Actors
[2018.02.26-22.05.03:751][580]LogSlate: Took 0.000211 seconds to synchronously load lazily loaded font '../../../Engine/Content/Slate/Fonts/Roboto-Light.ttf' (159K)
[2018.02.26-22.05.06:990][959]LogEditorViewport: Clicking on Actor (LMB): StaticMeshActor (Cube43)
[2018.02.26-22.05.14:277][822]LogEditorViewport: Clicking on Actor (LMB): StaticMeshActor (Floor)
[2018.02.26-22.05.16:490][ 69]LogEditorViewport: Clicking on Actor (LMB): StaticMeshActor (Cube43)
[2018.02.26-22.05.26:426][193]LogEditorViewport: Clicking on Actor (LMB): StaticMeshActor (Floor)
[2018.02.26-22.06.13:713][262]LogEditorViewport: Clicking on Actor (LMB): StaticMeshActor (Cube20)
[2018.02.26-22.06.16:810][617]LogEditorViewport: Clicking on Actor (LMB): BP_Sky_Sphere_C (Sky Sphere)
[2018.02.26-22.06.18:270][717]LogEditorViewport: Clicking on Actor (LMB): StaticMeshActor (Cube21)
[2018.02.26-22.06.23:172][271]LogEditorViewport: Clicking on Actor (CTRL LMB): StaticMeshActor (Cube22)
[2018.02.26-22.06.23:491][302]LogEditorViewport: Clicking on Actor (CTRL LMB): StaticMeshActor (Cube23)
[2018.02.26-22.06.23:891][343]LogEditorViewport: Clicking on Actor (CTRL LMB): StaticMeshActor (Cube24)
[2018.02.26-22.06.24:614][423]LogEditorViewport: Clicking on Actor (CTRL LMB): StaticMeshActor (Cube25)
[2018.02.26-22.06.25:377][501]LogEditorViewport: Clicking on Actor (CTRL LMB): StaticMeshActor (Cube26)
[2018.02.26-22.06.26:216][595]LogEditorViewport: Clicking on Actor (CTRL LMB): StaticMeshActor (Cube25)
[2018.02.26-22.06.27:075][691]LogEditorViewport: Clicking on Actor (CTRL LMB): StaticMeshActor (Cube27)
[2018.02.26-22.06.27:489][733]LogEditorViewport: Clicking on Actor (CTRL LMB): StaticMeshActor (Cube28)
[2018.02.26-22.06.27:898][775]LogEditorViewport: Clicking on Actor (CTRL LMB): StaticMeshActor (Cube29)
[2018.02.26-22.06.28:314][818]LogEditorViewport: Clicking on Actor (CTRL LMB): StaticMeshActor (Cube30)
[2018.02.26-22.06.32:129][263]LogEditorViewport: Clicking on Actor (LMB): BP_Sky_Sphere_C (Sky Sphere)
[2018.02.26-22.06.36:018][606]LogEditorViewport: Clicking on Actor (LMB): StaticMeshActor (Cube31)
[2018.02.26-22.06.36:591][666]LogEditorViewport: Clicking on Actor (CTRL LMB): StaticMeshActor (Cube32)
[2018.02.26-22.06.37:037][712]LogEditorViewport: Clicking on Actor (CTRL LMB): StaticMeshActor (Cube33)
[2018.02.26-22.06.37:484][758]LogEditorViewport: Clicking on Actor (CTRL LMB): StaticMeshActor (Cube34)
[2018.02.26-22.06.37:903][801]LogEditorViewport: Clicking on Actor (CTRL LMB): StaticMeshActor (Cube35)
[2018.02.26-22.06.38:263][837]LogEditorViewport: Clicking on Actor (CTRL LMB): StaticMeshActor (Cube36)
[2018.02.26-22.06.38:838][899]LogEditorViewport: Clicking on Actor (CTRL LMB): StaticMeshActor (Cube37)
[2018.02.26-22.06.39:191][934]LogEditorViewport: Clicking on Actor (CTRL LMB): StaticMeshActor (Cube38)
[2018.02.26-22.06.39:584][974]LogEditorViewport: Clicking on Actor (CTRL LMB): StaticMeshActor (Cube39)
[2018.02.26-22.06.42:604][325]LogEditorViewport: Clicking on Actor (LMB): StaticMeshActor (Floor)
[2018.02.26-22.06.46:662][721]LogEditorViewport: Clicking on Actor (LMB): StaticMeshActor (Cube58)
[2018.02.26-22.07.02:812][547]LogEditorViewport: Clicking on Actor (LMB): StaticMeshActor (Floor)
[2018.02.26-22.07.07:965][152]Cmd: TRANSACTION UNDO
[2018.02.26-22.07.07:965][152]LogEditorTransaction: Undo Clicking on Actors
[2018.02.26-22.07.20:368][401]LogEditorViewport: Clicking on Actor (LMB): BP_Sky_Sphere_C (Sky Sphere)
[2018.02.26-22.07.21:834][567]LogEditorViewport: Clicking on Actor (LMB): StaticMeshActor (Floor)
[2018.02.26-22.07.34:175][745]LogEditorViewport: Clicking on Actor (LMB): StaticMeshActor (Cube12)
[2018.02.26-22.07.57:212][438]LogEditorViewport: Clicking on Actor (LMB): StaticMeshActor (Cube8)
[2018.02.26-22.07.58:029][529]LogEditorViewport: Clicking on Actor (CTRL LMB): StaticMeshActor (Cube12)
[2018.02.26-22.08.08:281][750]LogEditorViewport: Clicking on Actor (LMB): StaticMeshActor (Cube10)
[2018.02.26-22.08.09:390][876]LogEditorViewport: Clicking on Actor (CTRL LMB): StaticMeshActor (Cube12)
[2018.02.26-22.08.18:580][971]Cmd: EDIT COPY
[2018.02.26-22.08.18:844][  0]Cmd: EDIT PASTE
[2018.02.26-22.08.26:568][904]LogEditorViewport: Clicking on Actor (LMB): StaticMeshActor (Floor)
[2018.02.26-22.08.30:270][335]LogEditorViewport: Clicking on Actor (LMB): StaticMeshActor (Cube50)
[2018.02.26-22.08.30:941][408]LogEditorViewport: Clicking on Actor (CTRL LMB): StaticMeshActor (Cube49)
[2018.02.26-22.08.36:601][ 80]LogEditorViewport: Clicking on Actor (LMB): StaticMeshActor (Cube49)
[2018.02.26-22.08.37:634][197]LogEditorViewport: Clicking on Actor (CTRL LMB): StaticMeshActor (Cube48)
[2018.02.26-22.08.38:725][321]Cmd: EDIT COPY
[2018.02.26-22.08.39:408][401]Cmd: EDIT PASTE
[2018.02.26-22.08.44:026][942]LogEditorViewport: Clicking on Actor (LMB): StaticMeshActor (Floor)
[2018.02.26-22.08.49:238][558]LogEditorViewport: Clicking on Actor (LMB): StaticMeshActor (Cube30)
[2018.02.26-22.08.50:290][676]LogEditorViewport: Clicking on Actor (CTRL LMB): StaticMeshActor (Cube29)
[2018.02.26-22.08.57:317][512]Cmd: EDIT COPY
[2018.02.26-22.08.57:551][538]Cmd: EDIT PASTE
[2018.02.26-22.09.08:187][557]LogEditorViewport: Clicking on Actor (LMB): StaticMeshActor (Floor)
[2018.02.26-22.09.12:008][932]LogEditorViewport: Clicking on Actor (LMB): StaticMeshActor (Cube67)
[2018.02.26-22.09.12:771][990]LogEditorViewport: Clicking on Actor (CTRL LMB): StaticMeshActor (Cube66)
[2018.02.26-22.09.17:437][540]LogEditorViewport: Clicking on Actor (LMB): StaticMeshActor (Cube68)
[2018.02.26-22.09.18:582][670]LogEditorViewport: Clicking on Actor (CTRL LMB): StaticMeshActor (Cube67)
[2018.02.26-22.09.19:071][721]Cmd: EDIT COPY
[2018.02.26-22.09.19:441][763]Cmd: EDIT PASTE
[2018.02.26-22.09.22:790][155]LogEditorViewport: Clicking on Actor (LMB): StaticMeshActor (Floor)
[2018.02.26-22.09.36:054][737]LogEditorViewport: Clicking on Actor (LMB): StaticMeshActor (Cube83)
[2018.02.26-22.09.40:507][264]LogEditorViewport: Clicking on Actor (CTRL LMB): StaticMeshActor (Cube84)
[2018.02.26-22.09.54:771][964]LogEditorViewport: Clicking on Actor (LMB): StaticMeshActor (Cube78)
[2018.02.26-22.09.56:404][153]LogEditorViewport: Clicking on Actor (LMB): StaticMeshActor (Cube83)
[2018.02.26-22.09.57:004][218]LogEditorViewport: Clicking on Actor (CTRL LMB): StaticMeshActor (Cube84)
[2018.02.26-22.10.01:540][748]LogEditorViewport: Clicking on Actor (LMB): StaticMeshActor (Floor)
[2018.02.26-22.10.11:449][930]LogEditorViewport: Clicking on Actor (LMB): StaticMeshActor (Cube81)
[2018.02.26-22.10.11:985][986]LogEditorViewport: Clicking on Actor (LMB): StaticMeshActor (Cube82)
[2018.02.26-22.10.13:272][134]LogEditorViewport: Clicking on Actor (CTRL LMB): StaticMeshActor (Cube81)
[2018.02.26-22.10.18:493][749]LogEditorViewport: Clicking on Actor (LMB): StaticMeshActor (Floor)
[2018.02.26-22.10.22:552][218]LogEditorViewport: Clicking on Actor (LMB): StaticMeshActor (Cube82)
[2018.02.26-22.10.23:823][363]LogEditorViewport: Clicking on Actor (LMB): StaticMeshActor (Cube83)
[2018.02.26-22.10.25:224][524]LogEditorViewport: Clicking on Actor (LMB): StaticMeshActor (Cube84)
[2018.02.26-22.10.26:794][705]LogEditorViewport: Clicking on Actor (LMB): StaticMeshActor (Cube81)
[2018.02.26-22.10.27:997][842]LogEditorViewport: Clicking on Actor (LMB): StaticMeshActor (Cube82)
[2018.02.26-22.10.34:460][610]LogEditorViewport: Clicking on Actor (LMB): StaticMeshActor (Cube78)
[2018.02.26-22.10.35:064][675]LogEditorViewport: Clicking on Actor (CTRL LMB): StaticMeshActor (Cube77)
[2018.02.26-22.10.38:530][ 79]LogEditorViewport: Clicking on Actor (LMB): StaticMeshActor (Floor)
[2018.02.26-22.10.39:878][231]LogEditorViewport: Clicking on Actor (LMB): StaticMeshActor (Cube80)
[2018.02.26-22.10.40:538][303]LogEditorViewport: Clicking on Actor (CTRL LMB): StaticMeshActor (Cube79)
[2018.02.26-22.10.46:088][957]LogEditorViewport: Clicking on Actor (LMB): StaticMeshActor (Floor)
[2018.02.26-22.10.46:899][ 47]LogEditorViewport: Clicking on Actor (LMB): StaticMeshActor (Floor)
[2018.02.26-22.11.27:851][ 52]Cmd: OBJ SAVEPACKAGE PACKAGE="/Game/TestMap/Test" FILE="../../../../../../Users/tkumazawa/Documents/GPG220_Project/Saved/Autosaves/Game/TestMap/Test_Auto1.umap" SILENT=true AUTOSAVING=true KEEPDIRTY=false
[2018.02.26-22.11.27:972][ 52]LogSavePackage: Save=113.83ms
[2018.02.26-22.11.27:972][ 52]LogSavePackage: Moving '../../../../../../Users/tkumazawa/Documents/GPG220_Project/Saved/Test_Auto1CADF5BFE48301BF83377E09FA3CC7004.tmp' to '../../../../../../Users/tkumazawa/Documents/GPG220_Project/Saved/Autosaves/Game/TestMap/Test_Auto1.umap'
[2018.02.26-22.11.27:975][ 52]LogSavePackage: Display: Finished SavePackage ../../../../../../Users/tkumazawa/Documents/GPG220_Project/Saved/Autosaves/Game/TestMap/Test_Auto1.umap
[2018.02.26-22.11.27:977][ 52]LogFileHelpers: Editor autosave (incl. sublevels) for '/Game/TestMap/Test' took 0.147
[2018.02.26-22.11.27:977][ 52]LogFileHelpers: Editor autosave (incl. sublevels) for all levels took 0.147
[2018.02.26-22.13.23:609][510]LogEditorViewport: Clicking on Actor (LMB): StaticMeshActor (Cube77)
[2018.02.26-22.13.25:976][781]Cmd: EDIT COPY
[2018.02.26-22.13.26:437][836]Cmd: EDIT PASTE
[2018.02.26-22.13.49:106][502]LogEditorViewport: Clicking on Actor (LMB): StaticMeshActor (Cube30)
[2018.02.26-22.13.50:264][631]Cmd: EDIT COPY
[2018.02.26-22.13.50:474][654]Cmd: EDIT PASTE
[2018.02.26-22.13.55:805][278]LogEditorViewport: Clicking on Actor (LMB): StaticMeshActor (Floor)
[2018.02.26-22.14.03:317][660]LogEditorViewport: Clicking on Actor (LMB): StaticMeshActor (Floor)
[2018.02.26-22.14.05:137][868]LogEditorViewport: Clicking on Actor (LMB): StaticMeshActor (Cube81)
[2018.02.26-22.14.06:495][ 23]LogEditorViewport: Clicking on Actor (LMB): StaticMeshActor (Cube82)
[2018.02.26-22.14.07:945][189]LogEditorViewport: Clicking on Actor (CTRL LMB): StaticMeshActor (Cube81)
[2018.02.26-22.14.09:805][404]Cmd: DELETE
[2018.02.26-22.14.09:805][404]Cmd: ACTOR DELETE
[2018.02.26-22.14.09:807][404]LogEditorActor: Deleted Actor: StaticMeshActor
[2018.02.26-22.14.09:807][404]LogEditorActor: Deleted Actor: StaticMeshActor
[2018.02.26-22.14.09:815][404]LogEditorActor: Deleted 2 Actors (0.010 secs)
[2018.02.26-22.14.43:632][448]Cmd: OBJ SAVEPACKAGE PACKAGE="/Game/TestMap/Test" FILE="../../../../../../Users/tkumazawa/Documents/GPG220_Project/Content/TestMap/Test.umap" SILENT=true AUTOSAVING=false KEEPDIRTY=false
[2018.02.26-22.14.43:742][448]LogSavePackage: Save=99.80ms
[2018.02.26-22.14.43:743][448]LogSavePackage: Moving '../../../../../../Users/tkumazawa/Documents/GPG220_Project/Saved/Test7A05E5BD470249220B44B39506002F45.tmp' to '../../../../../../Users/tkumazawa/Documents/GPG220_Project/Content/TestMap/Test.umap'
[2018.02.26-22.14.43:746][448]LogSavePackage: Display: Finished SavePackage ../../../../../../Users/tkumazawa/Documents/GPG220_Project/Content/TestMap/Test.umap
[2018.02.26-22.14.43:762][448]LogFileHelpers: Saving map 'Test' took 0.184
