Log file open, 03/04/18 20:00:04
LogWindows: Failed to load 'aqProf.dll' (GetLastError=126)
LogWindows: File 'aqProf.dll' does not exist
LogWindows: Failed to load 'VtuneApi.dll' (GetLastError=126)
LogWindows: File 'VtuneApi.dll' does not exist
LogWindows: Failed to load 'VtuneApi32e.dll' (GetLastError=126)
LogWindows: File 'VtuneApi32e.dll' does not exist
LogInit: Display: Running engine for game: GPG220_Project
LogPlatformFile: Not using cached read wrapper
LogInit: Display: RandInit(881925242) SRandInit(881925242).
LogInit: Read version file with build ID '3709383'
LogInit: Overriding engine version to CL 3832480, compatible CL 3709383
LogInit: Registered custom module enumerator with build ID '3709383'
LogTaskGraph: Started task graph with 5 named threads and 14 total threads with 3 sets of task threads.
LogStats: Stats thread started at 5.189964
LogD3D11RHI: Aftermath initialized
LogPluginManager: Mounting plugin Paper2D
LogPluginManager: Mounting plugin LightPropagationVolume
LogPluginManager: Mounting plugin CodeLiteSourceCodeAccess
LogPluginManager: Mounting plugin GitSourceControl
LogPluginManager: Mounting plugin KDevelopSourceCodeAccess
LogPluginManager: Mounting plugin NullSourceCodeAccess
LogPluginManager: Mounting plugin PerforceSourceControl
LogPluginManager: Mounting plugin SubversionSourceControl
LogPluginManager: Mounting plugin UObjectPlugin
LogPluginManager: Mounting plugin VisualStudioCodeSourceCodeAccess
LogPluginManager: Mounting plugin VisualStudioSourceCodeAccess
LogPluginManager: Mounting plugin XCodeSourceCodeAccess
LogPluginManager: Mounting plugin AssetManagerEditor
LogPluginManager: Mounting plugin AudioCapture
LogPluginManager: Mounting plugin FacialAnimation
LogPluginManager: Mounting plugin GameplayTagsEditor
LogPluginManager: Mounting plugin MobileLauncherProfileWizard
LogPluginManager: Mounting plugin PluginBrowser
LogPluginManager: Mounting plugin SpeedTreeImporter
LogPluginManager: Mounting plugin AlembicImporter
LogPluginManager: Mounting plugin CharacterAI
LogPluginManager: Mounting plugin HTML5Networking
LogPluginManager: Mounting plugin AndroidMedia
LogPluginManager: Mounting plugin AvfMedia
LogPluginManager: Mounting plugin ImgMedia
LogPluginManager: Mounting plugin MediaCompositing
LogPluginManager: Mounting plugin MediaPlayerEditor
LogPluginManager: Mounting plugin WmfMedia
LogPluginManager: Mounting plugin TcpMessaging
LogPluginManager: Mounting plugin UdpMessaging
LogPluginManager: Mounting plugin ActorSequence
LogPluginManager: Mounting plugin LevelSequenceEditor
LogPluginManager: Mounting plugin MatineeToLevelSequence
LogPluginManager: Mounting plugin OnlineSubsystemGooglePlay
LogPluginManager: Mounting plugin OnlineSubsystemIOS
LogPluginManager: Mounting plugin OnlineSubsystem
LogPluginManager: Mounting plugin OnlineSubsystemNull
LogPluginManager: Mounting plugin OnlineSubsystemUtils
LogPluginManager: Mounting plugin AndroidDeviceProfileSelector
LogPluginManager: Mounting plugin AndroidMoviePlayer
LogPluginManager: Mounting plugin AndroidPermission
LogPluginManager: Mounting plugin AppleARKit
LogPluginManager: Mounting plugin AppleMoviePlayer
LogPluginManager: Mounting plugin ArchVisCharacter
LogPluginManager: Mounting plugin CableComponent
LogPluginManager: Mounting plugin CustomMeshComponent
LogPluginManager: Mounting plugin ExampleDeviceProfileSelector
LogPluginManager: Mounting plugin GoogleCloudMessaging
LogPluginManager: Mounting plugin ImmediatePhysics
LogPluginManager: Mounting plugin IOSDeviceProfileSelector
LogPluginManager: Mounting plugin LinuxDeviceProfileSelector
LogPluginManager: Mounting plugin LocationServicesBPLibrary
LogPluginManager: Mounting plugin MobilePatchingUtils
LogPluginManager: Mounting plugin OculusVR
LogPluginManager: Plugin shader directory ../../../Engine/Plugins/Runtime/Oculus/OculusVR/Shaders found
LogPluginManager: Mapping shader source directory ../../../Engine/Plugins/Runtime/Oculus/OculusVR/Shaders to virtual directory /Plugin/OculusVR
LogPluginManager: Mounting plugin PhysXVehicles
LogPluginManager: Mounting plugin ProceduralMeshComponent
LogPluginManager: Mounting plugin RuntimePhysXCooking
LogPluginManager: Mounting plugin SteamVR
LogPluginManager: Mounting plugin WindowsMoviePlayer
LogModuleManager: Display: Found up-to-date module file C:/Users/New/Desktop/GPG220/GPG220PacmanEditor/Binaries/Win64/UE4Editor-GPG220_Project.dll (API version 3709383).
LogModuleManager: Display: Found up-to-date module file ../../../Engine/Plugins/2D/Paper2D/Binaries/Win64/UE4Editor-Paper2D.dll (API version 3709383).
LogModuleManager: Display: Found up-to-date module file ../../../Engine/Plugins/2D/Paper2D/Binaries/Win64/UE4Editor-Paper2DEditor.dll (API version 3709383).
LogModuleManager: Display: Found up-to-date module file ../../../Engine/Plugins/2D/Paper2D/Binaries/Win64/UE4Editor-PaperSpriteSheetImporter.dll (API version 3709383).
LogModuleManager: Display: Found up-to-date module file ../../../Engine/Plugins/2D/Paper2D/Binaries/Win64/UE4Editor-PaperTiledImporter.dll (API version 3709383).
LogModuleManager: Display: Found up-to-date module file ../../../Engine/Plugins/2D/Paper2D/Binaries/Win64/UE4Editor-SmartSnapping.dll (API version 3709383).
LogModuleManager: Display: Found up-to-date module file ../../../Engine/Plugins/Blendables/LightPropagationVolume/Binaries/Win64/UE4Editor-LightPropagationVolumeRuntime.dll (API version 3709383).
LogModuleManager: Display: Found up-to-date module file ../../../Engine/Plugins/Blendables/LightPropagationVolume/Binaries/Win64/UE4Editor-LightPropagationVolumeEditor.dll (API version 3709383).
LogModuleManager: Display: Found up-to-date module file ../../../Engine/Plugins/Developer/GitSourceControl/Binaries/Win64/UE4Editor-GitSourceControl.dll (API version 3709383).
LogModuleManager: Display: Found up-to-date module file ../../../Engine/Plugins/Developer/PerforceSourceControl/Binaries/Win64/UE4Editor-PerforceSourceControl.dll (API version 3709383).
LogModuleManager: Display: Found up-to-date module file ../../../Engine/Plugins/Developer/SubversionSourceControl/Binaries/Win64/UE4Editor-SubversionSourceControl.dll (API version 3709383).
LogModuleManager: Display: Found up-to-date module file ../../../Engine/Plugins/Developer/UObjectPlugin/Binaries/Win64/UE4Editor-UObjectPlugin.dll (API version 3709383).
LogModuleManager: Display: Found up-to-date module file ../../../Engine/Plugins/Developer/VisualStudioCodeSourceCodeAccess/Binaries/Win64/UE4Editor-VisualStudioCodeSourceCodeAccess.dll (API version 3709383).
LogModuleManager: Display: Found up-to-date module file ../../../Engine/Plugins/Developer/VisualStudioSourceCodeAccess/Binaries/Win64/UE4Editor-VisualStudioSourceCodeAccess.dll (API version 3709383).
LogModuleManager: Display: Found up-to-date module file ../../../Engine/Plugins/Editor/AssetManagerEditor/Binaries/Win64/UE4Editor-AssetManagerEditor.dll (API version 3709383).
LogModuleManager: Display: Found up-to-date module file ../../../Engine/Plugins/Editor/AudioCapture/Binaries/Win64/UE4Editor-AudioCapture.dll (API version 3709383).
LogModuleManager: Display: Found up-to-date module file ../../../Engine/Plugins/Editor/FacialAnimation/Binaries/Win64/UE4Editor-FacialAnimation.dll (API version 3709383).
LogModuleManager: Display: Found up-to-date module file ../../../Engine/Plugins/Editor/FacialAnimation/Binaries/Win64/UE4Editor-FacialAnimationEditor.dll (API version 3709383).
LogModuleManager: Display: Found up-to-date module file ../../../Engine/Plugins/Editor/GameplayTagsEditor/Binaries/Win64/UE4Editor-GameplayTagsEditor.dll (API version 3709383).
LogModuleManager: Display: Found up-to-date module file ../../../Engine/Plugins/Editor/MobileLauncherProfileWizard/Binaries/Win64/UE4Editor-MobileLauncherProfileWizard.dll (API version 3709383).
LogModuleManager: Display: Found up-to-date module file ../../../Engine/Plugins/Editor/PluginBrowser/Binaries/Win64/UE4Editor-PluginBrowser.dll (API version 3709383).
LogModuleManager: Display: Found up-to-date module file ../../../Engine/Plugins/Editor/SpeedTreeImporter/Binaries/Win64/UE4Editor-SpeedTreeImporter.dll (API version 3709383).
LogModuleManager: Display: Found up-to-date module file ../../../Engine/Plugins/Experimental/AlembicImporter/Binaries/Win64/UE4Editor-AlembicImporter.dll (API version 3709383).
LogModuleManager: Display: Found up-to-date module file ../../../Engine/Plugins/Experimental/AlembicImporter/Binaries/Win64/UE4Editor-AlembicLibrary.dll (API version 3709383).
LogModuleManager: Display: Found up-to-date module file ../../../Engine/Plugins/Experimental/CharacterAI/Binaries/Win64/UE4Editor-CharacterAI.dll (API version 3709383).
LogModuleManager: Display: Found up-to-date module file ../../../Engine/Plugins/Experimental/HTML5Networking/Binaries/Win64/UE4Editor-HTML5Networking.dll (API version 3709383).
LogModuleManager: Display: Found up-to-date module file ../../../Engine/Plugins/Media/AndroidMedia/Binaries/Win64/UE4Editor-AndroidMediaEditor.dll (API version 3709383).
LogModuleManager: Display: Found up-to-date module file ../../../Engine/Plugins/Media/AndroidMedia/Binaries/Win64/UE4Editor-AndroidMediaFactory.dll (API version 3709383).
LogModuleManager: Display: Found up-to-date module file ../../../Engine/Plugins/Media/AvfMedia/Binaries/Win64/UE4Editor-AvfMediaEditor.dll (API version 3709383).
LogModuleManager: Display: Found up-to-date module file ../../../Engine/Plugins/Media/AvfMedia/Binaries/Win64/UE4Editor-AvfMediaFactory.dll (API version 3709383).
LogModuleManager: Display: Found up-to-date module file ../../../Engine/Plugins/Media/AvfMedia/Binaries/Win64/UE4Editor-AvfMediaFactory.dll (API version 3709383).
LogModuleManager: Display: Found up-to-date module file ../../../Engine/Plugins/Media/ImgMedia/Binaries/Win64/UE4Editor-ImgMedia.dll (API version 3709383).
LogModuleManager: Display: Found up-to-date module file ../../../Engine/Plugins/Media/ImgMedia/Binaries/Win64/UE4Editor-ImgMediaEditor.dll (API version 3709383).
LogModuleManager: Display: Found up-to-date module file ../../../Engine/Plugins/Media/ImgMedia/Binaries/Win64/UE4Editor-ImgMediaFactory.dll (API version 3709383).
LogModuleManager: Display: Found up-to-date module file ../../../Engine/Plugins/Media/ImgMedia/Binaries/Win64/UE4Editor-ImgMediaFactory.dll (API version 3709383).
LogModuleManager: Display: Found up-to-date module file ../../../Engine/Plugins/Media/ImgMedia/Binaries/Win64/UE4Editor-OpenExrWrapper.dll (API version 3709383).
LogModuleManager: Display: Found up-to-date module file ../../../Engine/Plugins/Media/MediaCompositing/Binaries/Win64/UE4Editor-MediaCompositing.dll (API version 3709383).
LogModuleManager: Display: Found up-to-date module file ../../../Engine/Plugins/Media/MediaCompositing/Binaries/Win64/UE4Editor-MediaCompositingEditor.dll (API version 3709383).
LogModuleManager: Display: Found up-to-date module file ../../../Engine/Plugins/Media/MediaPlayerEditor/Binaries/Win64/UE4Editor-MediaPlayerEditor.dll (API version 3709383).
LogModuleManager: Display: Found up-to-date module file ../../../Engine/Plugins/Media/WmfMedia/Binaries/Win64/UE4Editor-WmfMedia.dll (API version 3709383).
LogModuleManager: Display: Found up-to-date module file ../../../Engine/Plugins/Media/WmfMedia/Binaries/Win64/UE4Editor-WmfMediaEditor.dll (API version 3709383).
LogModuleManager: Display: Found up-to-date module file ../../../Engine/Plugins/Media/WmfMedia/Binaries/Win64/UE4Editor-WmfMediaFactory.dll (API version 3709383).
LogModuleManager: Display: Found up-to-date module file ../../../Engine/Plugins/Media/WmfMedia/Binaries/Win64/UE4Editor-WmfMediaFactory.dll (API version 3709383).
LogModuleManager: Display: Found up-to-date module file ../../../Engine/Plugins/Messaging/TcpMessaging/Binaries/Win64/UE4Editor-TcpMessaging.dll (API version 3709383).
LogModuleManager: Display: Found up-to-date module file ../../../Engine/Plugins/Messaging/UdpMessaging/Binaries/Win64/UE4Editor-UdpMessaging.dll (API version 3709383).
LogModuleManager: Display: Found up-to-date module file ../../../Engine/Plugins/MovieScene/ActorSequence/Binaries/Win64/UE4Editor-ActorSequence.dll (API version 3709383).
LogModuleManager: Display: Found up-to-date module file ../../../Engine/Plugins/MovieScene/LevelSequenceEditor/Binaries/Win64/UE4Editor-LevelSequenceEditor.dll (API version 3709383).
LogModuleManager: Display: Found up-to-date module file ../../../Engine/Plugins/MovieScene/MatineeToLevelSequence/Binaries/Win64/UE4Editor-MatineeToLevelSequence.dll (API version 3709383).
LogModuleManager: Display: Found up-to-date module file ../../../Engine/Plugins/Online/OnlineSubsystem/Binaries/Win64/UE4Editor-OnlineSubsystem.dll (API version 3709383).
LogModuleManager: Display: Found up-to-date module file ../../../Engine/Plugins/Online/OnlineSubsystemNull/Binaries/Win64/UE4Editor-OnlineSubsystemNull.dll (API version 3709383).
LogModuleManager: Display: Found up-to-date module file ../../../Engine/Plugins/Online/OnlineSubsystemUtils/Binaries/Win64/UE4Editor-OnlineSubsystemUtils.dll (API version 3709383).
LogModuleManager: Display: Found up-to-date module file ../../../Engine/Plugins/Online/OnlineSubsystemUtils/Binaries/Win64/UE4Editor-OnlineBlueprintSupport.dll (API version 3709383).
LogModuleManager: Display: Found up-to-date module file ../../../Engine/Plugins/Runtime/AndroidDeviceProfileSelector/Binaries/Win64/UE4Editor-AndroidDeviceProfileSelector.dll (API version 3709383).
LogModuleManager: Display: Found up-to-date module file ../../../Engine/Plugins/Runtime/AndroidPermission/Binaries/Win64/UE4Editor-AndroidPermission.dll (API version 3709383).
LogModuleManager: Display: Found up-to-date module file ../../../Engine/Plugins/Runtime/AppleARKit/Binaries/Win64/UE4Editor-AppleARKit.dll (API version 3709383).
LogModuleManager: Display: Found up-to-date module file ../../../Engine/Plugins/Runtime/ArchVisCharacter/Binaries/Win64/UE4Editor-ArchVisCharacter.dll (API version 3709383).
LogModuleManager: Display: Found up-to-date module file ../../../Engine/Plugins/Runtime/CableComponent/Binaries/Win64/UE4Editor-CableComponent.dll (API version 3709383).
LogModuleManager: Display: Found up-to-date module file ../../../Engine/Plugins/Runtime/CustomMeshComponent/Binaries/Win64/UE4Editor-CustomMeshComponent.dll (API version 3709383).
LogModuleManager: Display: Found up-to-date module file ../../../Engine/Plugins/Runtime/ExampleDeviceProfileSelector/Binaries/Win64/UE4Editor-ExampleDeviceProfileSelector.dll (API version 3709383).
LogModuleManager: Display: Found up-to-date module file ../../../Engine/Plugins/Runtime/ImmediatePhysics/Binaries/Win64/UE4Editor-ImmediatePhysics.dll (API version 3709383).
LogModuleManager: Display: Found up-to-date module file ../../../Engine/Plugins/Runtime/ImmediatePhysics/Binaries/Win64/UE4Editor-ImmediatePhysicsEditor.dll (API version 3709383).
LogModuleManager: Display: Found up-to-date module file ../../../Engine/Plugins/Runtime/LocationServicesBPLibrary/Binaries/Win64/UE4Editor-LocationServicesBPLibrary.dll (API version 3709383).
LogModuleManager: Display: Found up-to-date module file ../../../Engine/Plugins/Runtime/MobilePatchingUtils/Binaries/Win64/UE4Editor-MobilePatchingUtils.dll (API version 3709383).
LogModuleManager: Display: Found up-to-date module file ../../../Engine/Plugins/Runtime/Oculus/OculusVR/Binaries/Win64/UE4Editor-OculusHMD.dll (API version 3709383).
LogModuleManager: Display: Found up-to-date module file ../../../Engine/Plugins/Runtime/Oculus/OculusVR/Binaries/Win64/UE4Editor-OculusInput.dll (API version 3709383).
LogModuleManager: Display: Found up-to-date module file ../../../Engine/Plugins/Runtime/Oculus/OculusVR/Binaries/Win64/UE4Editor-OculusEditor.dll (API version 3709383).
LogModuleManager: Display: Found up-to-date module file ../../../Engine/Plugins/Runtime/PhysXVehicles/Binaries/Win64/UE4Editor-PhysXVehicles.dll (API version 3709383).
LogModuleManager: Display: Found up-to-date module file ../../../Engine/Plugins/Runtime/PhysXVehicles/Binaries/Win64/UE4Editor-PhysXVehiclesEditor.dll (API version 3709383).
LogModuleManager: Display: Found up-to-date module file ../../../Engine/Plugins/Runtime/ProceduralMeshComponent/Binaries/Win64/UE4Editor-ProceduralMeshComponent.dll (API version 3709383).
LogModuleManager: Display: Found up-to-date module file ../../../Engine/Plugins/Runtime/ProceduralMeshComponent/Binaries/Win64/UE4Editor-ProceduralMeshComponentEditor.dll (API version 3709383).
LogModuleManager: Display: Found up-to-date module file ../../../Engine/Plugins/Runtime/RuntimePhysXCooking/Binaries/Win64/UE4Editor-RuntimePhysXCooking.dll (API version 3709383).
LogModuleManager: Display: Found up-to-date module file ../../../Engine/Plugins/Runtime/Steam/SteamVR/Binaries/Win64/UE4Editor-SteamVR.dll (API version 3709383).
LogModuleManager: Display: Found up-to-date module file ../../../Engine/Plugins/Runtime/Steam/SteamVR/Binaries/Win64/UE4Editor-SteamVRController.dll (API version 3709383).
LogModuleManager: Display: Found up-to-date module file ../../../Engine/Plugins/Runtime/WindowsMoviePlayer/Binaries/Win64/UE4Editor-WindowsMoviePlayer.dll (API version 3709383).
LogInit: Using libcurl 7.47.1
LogInit:  - built for x86_64-pc-win32
LogInit:  - supports SSL with OpenSSL/1.0.2g
LogInit:  - supports HTTP deflate (compression) using libz 1.2.8
LogInit:  - other features:
LogInit:      CURL_VERSION_SSL
LogInit:      CURL_VERSION_LIBZ
LogInit:      CURL_VERSION_IPV6
LogInit:      CURL_VERSION_ASYNCHDNS
LogInit:      CURL_VERSION_LARGEFILE
LogInit:      CURL_VERSION_IDN
LogInit:  CurlRequestOptions (configurable via config and command line):
LogInit:  - bVerifyPeer = false  - Libcurl will NOT verify peer certificate
LogInit:  - bUseHttpProxy = false  - Libcurl will NOT use HTTP proxy
LogInit:  - bDontReuseConnections = false  - Libcurl will reuse connections
LogInit:  - CertBundlePath = nullptr  - Libcurl will use whatever was configured at build time.
LogInit: Build: ++UE4+Release-4.18-CL-3832480
LogInit: Engine Version: 4.18.3-3832480+++UE4+Release-4.18
LogInit: Compatible Engine Version: 4.18.0-3709383+++UE4+Release-4.18
LogInit: Net CL: 3709383
LogDevObjectVersion: Number of dev versions registered: 16
LogDevObjectVersion:   Dev-Blueprints (B0D832E4-1F89-4F0D-ACCF-7EB736FD4AA2): 10
LogDevObjectVersion:   Dev-Build (E1C64328-A22C-4D53-A36C-8E866417BD8C): 0
LogDevObjectVersion:   Dev-Core (375EC13C-06E4-48FB-B500-84F0262A717E): 2
LogDevObjectVersion:   Dev-Editor (E4B068ED-F494-42E9-A231-DA0B2E46BB41): 20
LogDevObjectVersion:   Dev-Framework (CFFC743F-43B0-4480-9391-14DF171D2073): 30
LogDevObjectVersion:   Dev-Mobile (B02B49B5-BB20-44E9-A304-32B752E40360): 0
LogDevObjectVersion:   Dev-Networking (A4E4105C-59A1-49B5-A7C5-40C4547EDFEE): 0
LogDevObjectVersion:   Dev-Online (39C831C9-5AE6-47DC-9A44-9C173E1C8E7C): 0
LogDevObjectVersion:   Dev-Physics (78F01B33-EBEA-4F98-B9B4-84EACCB95AA2): 0
LogDevObjectVersion:   Dev-Platform (6631380F-2D4D-43E0-8009-CF276956A95A): 0
LogDevObjectVersion:   Dev-Rendering (12F88B9F-8875-4AFC-A67C-D90C383ABD29): 20
LogDevObjectVersion:   Dev-Sequencer (7B5AE74C-D270-4C10-A958-57980B212A5A): 4
LogDevObjectVersion:   Dev-VR (D7296918-1DD6-4BDD-9DE2-64A83CC13884): 0
LogDevObjectVersion:   Dev-LoadTimes (C2A15278-BFE7-4AFE-6C17-90FF531DF755): 1
LogDevObjectVersion:   Private-Geometry (6EACA3D4-40EC-4CC1-B786-8BED09428FC5): 1
LogDevObjectVersion:   Dev-AnimPhys (29E575DD-E0A3-4627-9D10-D276232CDCEA): 12
LogInit: Compiled (64-bit): Jan 12 2018 02:04:55
LogInit: Compiled with Visual C++: 19.00.24215.01
LogInit: Build Configuration: Development
LogInit: Branch Name: ++UE4+Release-4.18
LogInit: Command line:  
LogInit: Base directory: D:/Program Files/Epic Games/UE_4.18/Engine/Binaries/Win64/
LogInit: Installed Engine Build: 1
LogInit: Presizing for max 8388607 objects, including 0 objects not considered by GC, pre-allocating 0 bytes for permanent pool.
LogInit: Object subsystem initialized
[2018.03.04-09.00.10:344][  0]LogInit: Selected Device Profile: [Windows]
[2018.03.04-09.00.10:344][  0]LogInit: Applying CVar settings loaded from the selected device profile: [Windows]
[2018.03.04-09.00.10:542][  0]LogInit: Computer: TK-PC
[2018.03.04-09.00.10:542][  0]LogInit: User: New
[2018.03.04-09.00.10:542][  0]LogInit: CPU Page size=4096, Cores=4
[2018.03.04-09.00.10:542][  0]LogInit: High frequency timer resolution =4.101566 MHz
[2018.03.04-09.00.10:573][  0]LogMemory: Memory total: Physical=16.0GB (16GB approx)
[2018.03.04-09.00.10:573][  0]LogMemory: Platform Memory Stats for Windows
[2018.03.04-09.00.10:573][  0]LogMemory: Process Physical Memory: 274.30 MB used, 274.30 MB peak
[2018.03.04-09.00.10:573][  0]LogMemory: Process Virtual Memory: 269.91 MB used, 269.91 MB peak
[2018.03.04-09.00.10:574][  0]LogMemory: Physical Memory: 6481.96 MB used,  9860.14 MB free, 16342.10 MB total
[2018.03.04-09.00.10:574][  0]LogMemory: Virtual Memory: 683.09 MB used,  9860.14 MB free, 134217728.00 MB total
[2018.03.04-09.00.12:070][  0]LogInit: Using OS detected language (en-GB).
[2018.03.04-09.00.12:070][  0]LogInit: Using OS detected locale (en-AU).
[2018.03.04-09.00.12:554][  0]LogTextLocalizationManager: No specific localization for 'en-GB' exists, so the 'en' localization will be used.
[2018.03.04-09.00.13:526][  0]LogInit: Setting process to per monitor DPI aware
[2018.03.04-09.00.16:427][  0]LogD3D11RHI: D3D11 adapters:
[2018.03.04-09.00.16:477][  0]LogD3D11RHI:    0. 'NVIDIA GeForce GTX 1080' (Feature Level 11_0)
[2018.03.04-09.00.16:477][  0]LogD3D11RHI:       8086/0/8171 MB DedicatedVideo/DedicatedSystem/SharedSystem, Outputs:2, VendorId:0x10de
[2018.03.04-09.00.16:478][  0]LogD3D11RHI:    1. 'Microsoft Basic Render Driver' (Feature Level 11_0)
[2018.03.04-09.00.16:478][  0]LogD3D11RHI:       0/0/8171 MB DedicatedVideo/DedicatedSystem/SharedSystem, Outputs:0, VendorId:0x1414
[2018.03.04-09.00.16:478][  0]LogD3D11RHI: Chosen D3D11 Adapter: 0
[2018.03.04-09.00.16:489][  0]LogD3D11RHI: Creating new Direct3DDevice
[2018.03.04-09.00.16:489][  0]LogD3D11RHI:     GPU DeviceId: 0x1b80 (for the marketing name, search the web for "GPU Device Id")
[2018.03.04-09.00.16:489][  0]LogWindows: EnumDisplayDevices:
[2018.03.04-09.00.16:489][  0]LogWindows:    0. 'NVIDIA GeForce GTX 1080' (P:1 D:1)
[2018.03.04-09.00.16:503][  0]LogWindows:    1. 'NVIDIA GeForce GTX 1080' (P:0 D:1)
[2018.03.04-09.00.16:503][  0]LogWindows:    2. 'NVIDIA GeForce GTX 1080' (P:0 D:0)
[2018.03.04-09.00.16:503][  0]LogWindows:    3. 'NVIDIA GeForce GTX 1080' (P:0 D:0)
[2018.03.04-09.00.16:503][  0]LogWindows: DebugString: GetVideoDriverDetailsInvalid PrimaryIsNotTheChoosenAdapter GetVideoDriverDetailsInvalid PrimaryIsNotTheChoosenAdapter GetVideoDriverDetailsInvalid PrimaryIsNotTheChoosenAdapter GetVideoDriverDetailsInvalid PrimaryIsNotTheChoosenAdapter FoundDriverCount:0 
[2018.03.04-09.00.16:503][  0]LogD3D11RHI:     Adapter Name: NVIDIA GeForce GTX 1080
[2018.03.04-09.00.16:503][  0]LogD3D11RHI:   Driver Version: Unknown (internal:Unknown, unified:Unknown)
[2018.03.04-09.00.16:503][  0]LogD3D11RHI:      Driver Date: Unknown
[2018.03.04-09.00.16:503][  0]LogRHI: Texture pool is 5660 MB (70% of 8086 MB)
[2018.03.04-09.00.16:552][  0]LogD3D11RHI: Async texture creation enabled
[2018.03.04-09.00.16:981][  0]LogD3D11RHI: GPU Timing Frequency: 1000.000000 (Debug: 2 1)
[2018.03.04-09.00.17:204][  0]LogShaderCompilers: Guid format shader working directory is -2 characters bigger than the processId version (C:/Users/New/Desktop/GPG220/GPG220PacmanEditor/Intermediate/Shaders/WorkingDirectory/6552/).
[2018.03.04-09.00.17:204][  0]LogShaderCompilers: Cleaned the shader compiler working directory 'C:/Users/New/AppData/Local/Temp/UnrealShaderWorkingDir/DBB6CDC340A9880CC0D12E812ECA3E22/'.
[2018.03.04-09.00.17:212][  0]LogShaderCompilers: Display: Using Local Shader Compiler.
[2018.03.04-09.00.21:199][  0]LogTemp: Display: Loaded TP AllDesktopTargetPlatform
[2018.03.04-09.00.21:227][  0]LogTemp: Display: Loaded TP MacClientTargetPlatform
[2018.03.04-09.00.21:255][  0]LogTemp: Display: Loaded TP MacNoEditorTargetPlatform
[2018.03.04-09.00.21:284][  0]LogTemp: Display: Loaded TP MacServerTargetPlatform
[2018.03.04-09.00.21:382][  0]LogTemp: Display: Loaded TP MacTargetPlatform
[2018.03.04-09.00.21:410][  0]LogTemp: Display: Loaded TP WindowsClientTargetPlatform
[2018.03.04-09.00.21:441][  0]LogTemp: Display: Loaded TP WindowsNoEditorTargetPlatform
[2018.03.04-09.00.21:471][  0]LogTemp: Display: Loaded TP WindowsServerTargetPlatform
[2018.03.04-09.00.21:494][  0]LogTemp: Display: Loaded TP WindowsTargetPlatform
[2018.03.04-09.00.21:523][  0]LogTemp: Display: Loaded TP Android_ASTCTargetPlatform
[2018.03.04-09.00.21:551][  0]LogTemp: Display: Loaded TP Android_ATCTargetPlatform
[2018.03.04-09.00.21:579][  0]LogTemp: Display: Loaded TP Android_DXTTargetPlatform
[2018.03.04-09.00.21:607][  0]LogTemp: Display: Loaded TP Android_ETC1TargetPlatform
[2018.03.04-09.00.21:636][  0]LogTemp: Display: Loaded TP Android_ETC2TargetPlatform
[2018.03.04-09.00.21:696][  0]LogTemp: Display: Loaded TP Android_MultiTargetPlatform
[2018.03.04-09.00.21:696][  0]LogTemp: Display: Loaded TP Android_PVRTCTargetPlatform
[2018.03.04-09.00.21:820][  0]LogTemp: Display: Loaded TP AndroidTargetPlatform
[2018.03.04-09.00.21:841][  0]LogTemp: Display: Loaded TP HTML5TargetPlatform
[2018.03.04-09.00.22:052][  0]LogTemp: Display: Loaded TP IOSTargetPlatform
[2018.03.04-09.00.22:087][  0]LogTemp: Display: Loaded TP TVOSTargetPlatform
[2018.03.04-09.00.22:115][  0]LogTemp: Display: Loaded TP LinuxClientTargetPlatform
[2018.03.04-09.00.22:146][  0]LogTemp: Display: Loaded TP LinuxNoEditorTargetPlatform
[2018.03.04-09.00.22:174][  0]LogTemp: Display: Loaded TP LinuxServerTargetPlatform
[2018.03.04-09.00.22:207][  0]LogTemp: Display: Loaded TP LinuxTargetPlatform
[2018.03.04-09.00.22:207][  0]LogTargetPlatformManager: Display: Building Assets For Windows
[2018.03.04-09.00.23:375][  0]LogDerivedDataCache: Display: Max Cache Size: 512 MB
[2018.03.04-09.00.23:375][  0]LogDerivedDataCache: Display: Starting with empty Boot cache
[2018.03.04-09.00.23:375][  0]LogDerivedDataCache: FDerivedDataBackendGraph:  Pak pak cache file C:/Users/New/Desktop/GPG220/GPG220PacmanEditor/DerivedDataCache/DDC.ddp not found, will not use a pak cache.
[2018.03.04-09.00.23:375][  0]LogDerivedDataCache: Unable to find inner node Pak for hierarchical cache Hierarchy.
[2018.03.04-09.00.23:376][  0]LogDerivedDataCache: FDerivedDataBackendGraph:  CompressedPak pak cache file C:/Users/New/Desktop/GPG220/GPG220PacmanEditor/DerivedDataCache/Compressed.ddp not found, will not use a pak cache.
[2018.03.04-09.00.23:376][  0]LogDerivedDataCache: Unable to find inner node CompressedPak for hierarchical cache Hierarchy.
[2018.03.04-09.00.23:443][  0]LogDerivedDataCache: Display: Pak cache opened for reading ../../../Engine/DerivedDataCache/Compressed.ddp.
[2018.03.04-09.00.23:455][  0]LogDerivedDataCache: Using Local data cache path C:/Users/New/AppData/Local/UnrealEngine/Common/DerivedDataCache: Writable
[2018.03.04-09.00.23:630][  0]LogMaterial: Verifying Global Shaders for PCD3D_SM5
[2018.03.04-09.00.23:725][  0]LogSlate: Using Freetype 2.6.0
[2018.03.04-09.00.23:831][  0]LogSlate: SlateFontCache - WITH_FREETYPE: 1, WITH_HARFBUZZ: 1
[2018.03.04-09.00.23:832][  0]LogSlate: SlateFontCache - WITH_FREETYPE: 1, WITH_HARFBUZZ: 1
[2018.03.04-09.00.33:390][  0]LogInit: Selected Device Profile: [Windows]
[2018.03.04-09.00.34:785][  0]LogMaterial: Missing cached shader map for material WorldGridMaterial, compiling. Is special engine material.
[2018.03.04-09.01.27:652][  0]LogMaterial: Missing cached shader map for material DefaultDeferredDecalMaterial, compiling. 
[2018.03.04-09.01.38:743][  0]LogMaterial: Missing cached shader map for material DefaultLightFunctionMaterial, compiling. 
[2018.03.04-09.01.39:981][  0]LogMaterial: Missing cached shader map for material DefaultPostProcessMaterial, compiling. 
[2018.03.04-09.01.40:931][  0]LogMaterial: Missing cached shader map for material MatineeCam_mat, compiling. 
[2018.03.04-09.01.41:524][  0]LogSimplygon: Simplygon DLL not present - disabling.
[2018.03.04-09.01.41:584][  0]LogMeshReduction: Using SimplygonSwarm for distributed automatic mesh merging
[2018.03.04-09.01.41:585][  0]LogMeshReduction: Using QuadricMeshReduction for automatic static mesh reduction
[2018.03.04-09.01.41:585][  0]LogMeshReduction: No automatic skeletal mesh reduction module available
[2018.03.04-09.01.41:585][  0]LogMeshReduction: No automatic mesh merging module available
[2018.03.04-09.01.41:585][  0]LogMeshMerging: No automatic mesh merging module available
[2018.03.04-09.01.42:747][  0]LogNetVersion: GPG220_Project , NetCL: 3709383, EngineNetVer: 2, GameNetVer: 0 (Checksum: 3064214830)
[2018.03.04-09.01.43:891][  0]LogMaterial: Missing cached shader map for material HelpActorMaterial, compiling. 
[2018.03.04-09.01.45:781][  0]LogMaterial: Missing cached shader map for material DefaultTextMaterialOpaque, compiling. 
[2018.03.04-09.01.46:697][  0]LogAssetRegistry: FAssetRegistry took 0.0312 seconds to start up
[2018.03.04-09.01.47:590][  0]LogMaterial: Missing cached shader map for material Xray, compiling. 
[2018.03.04-09.01.47:615][  0]LogMaterial: Missing cached shader map for material Main, compiling. 
[2018.03.04-09.01.52:363][  0]LogMaterial: Missing cached shader map for material SnapGridMaterial, compiling. 
[2018.03.04-09.01.52:890][  0]LogMaterial: Missing cached shader map for material TranslucentTransformGizmoMaterial, compiling. 
[2018.03.04-09.01.52:904][  0]LogMaterial: Missing cached shader map for material TransformGizmoMaterial, compiling. 
[2018.03.04-09.01.54:266][  0]LogMaterial: Missing cached shader map for material CineMat, compiling. 
[2018.03.04-09.01.54:788][  0]LogMaterial: Missing cached shader map for material M_SimpleOpaque, compiling. 
[2018.03.04-09.01.55:040][  0]LogMaterial: Missing cached shader map for material M_SimpleTranslucent, compiling. 
[2018.03.04-09.01.56:941][  0]LogMaterial: Missing cached shader map for material Widget3DPassThrough, compiling. 
[2018.03.04-09.01.57:004][  0]LogMaterial: Missing cached shader map for material Widget3DPassThrough, compiling. 
[2018.03.04-09.01.57:065][  0]LogMaterial: Missing cached shader map for material Widget3DPassThrough, compiling. 
[2018.03.04-09.01.57:084][  0]LogMaterial: Missing cached shader map for material Widget3DPassThrough, compiling. 
[2018.03.04-09.01.57:108][  0]LogMaterial: Missing cached shader map for material Widget3DPassThrough, compiling. 
[2018.03.04-09.01.57:135][  0]LogMaterial: Missing cached shader map for material Widget3DPassThrough, compiling. 
[2018.03.04-09.01.58:211][  0]LogMaterial: Missing cached shader map for material SkySphereMaterial, compiling. 
[2018.03.04-09.01.58:421][  0]LogMaterial: Missing cached shader map for material FloorPlaneMaterial, compiling. 
[2018.03.04-09.01.59:700][  0]LogMaterial: Missing cached shader map for material LandscapeGizmo_Mat, compiling. 
[2018.03.04-09.01.59:749][  0]LogMaterial: Missing cached shader map for material LandscapeGizmoHeight_Mat, compiling. 
[2018.03.04-09.01.59:839][  0]LogMaterial: Missing cached shader map for material SplineEditorMeshMat, compiling. 
[2018.03.04-09.02.00:338][  0]LogMaterial: Missing cached shader map for material ARKitCameraMaterial, compiling. 
[2018.03.04-09.02.00:764][  0]LogMaterial: Missing cached shader map for material GearVRControllerMaterial, compiling. 
[2018.03.04-09.02.00:984][  0]LogAssetRegistry: Error: Failed to open file for write C:/Users/New/Desktop/GPG220/GPG220PacmanEditor/Intermediate/AssetRegistryCache/e8c2d44a.bin
[2018.03.04-09.02.01:080][  0]LogAssetRegistry: Error: Failed to open file for write C:/Users/New/Desktop/GPG220/GPG220PacmanEditor/Intermediate/AssetRegistryCache/2657c409.bin
[2018.03.04-09.02.01:096][  0]LogAssetRegistry: Error: Failed to open file for write C:/Users/New/Desktop/GPG220/GPG220PacmanEditor/Intermediate/AssetRegistryCache/266574c4.bin
[2018.03.04-09.02.01:106][  0]LogAssetRegistry: Error: Failed to open file for write C:/Users/New/Desktop/GPG220/GPG220PacmanEditor/Intermediate/AssetRegistryCache/f66358aa.bin
[2018.03.04-09.02.01:111][  0]LogFileManager: Warning: MoveFile was unable to move 'C:/Users/New/Desktop/GPG220/GPG220PacmanEditor/Intermediate/AssetRegistryCache/52ed2538.bin.tmp' to 'C:/Users/New/Desktop/GPG220/GPG220PacmanEditor/Intermediate/AssetRegistryCache/52ed2538.bin', retrying in .5s...
[2018.03.04-09.02.01:611][  0]LogFileManager: Warning: MoveFile was unable to move 'C:/Users/New/Desktop/GPG220/GPG220PacmanEditor/Intermediate/AssetRegistryCache/52ed2538.bin.tmp' to 'C:/Users/New/Desktop/GPG220/GPG220PacmanEditor/Intermediate/AssetRegistryCache/52ed2538.bin', retrying in .5s...
[2018.03.04-09.02.02:112][  0]LogFileManager: Warning: MoveFile was unable to move 'C:/Users/New/Desktop/GPG220/GPG220PacmanEditor/Intermediate/AssetRegistryCache/52ed2538.bin.tmp' to 'C:/Users/New/Desktop/GPG220/GPG220PacmanEditor/Intermediate/AssetRegistryCache/52ed2538.bin', retrying in .5s...
[2018.03.04-09.02.02:612][  0]LogFileManager: Warning: MoveFile was unable to move 'C:/Users/New/Desktop/GPG220/GPG220PacmanEditor/Intermediate/AssetRegistryCache/52ed2538.bin.tmp' to 'C:/Users/New/Desktop/GPG220/GPG220PacmanEditor/Intermediate/AssetRegistryCache/52ed2538.bin', retrying in .5s...
[2018.03.04-09.02.03:112][  0]LogFileManager: Warning: MoveFile was unable to move 'C:/Users/New/Desktop/GPG220/GPG220PacmanEditor/Intermediate/AssetRegistryCache/52ed2538.bin.tmp' to 'C:/Users/New/Desktop/GPG220/GPG220PacmanEditor/Intermediate/AssetRegistryCache/52ed2538.bin', retrying in .5s...
[2018.03.04-09.02.03:613][  0]LogFileManager: Warning: MoveFile was unable to move 'C:/Users/New/Desktop/GPG220/GPG220PacmanEditor/Intermediate/AssetRegistryCache/52ed2538.bin.tmp' to 'C:/Users/New/Desktop/GPG220/GPG220PacmanEditor/Intermediate/AssetRegistryCache/52ed2538.bin', retrying in .5s...
[2018.03.04-09.02.04:113][  0]LogFileManager: Warning: MoveFile was unable to move 'C:/Users/New/Desktop/GPG220/GPG220PacmanEditor/Intermediate/AssetRegistryCache/52ed2538.bin.tmp' to 'C:/Users/New/Desktop/GPG220/GPG220PacmanEditor/Intermediate/AssetRegistryCache/52ed2538.bin', retrying in .5s...
[2018.03.04-09.02.04:613][  0]LogFileManager: Warning: MoveFile was unable to move 'C:/Users/New/Desktop/GPG220/GPG220PacmanEditor/Intermediate/AssetRegistryCache/52ed2538.bin.tmp' to 'C:/Users/New/Desktop/GPG220/GPG220PacmanEditor/Intermediate/AssetRegistryCache/52ed2538.bin', retrying in .5s...
[2018.03.04-09.02.05:114][  0]LogFileManager: Warning: MoveFile was unable to move 'C:/Users/New/Desktop/GPG220/GPG220PacmanEditor/Intermediate/AssetRegistryCache/52ed2538.bin.tmp' to 'C:/Users/New/Desktop/GPG220/GPG220PacmanEditor/Intermediate/AssetRegistryCache/52ed2538.bin', retrying in .5s...
[2018.03.04-09.02.05:614][  0]LogFileManager: Warning: MoveFile was unable to move 'C:/Users/New/Desktop/GPG220/GPG220PacmanEditor/Intermediate/AssetRegistryCache/52ed2538.bin.tmp' to 'C:/Users/New/Desktop/GPG220/GPG220PacmanEditor/Intermediate/AssetRegistryCache/52ed2538.bin', retrying in .5s...
[2018.03.04-09.02.06:114][  0]LogFileManager: Error: Error moving file 'C:/Users/New/Desktop/GPG220/GPG220PacmanEditor/Intermediate/AssetRegistryCache/52ed2538.bin.tmp' to 'C:/Users/New/Desktop/GPG220/GPG220PacmanEditor/Intermediate/AssetRegistryCache/52ed2538.bin'.
[2018.03.04-09.02.06:154][  0]LogPackageLocalizationCache: Processed 7 localized package path(s) for 2 prioritized culture(s) in 5.193830 seconds
[2018.03.04-09.02.06:161][  0]LogUObjectArray: 35870 objects as part of root set at end of initial load.
[2018.03.04-09.02.06:161][  0]LogUObjectAllocator: 7363696 out of 0 bytes used by permanent object pool.
[2018.03.04-09.02.06:161][  0]LogUObjectArray: CloseDisregardForGC: 0/0 objects in disregard for GC pool
[2018.03.04-09.02.06:212][  0]LogInit: WinSock: version 1.1 (2.2), MaxSocks=32767, MaxUdp=65467
[2018.03.04-09.02.25:441][  0]LogMaterial: Missing cached shader map for material GridPostProcess, compiling. 
[2018.03.04-09.02.25:649][  0]LogMaterial: Missing cached shader map for material GenericHMDMaterial, compiling. 
[2018.03.04-09.02.25:681][  0]LogMaterial: Missing cached shader map for material TeleportDirectionMaterial, compiling. 
[2018.03.04-09.02.25:786][  0]LogMaterial: Missing cached shader map for material GridMaterial, compiling. 
[2018.03.04-09.02.25:802][  0]LogMaterial: Missing cached shader map for material VRTextMaterial, compiling. 
[2018.03.04-09.02.25:822][  0]LogMaterial: Missing cached shader map for material LaserPointerMaterial, compiling. 
[2018.03.04-09.02.25:848][  0]LogMaterial: Missing cached shader map for material LaserPointerMaterial, compiling. 
[2018.03.04-09.02.25:896][  0]LogMaterial: Missing cached shader map for material KeyDiskMaterial, compiling. 
[2018.03.04-09.02.25:914][  0]LogMaterial: Missing cached shader map for material M_ContentWindow, compiling. 
[2018.03.04-09.02.25:960][  0]LogMaterial: Missing cached shader map for material FlattenHeightMat, compiling. 
[2018.03.04-09.02.25:979][  0]LogMaterial: Missing cached shader map for material ArrowMaterial, compiling. 
[2018.03.04-09.02.26:033][  0]LogMaterial: Missing cached shader map for material VivePreControllerMaterial, compiling. 
[2018.03.04-09.02.26:060][  0]LogMaterial: Missing cached shader map for material OculusControllerMaterial, compiling. 
[2018.03.04-09.02.26:096][  0]LogMaterial: Missing cached shader map for material LineMaterial, compiling. 
[2018.03.04-09.02.26:110][  0]LogMaterial: Missing cached shader map for material VRTextMaterial, compiling. 
[2018.03.04-09.02.27:868][  0]LogAssetRegistry: Error: Failed to open file for write C:/Users/New/Desktop/GPG220/GPG220PacmanEditor/Intermediate/CachedAssetRegistry.bin
[2018.03.04-09.02.27:868][  0]LogMaterial: Missing cached shader map for material DefaultSpriteMaterial, compiling. 
[2018.03.04-09.02.27:903][  0]LogMaterial: Missing cached shader map for material DefaultSpriteMaterial, compiling. 
[2018.03.04-09.02.28:743][  0]LogTcpMessaging: Initializing TcpMessaging bridge
[2018.03.04-09.02.28:812][  0]LogUdpMessaging: Initializing bridge on interface 0.0.0.0:0 to multicast group 230.0.0.1:6666.
[2018.03.04-09.02.29:273][  0]LogMaterial: Missing cached shader map for material DefaultMaterial, compiling. 
[2018.03.04-09.02.30:857][  0]LogMaterial: Missing cached shader map for material BaseColor, compiling. 
[2018.03.04-09.02.30:870][  0]LogMaterial: Missing cached shader map for material CustomDepth, compiling. 
[2018.03.04-09.02.30:897][  0]LogMaterial: Uniform references updated for custom material expression Custom.
[2018.03.04-09.02.30:910][  0]LogMaterial: Missing cached shader map for material CustomStencil, compiling. 
[2018.03.04-09.02.30:922][  0]LogMaterial: Missing cached shader map for material FinalImage, compiling. 
[2018.03.04-09.02.30:933][  0]LogMaterial: Missing cached shader map for material LightingModel, compiling. 
[2018.03.04-09.02.30:944][  0]LogMaterial: Missing cached shader map for material MaterialAO, compiling. 
[2018.03.04-09.02.30:956][  0]LogMaterial: Missing cached shader map for material Metallic, compiling. 
[2018.03.04-09.02.30:968][  0]LogMaterial: Missing cached shader map for material Opacity, compiling. 
[2018.03.04-09.02.30:980][  0]LogMaterial: Missing cached shader map for material Roughness, compiling. 
[2018.03.04-09.02.30:992][  0]LogMaterial: Missing cached shader map for material SceneColor, compiling. 
[2018.03.04-09.02.31:005][  0]LogMaterial: Missing cached shader map for material SceneDepth, compiling. 
[2018.03.04-09.02.31:018][  0]LogMaterial: Missing cached shader map for material SeparateTranslucencyRGB, compiling. 
[2018.03.04-09.02.31:030][  0]LogMaterial: Missing cached shader map for material SeparateTranslucencyA, compiling. 
[2018.03.04-09.02.31:043][  0]LogMaterial: Missing cached shader map for material Specular, compiling. 
[2018.03.04-09.02.31:055][  0]LogMaterial: Missing cached shader map for material SubsurfaceColor, compiling. 
[2018.03.04-09.02.31:068][  0]LogMaterial: Missing cached shader map for material WorldNormal, compiling. 
[2018.03.04-09.02.31:085][  0]LogMaterial: Missing cached shader map for material AmbientOcclusion, compiling. 
[2018.03.04-09.02.31:108][  0]LogMaterial: Missing cached shader map for material CustomDepthWorldUnits, compiling. 
[2018.03.04-09.02.31:120][  0]LogMaterial: Missing cached shader map for material SceneDepthWorldUnits, compiling. 
[2018.03.04-09.02.31:133][  0]LogMaterial: Missing cached shader map for material PreTonemapHDRColor, compiling. 
[2018.03.04-09.02.31:145][  0]LogMaterial: Missing cached shader map for material PostTonemapHDRColor, compiling. 
[2018.03.04-09.02.31:991][  0]SourceControl: Source control is disabled
[2018.03.04-09.02.31:993][  0]SourceControl: Source control is disabled
[2018.03.04-09.02.32:094][  0]SourceControl: Source control is disabled
[2018.03.04-09.02.32:163][  0]SourceControl: Source control is disabled
[2018.03.04-09.02.33:225][  0]LogMaterial: Missing cached shader map for material DefaultMediaPlaneMaterial, compiling. 
[2018.03.04-09.02.33:787][  0]LogAndroidPermission: UAndroidPermissionCallbackProxy::GetInstance
[2018.03.04-09.02.34:194][  0]LogOcInput: OculusInput pre-init called
[2018.03.04-09.02.34:596][  0]LogMaterial: Missing cached shader map for material HighResScreenshot, compiling. 
[2018.03.04-09.02.34:614][  0]LogMaterial: Missing cached shader map for material HighResScreenshotMask, compiling. 
[2018.03.04-09.02.34:635][  0]LogMaterial: Missing cached shader map for material HighResScreenshotCaptureRegion, compiling. 
[2018.03.04-09.02.35:239][  0]LogEngine: Initializing Engine...
[2018.03.04-09.02.35:338][  0]LogHMD: Failed to initialize OpenVR with code 110
[2018.03.04-09.02.35:386][  0]LogMaterial: Missing cached shader map for material WireframeMaterial, compiling. Is special engine material.
[2018.03.04-09.02.35:660][  0]LogMaterial: Missing cached shader map for material LevelColorationLitMaterial, compiling. Is special engine material.
[2018.03.04-09.02.36:417][  0]LogMaterial: Missing cached shader map for material LevelColorationUnlitMaterial, compiling. Is special engine material.
[2018.03.04-09.02.36:674][  0]LogMaterial: Missing cached shader map for material MAT_LevelColorationLitLightmapUV, compiling. Is special engine material.
[2018.03.04-09.02.37:425][  0]LogMaterial: Missing cached shader map for material ShadedLevelColorationLitMaterial, compiling. Is special engine material.
[2018.03.04-09.02.38:192][  0]LogMaterial: Missing cached shader map for material ShadedLevelColorationUnlitMateri, compiling. Is special engine material.
[2018.03.04-09.02.38:418][  0]LogMaterial: Missing cached shader map for material VertexColorMaterial, compiling. 
[2018.03.04-09.02.38:534][  0]LogMaterial: Missing cached shader map for material VertexColorViewMode_ColorOnly, compiling. 
[2018.03.04-09.02.38:560][  0]LogMaterial: Missing cached shader map for material VertexColorViewMode_AlphaAsColor, compiling. 
[2018.03.04-09.02.38:583][  0]LogMaterial: Missing cached shader map for material VertexColorViewMode_RedOnly, compiling. 
[2018.03.04-09.02.38:607][  0]LogMaterial: Missing cached shader map for material VertexColorViewMode_GreenOnly, compiling. 
[2018.03.04-09.02.38:628][  0]LogMaterial: Missing cached shader map for material VertexColorViewMode_BlueOnly, compiling. 
[2018.03.04-09.02.38:651][  0]LogMaterial: Missing cached shader map for material RemoveSurfaceMaterial, compiling. 
[2018.03.04-09.02.38:661][  0]LogMaterial: Missing cached shader map for material DebugMeshMaterial, compiling. 
[2018.03.04-09.02.38:705][  0]LogMaterial: Missing cached shader map for material M_InvalidLightmapSettings, compiling. 
[2018.03.04-09.02.38:756][  0]LogMaterial: Missing cached shader map for material GizmoMaterial, compiling. 
[2018.03.04-09.02.38:776][  0]LogMaterial: Missing cached shader map for material PhAT_JointLimitMaterial, compiling. 
[2018.03.04-09.02.38:805][  0]LogMaterial: Missing cached shader map for material GeomMaterial, compiling. 
[2018.03.04-09.02.38:826][  0]LogMaterial: Missing cached shader map for material EditorBrushMaterial, compiling. 
[2018.03.04-09.02.38:845][  0]LogMaterial: Missing cached shader map for material BoneWeightMaterial, compiling. 
[2018.03.04-09.02.38:966][  0]LogMaterial: Missing cached shader map for material ClothMaterial, compiling. 
[2018.03.04-09.02.38:987][  0]LogMaterial: Missing cached shader map for material ClothMaterial_WF, compiling. 
[2018.03.04-09.02.39:017][  0]LogMaterial: Missing cached shader map for material DebugEditorMaterial, compiling. 
[2018.03.04-09.02.39:047][  0]LogMaterial: Missing cached shader map for material PreviewShadowIndicatorMaterial, compiling. 
[2018.03.04-09.02.39:515][  0]LogStats: UGameplayTagsManager::ConstructGameplayTagTree: Construct from data asset -  0.000 s
[2018.03.04-09.02.39:515][  0]LogStats: UGameplayTagsManager::ConstructGameplayTagTree: GameplayTagTreeChangedEvent.Broadcast -  0.000 s
[2018.03.04-09.02.40:197][  0]LogAIModule: Creating AISystem for world Untitled
[2018.03.04-09.02.40:559][  0]LogInit: XAudio2 using 'Headphones (Razer Kraken USB)' : 2 channels at 48 kHz using 16 bits per sample (channel mask 0x3)
[2018.03.04-09.02.40:596][  0]LogInit: FAudioDevice initialized.
[2018.03.04-09.02.40:623][  0]LogDerivedDataCache: Error: Could not save memory cache C:/Users/New/AppData/Local/UnrealEngine/4.18/DerivedDataCache/Boot.ddc.
[2018.03.04-09.02.40:641][  0]LogInit: Texture streaming: Enabled
[2018.03.04-09.02.40:994][  0]LogEngineSessionManager: EngineSessionManager initialized
[2018.03.04-09.02.41:828][  0]LogInit: Transaction tracking system initialized
[2018.03.04-09.02.43:803][  0]BlueprintLog: New page: Editor Load
[2018.03.04-09.02.48:452][  0]LocalizationService: Localization service is disabled
[2018.03.04-09.02.53:371][  0]LogConsoleResponse: Display: 
[2018.03.04-09.02.54:600][  0]LogMaterial: Missing cached shader map for material Cross_Mat, compiling. 
[2018.03.04-09.02.54:623][  0]LogMaterial: Missing cached shader map for material PhAT_BoneSelectedMaterial, compiling. 
[2018.03.04-09.02.54:643][  0]LogMaterial: Missing cached shader map for material PhAT_ElemSelectedMaterial, compiling. 
[2018.03.04-09.02.54:659][  0]LogMaterial: Missing cached shader map for material PhAT_NoCollisionMaterial, compiling. 
[2018.03.04-09.02.54:676][  0]LogMaterial: Missing cached shader map for material PhAT_UnselectedMaterial, compiling. 
[2018.03.04-09.02.54:710][  0]LogMaterial: Missing cached shader map for material Tick_Mat, compiling. 
[2018.03.04-09.02.54:758][  0]LogMaterial: Missing cached shader map for material WidgetGridVertexColorMaterial_Ma, compiling. 
[2018.03.04-09.02.54:776][  0]LogMaterial: Missing cached shader map for material WidgetMaterial, compiling. 
[2018.03.04-09.02.54:792][  0]LogMaterial: Missing cached shader map for material WidgetMaterial_Current, compiling. 
[2018.03.04-09.02.54:809][  0]LogMaterial: Missing cached shader map for material WidgetMaterial_X, compiling. 
[2018.03.04-09.02.54:826][  0]LogMaterial: Missing cached shader map for material WidgetMaterial_Y, compiling. 
[2018.03.04-09.02.54:844][  0]LogMaterial: Missing cached shader map for material WidgetMaterial_Z, compiling. 
[2018.03.04-09.02.54:861][  0]LogMaterial: Missing cached shader map for material WidgetVertexColorMaterial, compiling. 
[2018.03.04-09.02.54:940][  0]LogMaterial: Missing cached shader map for material LevelGridMaterial, compiling. 
[2018.03.04-09.02.55:219][  0]LogMaterial: Missing cached shader map for material BlinkingCaret, compiling. 
[2018.03.04-09.02.55:982][  0]LogMaterial: Missing cached shader map for material M_StreamingPause, compiling. 
[2018.03.04-09.02.56:858][  0]LogFileCache: Scanning file cache for directory 'C:/Users/New/Desktop/GPG220/GPG220PacmanEditor/Content/' took 0.08s
[2018.03.04-09.02.56:858][  0]LogCook: Display: Max memory allowance for cook 16384mb min free memory 0mb
[2018.03.04-09.02.56:859][  0]LogCook: Display: Mobile HDR setting 1
[2018.03.04-09.02.56:926][  0]LogGameplayTags: Display: UGameplayTagsManager::DoneAddingNativeTags. DelegateIsBound: 0
[2018.03.04-09.03.03:207][  0]SourceControl: Source control is disabled
[2018.03.04-09.03.03:341][  0]Cmd: MAP LOAD FILE="../../../Engine/Content/Maps/Templates/Template_Default.umap" TEMPLATE=1 SHOWPROGRESS=1 FEATURELEVEL=3
[2018.03.04-09.03.03:396][  0]LightingResults: New page: Lighting Build
[2018.03.04-09.03.04:613][  0]MapCheck: New page: Map Check
[2018.03.04-09.03.04:613][  0]LightingResults: New page: Lighting Build
[2018.03.04-09.03.20:424][  0]LogMaterial: Missing cached shader map for material M_Sky_Panning_Clouds2, compiling. 
[2018.03.04-09.03.20:925][  0]LogAIModule: Creating AISystem for world Untitled_1
[2018.03.04-09.03.21:562][  0]LogDerivedDataCache: FFileSystemDerivedDataBackend: Move collision, attempt at redundant update, OK C:/Users/New/AppData/Local/UnrealEngine/Common/DerivedDataCache/7/8/3/MATSM_24CFB3A24FF7412DB1277B5C2B5936DE_PCD3D_SM5_7__BC5N_NOCCBN_DEV_SL_DBUF_UN__777FB1C456EDB150E20FB94FDD52DB8EB1C779D4.udd.
[2018.03.04-09.03.21:562][  0]LogDerivedDataCache: FFileSystemDerivedDataBackend: Move collision, attempt at redundant update, OK C:/Users/New/AppData/Local/UnrealEngine/Common/DerivedDataCache/8/2/0/MATSM_24CFB3A24FF7412DB1277B5C2B5936DE_PCD3D_SM5_7__BC5N_NOCCBN_DEV_SL_DBUF_UN__17414C7397F79F2F2D40F8DB63E2FB195E138757.udd.
[2018.03.04-09.03.21:562][  0]LogDerivedDataCache: FFileSystemDerivedDataBackend: Move collision, attempt at redundant update, OK C:/Users/New/AppData/Local/UnrealEngine/Common/DerivedDataCache/1/0/2/MATSM_24CFB3A24FF7412DB1277B5C2B5936DE_PCD3D_SM5_7__BC5N_NOCCBN_DEV_SL_DBUF_UN__060E32E36DDE6912511B9EBE56E6FCBAD893E34B.udd.
[2018.03.04-09.03.21:562][  0]LogDerivedDataCache: FFileSystemDerivedDataBackend: Move collision, attempt at redundant update, OK C:/Users/New/AppData/Local/UnrealEngine/Common/DerivedDataCache/1/4/9/MATSM_24CFB3A24FF7412DB1277B5C2B5936DE_PCD3D_SM5_7__BC5N_NOCCBN_DEV_SL_DBUF_UN__756B923F55C7CB4A42219F432878ECE358963248.udd.
[2018.03.04-09.03.24:752][  0]LogEditorServer: Finished looking for orphan Actors (0.000 secs)
[2018.03.04-09.03.25:696][  0]Cmd: MAP CHECKDEP NOCLEARLOG
[2018.03.04-09.03.25:900][  0]MapCheck: Map check complete: 0 Error(s), 0 Warning(s), took 198.134ms to complete.
[2018.03.04-09.03.25:923][  0]LogFileHelpers: Loading map 'Template_Default' took 22.632
[2018.03.04-09.03.33:901][  0]LogCollectionManager: Loaded 0 collections in 0.001317 seconds
[2018.03.04-09.03.34:532][  0]LogFileCache: Scanning file cache for directory 'C:/Users/New/Desktop/GPG220/GPG220PacmanEditor/Saved/Collections/' took 0.01s
[2018.03.04-09.03.34:532][  0]LogFileCache: Scanning file cache for directory 'C:/Users/New/Desktop/GPG220/GPG220PacmanEditor/Content/Developers/New/Collections/' took 0.01s
[2018.03.04-09.03.34:532][  0]LogFileCache: Scanning file cache for directory 'C:/Users/New/Desktop/GPG220/GPG220PacmanEditor/Content/Collections/' took 0.01s
[2018.03.04-09.03.34:532][  0]LogCollectionManager: Rebuilt the GUID cache for 0 collections in 0.000000 seconds
[2018.03.04-09.03.34:756][  0]LogContentBrowser: Native class hierarchy populated in 0.2216 seconds. Added 2364 classes and 521 folders.
[2018.03.04-09.03.35:065][  0]LogContentBrowser: Native class hierarchy updated for 'WidgetCarousel' in 0.0008 seconds. Added 0 classes and 0 folders.
[2018.03.04-09.03.37:237][  0]LogContentBrowser: Native class hierarchy updated for 'AddContentDialog' in 0.0007 seconds. Added 0 classes and 0 folders.
[2018.03.04-09.03.37:663][  0]LogContentBrowser: Native class hierarchy updated for 'SceneOutliner' in 0.0007 seconds. Added 1 classes and 2 folders.
[2018.03.04-09.03.41:379][  0]LogSlate: Took 0.037222 seconds to synchronously load lazily loaded font '../../../Engine/Content/Slate/Fonts/Roboto-Regular.ttf' (155K)
[2018.03.04-09.03.41:642][  0]LogSlate: Took 0.152660 seconds to synchronously load lazily loaded font '../../../Engine/Content/Slate/Fonts/Roboto-Bold.ttf' (160K)
[2018.03.04-09.03.42:548][  0]LogSlate: Took 0.464144 seconds to synchronously load lazily loaded font '../../../Engine/Content/Editor/Slate/Fonts/FontAwesome.ttf' (139K)
[2018.03.04-09.03.48:599][  0]LogMaterial: Missing cached shader map for material LevelGridMaterial2, compiling. 
[2018.03.04-09.03.49:812][  0]LogRenderer: Reallocating scene render targets to support 1208x652 Format 10 NumSamples 1 (Frame:1).
[2018.03.04-09.05.10:854][  0]LogContentBrowser: Native class hierarchy updated for 'HierarchicalLODOutliner' in 0.0007 seconds. Added 1 classes and 2 folders.
[2018.03.04-09.05.10:854][  0]LogLoad: (Engine Initialization) Total time: 329.27 seconds
[2018.03.04-09.05.10:854][  0]LogLoad: (Engine Initialization) Total Blueprint compile time: 0.00 seconds
[2018.03.04-09.05.10:878][  0]LogExternalProfiler: Found external profiler: VSPerf
[2018.03.04-09.05.10:878][  0]LogExternalProfiler: Using external profiler: VSPerf
[2018.03.04-09.05.11:966][  0]LogContentStreaming: Texture pool size now 1000 MB
[2018.03.04-09.05.15:874][  2]LogAssetRegistry: Asset discovery search completed in 209.1993 seconds
[2018.03.04-09.05.15:876][  2]LogCollectionManager: Rebuilt the object cache for 0 collections in 0.000000 seconds (found 0 objects)
[2018.03.04-09.05.15:876][  2]LogCollectionManager: Fixed up redirectors for 0 collections in 0.000075 seconds (updated 0 objects)
[2018.03.04-09.05.15:938][  2]LogSlate: Took 0.013635 seconds to synchronously load lazily loaded font '../../../Engine/Content/Slate/Fonts/Roboto-Light.ttf' (159K)
[2018.03.04-09.05.16:623][  4]LogSlate: Took 0.000184 seconds to synchronously load lazily loaded font '../../../Engine/Content/Slate/Fonts/Roboto-Light.ttf' (159K)
[2018.03.04-09.05.28:846][ 41]LogWindowsTextInputMethodSystem: Display: IME system now deactivated.
[2018.03.04-09.05.28:847][ 41]LogWindowsTextInputMethodSystem: Display: IME system now deactivated.
[2018.03.04-09.06.08:475][821]LogEditorViewport: Clicking on Actor (LMB): StaticMeshActor (Floor)
[2018.03.04-09.06.26:405][824]LogEditorViewport: Clicking on Actor (LMB): BP_Sky_Sphere_C (Sky Sphere)
[2018.03.04-09.07.14:691][969]LogEditorViewport: Clicking on Actor (LMB): BP_Sky_Sphere_C (Sky Sphere)
[2018.03.04-09.07.16:552][ 89]LogTemp: Repeating last play command: Selected Viewport
[2018.03.04-09.07.16:660][ 89]LogPlayLevel: PlayLevel: No blueprints needed recompiling
[2018.03.04-09.07.16:758][ 89]PIE: New page: PIE session: Untitled_1 (5 Mar 2018 7:07:16 am)
[2018.03.04-09.07.16:779][ 89]LogPlayLevel: Creating play world package: /Temp/UEDPIE_0_Untitled_1
[2018.03.04-09.07.16:826][ 89]LogPlayLevel: PIE: StaticDuplicateObject took: (0.046923s)
[2018.03.04-09.07.16:827][ 89]LogAIModule: Creating AISystem for world Untitled_1
[2018.03.04-09.07.16:842][ 89]LogPlayLevel: PIE: World Init took: (0.015798s)
[2018.03.04-09.07.16:861][ 89]LogPlayLevel: PIE: Created PIE world by copying editor world from /Temp/Untitled_1.Untitled_1 to /Temp/UEDPIE_0_Untitled_1.Untitled_1 (0.081788s)
[2018.03.04-09.07.16:899][ 89]LogInit: XAudio2 using 'Headphones (Razer Kraken USB)' : 2 channels at 48 kHz using 16 bits per sample (channel mask 0x3)
[2018.03.04-09.07.16:925][ 89]LogInit: FAudioDevice initialized.
[2018.03.04-09.07.16:977][ 89]LogLoad: Game class is 'GameModeBase'
[2018.03.04-09.07.17:055][ 89]LogWorld: Bringing World /Temp/UEDPIE_0_Untitled_1.Untitled_1 up for play (max tick rate 0) at 2018.03.04-20.07.17
[2018.03.04-09.07.17:070][ 89]LogWorld: Bringing up level for play took: 0.015104
[2018.03.04-09.07.17:265][ 89]LogContentBrowser: Native class hierarchy updated for 'MovieSceneCapture' in 0.0132 seconds. Added 11 classes and 0 folders.
[2018.03.04-09.07.17:332][ 89]PIE: Play in editor start time for /Temp/UEDPIE_0_Untitled_1 1.592
[2018.03.04-09.07.36:854][920]LogMaterial: Missing cached shader map for material M_UE4Man_Body, compiling. 
[2018.03.04-09.07.36:999][920]LogMaterial: Missing cached shader map for material M_UE4Man_Body, compiling. 
[2018.03.04-09.09.00:601][435]LogWindowsTextInputMethodSystem: Display: IME system now deactivated.
[2018.03.04-09.09.00:920][436]Cmd: QUIT_EDITOR
[2018.03.04-09.09.02:077][436]LogExit: Preparing to exit.
[2018.03.04-09.09.03:326][436]LogExit: Editor shut down
[2018.03.04-09.09.03:328][436]LogExit: Transaction tracking system shut down
[2018.03.04-09.09.03:606][436]LogDirectoryWatcher: A directory notification for '../../../Engine/Content/' was aborted.
[2018.03.04-09.09.03:606][436]LogDirectoryWatcher: A directory notification for 'C:/Users/New/Desktop/GPG220/GPG220PacmanEditor/Content/' was aborted.
[2018.03.04-09.09.03:606][436]LogDirectoryWatcher: A directory notification for '../../../Engine/Plugins/2D/Paper2D/Content/' was aborted.
[2018.03.04-09.09.03:606][436]LogDirectoryWatcher: A directory notification for '../../../Engine/Plugins/Media/MediaCompositing/Content/' was aborted.
[2018.03.04-09.09.03:606][436]LogDirectoryWatcher: A directory notification for '../../../Engine/Plugins/Runtime/AppleARKit/Content/' was aborted.
[2018.03.04-09.09.03:606][436]LogDirectoryWatcher: A directory notification for '../../../Engine/Plugins/Runtime/Oculus/OculusVR/Content/' was aborted.
[2018.03.04-09.09.03:606][436]LogDirectoryWatcher: A directory notification for '../../../Engine/Plugins/Runtime/Steam/SteamVR/Content/' was aborted.
[2018.03.04-09.09.04:682][436]LogExit: Object subsystem successfully closed.
[2018.03.04-09.09.04:815][436]LogD3D11RHI: Shutdown
[2018.03.04-09.09.04:831][436]LogD3D11RHI: CleanupD3DDevice
[2018.03.04-09.09.04:868][436]LogD3D11RHI: ~FD3D11DynamicRHI
[2018.03.04-09.09.05:876][436]LogModuleManager: Shutting down and abandoning module MovieSceneCapture (554)
[2018.03.04-09.09.05:877][436]LogModuleManager: Shutting down and abandoning module HierarchicalLODOutliner (552)
[2018.03.04-09.09.05:877][436]LogModuleManager: Shutting down and abandoning module DesktopPlatform (550)
[2018.03.04-09.09.05:900][436]LogModuleManager: Shutting down and abandoning module SceneOutliner (548)
[2018.03.04-09.09.05:900][436]LogModuleManager: Shutting down and abandoning module AddContentDialog (546)
[2018.03.04-09.09.05:911][436]LogDirectoryWatcher: A directory notification for 'D:/Program Files/Epic Games/UE_4.18/FeaturePacks/' was aborted.
[2018.03.04-09.09.05:912][436]LogModuleManager: Shutting down and abandoning module WidgetCarousel (545)
[2018.03.04-09.09.05:912][436]LogModuleManager: Shutting down and abandoning module EditorWidgets (542)
[2018.03.04-09.09.05:912][436]LogModuleManager: Shutting down and abandoning module CollectionManager (540)
[2018.03.04-09.09.05:923][436]LogDirectoryWatcher: A directory notification for 'C:/Users/New/Desktop/GPG220/GPG220PacmanEditor/Content/Collections/' was aborted.
[2018.03.04-09.09.05:923][436]LogDirectoryWatcher: A directory notification for 'C:/Users/New/Desktop/GPG220/GPG220PacmanEditor/Content/Developers/New/Collections/' was aborted.
[2018.03.04-09.09.05:923][436]LogDirectoryWatcher: A directory notification for 'C:/Users/New/Desktop/GPG220/GPG220PacmanEditor/Saved/Collections/' was aborted.
[2018.03.04-09.09.05:923][436]LogModuleManager: Shutting down and abandoning module HierarchicalLODUtilities (538)
[2018.03.04-09.09.05:923][436]LogModuleManager: Shutting down and abandoning module StatsViewer (536)
[2018.03.04-09.09.05:944][436]LogModuleManager: Shutting down and abandoning module FoliageEdit (534)
[2018.03.04-09.09.05:944][436]LogModuleManager: Shutting down and abandoning module LandscapeEditor (532)
[2018.03.04-09.09.05:970][436]LogModuleManager: Shutting down and abandoning module MeshPaintMode (530)
[2018.03.04-09.09.05:974][436]LogModuleManager: Shutting down and abandoning module SceneDepthPickerMode (528)
[2018.03.04-09.09.05:974][436]LogModuleManager: Shutting down and abandoning module ActorPickerMode (526)
[2018.03.04-09.09.05:974][436]LogModuleManager: Shutting down and abandoning module GeometryMode (524)
[2018.03.04-09.09.05:974][436]LogModuleManager: Shutting down and abandoning module TextureAlignMode (522)
[2018.03.04-09.09.05:974][436]LogModuleManager: Shutting down and abandoning module BspMode (520)
[2018.03.04-09.09.05:974][436]LogModuleManager: Shutting down and abandoning module PIEPreviewDeviceProfileSelector (518)
[2018.03.04-09.09.05:974][436]LogModuleManager: Shutting down and abandoning module HardwareSurvey (516)
[2018.03.04-09.09.05:974][436]LogModuleManager: Shutting down and abandoning module SequenceRecorderSections (514)
[2018.03.04-09.09.05:974][436]LogModuleManager: Shutting down and abandoning module AutomationWorker (512)
[2018.03.04-09.09.05:989][436]LogModuleManager: Shutting down and abandoning module MatineeToLevelSequence (510)
[2018.03.04-09.09.05:998][436]LogModuleManager: Shutting down and abandoning module LevelSequenceEditor (508)
[2018.03.04-09.09.06:024][436]LogModuleManager: Shutting down and abandoning module PlacementMode (507)
[2018.03.04-09.09.06:024][436]LogModuleManager: Shutting down and abandoning module WmfMediaFactory (504)
[2018.03.04-09.09.06:024][436]LogModuleManager: Shutting down and abandoning module WmfMediaEditor (502)
[2018.03.04-09.09.06:024][436]LogModuleManager: Shutting down and abandoning module OpenExrWrapper (500)
[2018.03.04-09.09.06:024][436]LogModuleManager: Shutting down and abandoning module ImgMediaFactory (498)
[2018.03.04-09.09.06:024][436]LogModuleManager: Shutting down and abandoning module ImgMediaEditor (496)
[2018.03.04-09.09.06:024][436]LogModuleManager: Shutting down and abandoning module AvfMediaFactory (494)
[2018.03.04-09.09.06:024][436]LogModuleManager: Shutting down and abandoning module AvfMediaEditor (492)
[2018.03.04-09.09.06:024][436]LogModuleManager: Shutting down and abandoning module AndroidMediaFactory (490)
[2018.03.04-09.09.06:024][436]LogModuleManager: Shutting down and abandoning module AndroidMediaEditor (488)
[2018.03.04-09.09.06:024][436]LogModuleManager: Shutting down and abandoning module CharacterAI (486)
[2018.03.04-09.09.06:024][436]LogModuleManager: Shutting down and abandoning module AudioCapture (484)
[2018.03.04-09.09.06:024][436]LogModuleManager: Shutting down and abandoning module SequenceRecorder (483)
[2018.03.04-09.09.06:039][436]LogModuleManager: Shutting down and abandoning module SmartSnapping (480)
[2018.03.04-09.09.06:039][436]LogModuleManager: Shutting down and abandoning module SessionServices (478)
[2018.03.04-09.09.06:039][436]LogModuleManager: Shutting down and abandoning module ViewportSnapping (476)
[2018.03.04-09.09.06:039][436]LogModuleManager: Shutting down and abandoning module ViewportInteraction (474)
[2018.03.04-09.09.06:039][436]LogModuleManager: Shutting down and abandoning module ClothPainter (472)
[2018.03.04-09.09.06:075][436]LogModuleManager: Shutting down and abandoning module SkeletalMeshEditor (471)
[2018.03.04-09.09.06:099][436]LogModuleManager: Shutting down and abandoning module LogVisualizer (468)
[2018.03.04-09.09.06:123][436]LogModuleManager: Shutting down and abandoning module IntroTutorials (466)
[2018.03.04-09.09.06:142][436]LogModuleManager: Shutting down and abandoning module GameProjectGeneration (465)
[2018.03.04-09.09.06:167][436]LogModuleManager: Shutting down and abandoning module IOSPlatformEditor (462)
[2018.03.04-09.09.06:167][436]LogModuleManager: Shutting down and abandoning module HTML5PlatformEditor (460)
[2018.03.04-09.09.06:167][436]LogModuleManager: Shutting down and abandoning module AndroidPlatformEditor (458)
[2018.03.04-09.09.06:167][436]LogModuleManager: Shutting down and abandoning module AndroidDeviceDetection (457)
[2018.03.04-09.09.06:764][436]LogModuleManager: Shutting down and abandoning module WindowsPlatformEditor (454)
[2018.03.04-09.09.06:764][436]LogModuleManager: Shutting down and abandoning module IOSRuntimeSettings (452)
[2018.03.04-09.09.06:764][436]LogModuleManager: Shutting down and abandoning module AndroidRuntimeSettings (450)
[2018.03.04-09.09.06:764][436]LogModuleManager: Shutting down and abandoning module InputBindingEditor (448)
[2018.03.04-09.09.06:866][436]LogModuleManager: Shutting down and abandoning module MergeActors (446)
[2018.03.04-09.09.06:889][436]LogModuleManager: Shutting down and abandoning module SizeMap (444)
[2018.03.04-09.09.06:889][436]LogModuleManager: Shutting down and abandoning module TreeMap (442)
[2018.03.04-09.09.06:912][436]LogModuleManager: Shutting down and abandoning module ReferenceViewer (440)
[2018.03.04-09.09.06:912][436]LogModuleManager: Shutting down and abandoning module LocalizationDashboard (438)
[2018.03.04-09.09.06:924][436]LogModuleManager: Shutting down and abandoning module LocalizationService (437)
[2018.03.04-09.09.06:940][436]LogModuleManager: Shutting down and abandoning module HardwareTargeting (434)
[2018.03.04-09.09.06:940][436]LogModuleManager: Shutting down and abandoning module DeviceProfileEditor (432)
[2018.03.04-09.09.06:940][436]LogModuleManager: Shutting down and abandoning module UndoHistory (430)
[2018.03.04-09.09.06:940][436]LogModuleManager: Shutting down and abandoning module XmlParser (428)
[2018.03.04-09.09.06:940][436]LogModuleManager: Shutting down and abandoning module Blutility (426)
[2018.03.04-09.09.06:940][436]LogModuleManager: Shutting down and abandoning module ProjectSettingsViewer (424)
[2018.03.04-09.09.06:940][436]LogModuleManager: Shutting down and abandoning module ProjectTargetPlatformEditor (423)
[2018.03.04-09.09.06:940][436]LogModuleManager: Shutting down and abandoning module EditorSettingsViewer (420)
[2018.03.04-09.09.06:940][436]LogModuleManager: Shutting down and abandoning module SettingsEditor (418)
[2018.03.04-09.09.06:948][436]LogModuleManager: Shutting down and abandoning module ProjectLauncher (416)
[2018.03.04-09.09.06:957][436]LogModuleManager: Shutting down and abandoning module SessionFrontend (414)
[2018.03.04-09.09.06:981][436]LogModuleManager: Shutting down and abandoning module ProfilerClient (412)
[2018.03.04-09.09.06:997][436]LogModuleManager: Shutting down and abandoning module DeviceManager (410)
[2018.03.04-09.09.07:000][436]LogModuleManager: Shutting down and abandoning module TargetDeviceServices (409)
[2018.03.04-09.09.07:062][436]LogModuleManager: Shutting down and abandoning module AutomationController (406)
[2018.03.04-09.09.07:142][436]LogModuleManager: Shutting down and abandoning module AutomationWindow (404)
[2018.03.04-09.09.07:174][436]LogModuleManager: Shutting down and abandoning module Layers (402)
[2018.03.04-09.09.07:225][436]LogModuleManager: Shutting down and abandoning module ComponentVisualizers (400)
[2018.03.04-09.09.07:225][436]LogModuleManager: Shutting down and abandoning module DetailCustomizations (398)
[2018.03.04-09.09.07:225][436]LogModuleManager: Shutting down and abandoning module PackagesDialog (396)
[2018.03.04-09.09.07:255][436]LogModuleManager: Shutting down and abandoning module Persona (394)
[2018.03.04-09.09.07:332][436]LogModuleManager: Shutting down and abandoning module AdvancedPreviewScene (393)
[2018.03.04-09.09.07:333][436]LogModuleManager: Shutting down and abandoning module AnimGraph (391)
[2018.03.04-09.09.07:333][436]LogModuleManager: Shutting down and abandoning module Kismet (388)
[2018.03.04-09.09.07:379][436]LogModuleManager: Shutting down and abandoning module ClassViewer (386)
[2018.03.04-09.09.07:379][436]LogModuleManager: Shutting down and abandoning module Toolbox (384)
[2018.03.04-09.09.07:379][436]LogModuleManager: Shutting down and abandoning module ModuleUI (382)
[2018.03.04-09.09.07:399][436]LogModuleManager: Shutting down and abandoning module MovieSceneTools (380)
[2018.03.04-09.09.07:434][436]LogModuleManager: Shutting down and abandoning module OutputLog (378)
[2018.03.04-09.09.07:436][436]LogModuleManager: Shutting down and abandoning module GammaUI (376)
[2018.03.04-09.09.07:472][436]LogModuleManager: Shutting down and abandoning module Documentation (374)
[2018.03.04-09.09.07:472][436]LogModuleManager: Shutting down and abandoning module MovieSceneTracks (372)
[2018.03.04-09.09.07:472][436]LogModuleManager: Shutting down and abandoning module MovieScene (370)
[2018.03.04-09.09.07:472][436]LogModuleManager: Shutting down and abandoning module StreamingPauseRendering (368)
[2018.03.04-09.09.07:472][436]LogModuleManager: Shutting down and abandoning module LauncherPlatform (366)
[2018.03.04-09.09.07:472][436]LogModuleManager: Shutting down and abandoning module AnalyticsET (364)
[2018.03.04-09.09.07:472][436]LogModuleManager: Shutting down and abandoning module PortalServices (362)
[2018.03.04-09.09.07:472][436]LogModuleManager: Shutting down and abandoning module PortalRpc (360)
[2018.03.04-09.09.07:472][436]LogModuleManager: Shutting down and abandoning module MessagingRpc (358)
[2018.03.04-09.09.07:472][436]LogModuleManager: Shutting down and abandoning module AIModule (356)
[2018.03.04-09.09.07:472][436]LogModuleManager: Shutting down and abandoning module GameplayDebugger (355)
[2018.03.04-09.09.07:472][436]LogModuleManager: Shutting down and abandoning module AITestSuite (353)
[2018.03.04-09.09.07:501][436]LogModuleManager: Shutting down and abandoning module ProfilerService (350)
[2018.03.04-09.09.07:721][436]LogModuleManager: Shutting down and abandoning module TaskGraph (348)
[2018.03.04-09.09.07:748][436]LogModuleManager: Shutting down and abandoning module SteamVRController (346)
[2018.03.04-09.09.07:748][436]LogModuleManager: Shutting down and abandoning module ProceduralMeshComponentEditor (344)
[2018.03.04-09.09.07:748][436]LogModuleManager: Shutting down and abandoning module ProceduralMeshComponent (342)
[2018.03.04-09.09.07:748][436]LogModuleManager: Shutting down and abandoning module OculusInput (340)
[2018.03.04-09.09.07:748][436]LogModuleManager: Shutting down and abandoning module MobilePatchingUtils (338)
[2018.03.04-09.09.07:748][436]LogModuleManager: Shutting down and abandoning module CustomMeshComponent (336)
[2018.03.04-09.09.07:748][436]LogModuleManager: Shutting down and abandoning module CableComponent (334)
[2018.03.04-09.09.07:748][436]LogModuleManager: Shutting down and abandoning module ArchVisCharacter (332)
[2018.03.04-09.09.07:748][436]LogModuleManager: Shutting down and abandoning module AndroidPermission (330)
[2018.03.04-09.09.07:748][436]LogModuleManager: Shutting down and abandoning module ActorSequence (326)
[2018.03.04-09.09.07:748][436]LogModuleManager: Shutting down and abandoning module MediaPlayerEditor (324)
[2018.03.04-09.09.07:841][436]LogModuleManager: Shutting down and abandoning module MediaCompositingEditor (322)
[2018.03.04-09.09.07:842][436]LogModuleManager: Shutting down and abandoning module MediaCompositing (320)
[2018.03.04-09.09.07:842][436]LogModuleManager: Shutting down and abandoning module HTML5Networking (318)
[2018.03.04-09.09.07:842][436]LogModuleManager: Shutting down and abandoning module AlembicImporter (316)
[2018.03.04-09.09.07:864][436]LogModuleManager: Shutting down and abandoning module AlembicLibrary (315)
[2018.03.04-09.09.07:864][436]LogModuleManager: Shutting down and abandoning module GeometryCache (314)
[2018.03.04-09.09.07:879][436]LogModuleManager: Shutting down and abandoning module GeometryCacheEd (313)
[2018.03.04-09.09.07:879][436]LogModuleManager: Shutting down and abandoning module SpeedTreeImporter (308)
[2018.03.04-09.09.07:879][436]LogModuleManager: Shutting down and abandoning module PluginBrowser (306)
[2018.03.04-09.09.07:937][436]LogModuleManager: Shutting down and abandoning module MobileLauncherProfileWizard (304)
[2018.03.04-09.09.07:963][436]LogModuleManager: Shutting down and abandoning module VisualStudioSourceCodeAccess (302)
[2018.03.04-09.09.07:963][436]LogModuleManager: Shutting down and abandoning module VisualStudioCodeSourceCodeAccess (300)
[2018.03.04-09.09.07:963][436]LogModuleManager: Shutting down and abandoning module UObjectPlugin (298)
[2018.03.04-09.09.07:963][436]LogModuleManager: Shutting down and abandoning module SubversionSourceControl (296)
[2018.03.04-09.09.07:971][436]LogModuleManager: Shutting down and abandoning module PerforceSourceControl (294)
[2018.03.04-09.09.08:011][436]LogModuleManager: Shutting down and abandoning module GitSourceControl (292)
[2018.03.04-09.09.08:034][436]LogModuleManager: Shutting down and abandoning module SourceControl (291)
[2018.03.04-09.09.08:044][436]LogModuleManager: Shutting down and abandoning module LightPropagationVolumeEditor (288)
[2018.03.04-09.09.08:044][436]LogModuleManager: Shutting down and abandoning module PaperTiledImporter (286)
[2018.03.04-09.09.08:044][436]LogModuleManager: Shutting down and abandoning module PaperSpriteSheetImporter (284)
[2018.03.04-09.09.08:044][436]LogModuleManager: Shutting down and abandoning module Paper2DEditor (282)
[2018.03.04-09.09.08:062][436]LogModuleManager: Shutting down and abandoning module MeshPaint (281)
[2018.03.04-09.09.08:066][436]LogModuleManager: Shutting down and abandoning module LevelEditor (279)
[2018.03.04-09.09.08:083][436]LogModuleManager: Shutting down and abandoning module PixelInspectorModule (278)
[2018.03.04-09.09.08:098][436]LogModuleManager: Shutting down and abandoning module MainFrame (276)
[2018.03.04-09.09.08:098][436]LogModuleManager: Shutting down and abandoning module HotReload (275)
[2018.03.04-09.09.08:105][436]LogDirectoryWatcher: A directory notification for 'C:/Users/New/Desktop/GPG220/GPG220PacmanEditor/Binaries/Win64' was aborted.
[2018.03.04-09.09.08:106][436]LogModuleManager: Shutting down and abandoning module GPG220_Project (270)
[2018.03.04-09.09.08:106][436]LogModuleManager: Shutting down and abandoning module RuntimePhysXCooking (268)
[2018.03.04-09.09.08:106][436]LogModuleManager: Shutting down and abandoning module PhysXVehiclesEditor (266)
[2018.03.04-09.09.08:107][436]LogModuleManager: Shutting down and abandoning module PhysXVehicles (264)
[2018.03.04-09.09.08:107][436]LogModuleManager: Shutting down and abandoning module OculusEditor (262)
[2018.03.04-09.09.08:107][436]LogModuleManager: Shutting down and abandoning module LocationServicesBPLibrary (260)
[2018.03.04-09.09.08:107][436]LogModuleManager: Shutting down and abandoning module ImmediatePhysicsEditor (258)
[2018.03.04-09.09.08:107][436]LogModuleManager: Shutting down and abandoning module ImmediatePhysics (256)
[2018.03.04-09.09.08:132][436]LogModuleManager: Shutting down and abandoning module UdpMessaging (254)
[2018.03.04-09.09.08:233][436]LogModuleManager: Shutting down and abandoning module TcpMessaging (252)
[2018.03.04-09.09.08:349][436]LogModuleManager: Shutting down and abandoning module GameplayTagsEditor (250)
[2018.03.04-09.09.08:370][436]LogModuleManager: Shutting down and abandoning module FacialAnimationEditor (248)
[2018.03.04-09.09.08:370][436]LogModuleManager: Shutting down and abandoning module FacialAnimation (246)
[2018.03.04-09.09.08:370][436]LogModuleManager: Shutting down and abandoning module AssetManagerEditor (244)
[2018.03.04-09.09.08:381][436]LogModuleManager: Shutting down and abandoning module GraphEditor (243)
[2018.03.04-09.09.08:414][436]LogModuleManager: Shutting down and abandoning module ContentBrowser (241)
[2018.03.04-09.09.08:416][436]LogModuleManager: Shutting down and abandoning module LightPropagationVolumeRuntime (238)
[2018.03.04-09.09.08:416][436]LogModuleManager: Shutting down and abandoning module Paper2D (236)
[2018.03.04-09.09.08:416][436]LogModuleManager: Shutting down and abandoning module WindowsMoviePlayer (234)
[2018.03.04-09.09.08:416][436]LogModuleManager: Shutting down and abandoning module WmfMedia (232)
[2018.03.04-09.09.08:423][436]LogModuleManager: Shutting down and abandoning module ImgMedia (230)
[2018.03.04-09.09.08:423][436]LogModuleManager: Shutting down and abandoning module PacketHandler (228)
[2018.03.04-09.09.08:423][436]LogModuleManager: Shutting down and abandoning module ClothingSystemEditor (226)
[2018.03.04-09.09.08:423][436]LogModuleManager: Shutting down and abandoning module ClothingSystemRuntime (224)
[2018.03.04-09.09.08:445][436]LogModuleManager: Shutting down and abandoning module MediaAssets (222)
[2018.03.04-09.09.08:445][436]LogModuleManager: Shutting down and abandoning module Media (221)
[2018.03.04-09.09.08:451][436]LogModuleManager: Shutting down and abandoning module Overlay (218)
[2018.03.04-09.09.08:451][436]LogModuleManager: Shutting down and abandoning module OverlayEditor (217)
[2018.03.04-09.09.08:451][436]LogModuleManager: Shutting down and abandoning module VREditor (214)
[2018.03.04-09.09.08:475][436]LogModuleManager: Shutting down and abandoning module StringTableEditor (212)
[2018.03.04-09.09.08:484][436]LogModuleManager: Shutting down and abandoning module GameplayTasksEditor (210)
[2018.03.04-09.09.08:484][436]LogModuleManager: Shutting down and abandoning module BehaviorTreeEditor (208)
[2018.03.04-09.09.08:514][436]LogModuleManager: Shutting down and abandoning module FunctionalTesting (206)
[2018.03.04-09.09.08:531][436]LogModuleManager: Shutting down and abandoning module CollisionAnalyzer (204)
[2018.03.04-09.09.08:543][436]LogModuleManager: Shutting down and abandoning module WorkspaceMenuStructure (203)
[2018.03.04-09.09.08:543][436]LogModuleManager: Shutting down and abandoning module UMG (200)
[2018.03.04-09.09.08:557][436]LogModuleManager: Shutting down and abandoning module UMGEditor (199)
[2018.03.04-09.09.08:599][436]LogModuleManager: Shutting down and abandoning module Sequencer (198)
[2018.03.04-09.09.08:633][436]LogModuleManager: Shutting down and abandoning module MessageLog (195)
[2018.03.04-09.09.08:633][436]LogModuleManager: Shutting down and abandoning module SlateReflector (190)
[2018.03.04-09.09.08:656][436]LogModuleManager: Shutting down and abandoning module Slate (188)
[2018.03.04-09.09.08:656][436]LogModuleManager: Shutting down and abandoning module EditorStyle (186)
[2018.03.04-09.09.08:657][436]LogModuleManager: Shutting down and abandoning module MRMesh (184)
[2018.03.04-09.09.08:657][436]LogModuleManager: Shutting down and abandoning module SourceCodeAccess (182)
[2018.03.04-09.09.08:657][436]LogModuleManager: Shutting down and abandoning module HeadMountedDisplay (180)
[2018.03.04-09.09.08:657][436]LogModuleManager: Shutting down and abandoning module XAudio2 (178)
[2018.03.04-09.09.08:657][436]LogModuleManager: Shutting down and abandoning module Networking (176)
[2018.03.04-09.09.08:657][436]LogModuleManager: Shutting down and abandoning module Core (172)
[2018.03.04-09.09.08:657][436]LogModuleManager: Shutting down and abandoning module LevelSequence (168)
[2018.03.04-09.09.08:663][436]LogModuleManager: Shutting down and abandoning module DirectoryWatcher (166)
[2018.03.04-09.09.08:664][436]LogModuleManager: Shutting down and abandoning module KismetCompiler (164)
[2018.03.04-09.09.08:664][436]LogModuleManager: Shutting down and abandoning module MeshUtilities (162)
[2018.03.04-09.09.08:678][436]LogModuleManager: Shutting down and abandoning module MeshMergeUtilities (161)
[2018.03.04-09.09.08:690][436]LogModuleManager: Shutting down and abandoning module MeshReductionInterface (160)
[2018.03.04-09.09.08:690][436]LogModuleManager: Shutting down and abandoning module SimplygonSwarm (159)
[2018.03.04-09.09.08:701][436]LogModuleManager: Shutting down and abandoning module SimplygonMeshReduction (157)
[2018.03.04-09.09.08:701][436]LogModuleManager: Shutting down and abandoning module QuadricMeshReduction (155)
[2018.03.04-09.09.08:701][436]LogModuleManager: Shutting down and abandoning module MaterialBaking (151)
[2018.03.04-09.09.08:712][436]LogModuleManager: Shutting down and abandoning module DerivedDataCache (148)
[2018.03.04-09.09.08:802][436]LogDerivedDataCache: Shutdown
[2018.03.04-09.09.08:802][436]LogModuleManager: Shutting down and abandoning module TargetPlatform (146)
[2018.03.04-09.09.08:802][436]LogModuleManager: Shutting down and abandoning module VulkanShaderFormat (145)
[2018.03.04-09.09.08:811][436]LogModuleManager: Shutting down and abandoning module ShaderFormatVectorVM (143)
[2018.03.04-09.09.08:825][436]LogModuleManager: Shutting down and abandoning module ShaderFormatOpenGL (141)
[2018.03.04-09.09.08:831][436]LogModuleManager: Shutting down and abandoning module ShaderFormatD3D (139)
[2018.03.04-09.09.08:831][436]LogModuleManager: Shutting down and abandoning module MetalShaderFormat (137)
[2018.03.04-09.09.08:852][436]LogModuleManager: Shutting down and abandoning module TextureFormatUncompressed (135)
[2018.03.04-09.09.08:852][436]LogModuleManager: Shutting down and abandoning module TextureFormatPVR (133)
[2018.03.04-09.09.08:852][436]LogModuleManager: Shutting down and abandoning module TextureFormatDXT (131)
[2018.03.04-09.09.08:852][436]LogModuleManager: Shutting down and abandoning module TextureFormatIntelISPCTexComp (129)
[2018.03.04-09.09.08:852][436]LogModuleManager: Shutting down and abandoning module TextureFormatASTC (127)
[2018.03.04-09.09.08:852][436]LogModuleManager: Shutting down and abandoning module ImageWrapper (126)
[2018.03.04-09.09.08:852][436]LogModuleManager: Shutting down and abandoning module TextureFormatAndroid (123)
[2018.03.04-09.09.08:852][436]LogModuleManager: Shutting down and abandoning module AudioFormatOpus (121)
[2018.03.04-09.09.08:852][436]LogModuleManager: Shutting down and abandoning module AudioFormatOgg (119)
[2018.03.04-09.09.08:852][436]LogModuleManager: Shutting down and abandoning module AudioFormatADPCM (117)
[2018.03.04-09.09.08:852][436]LogModuleManager: Shutting down and abandoning module LinuxTargetPlatform (115)
[2018.03.04-09.09.08:852][436]LogModuleManager: Shutting down and abandoning module LinuxServerTargetPlatform (113)
[2018.03.04-09.09.08:852][436]LogModuleManager: Shutting down and abandoning module LinuxNoEditorTargetPlatform (111)
[2018.03.04-09.09.08:852][436]LogModuleManager: Shutting down and abandoning module LinuxClientTargetPlatform (109)
[2018.03.04-09.09.08:852][436]LogModuleManager: Shutting down and abandoning module TVOSTargetPlatform (107)
[2018.03.04-09.09.08:852][436]LogModuleManager: Shutting down and abandoning module Messaging (105)
[2018.03.04-09.09.08:852][436]LogModuleManager: Shutting down and abandoning module IOSTargetPlatform (103)
[2018.03.04-09.09.08:852][436]LogModuleManager: Shutting down and abandoning module HTML5TargetPlatform (101)
[2018.03.04-09.09.08:852][436]LogModuleManager: Shutting down and abandoning module AndroidTargetPlatform (99)
[2018.03.04-09.09.08:852][436]LogModuleManager: Shutting down and abandoning module Android_PVRTCTargetPlatform (97)
[2018.03.04-09.09.08:852][436]LogModuleManager: Shutting down and abandoning module Android_MultiTargetPlatform (95)
[2018.03.04-09.09.08:852][436]LogModuleManager: Shutting down and abandoning module Android_ETC2TargetPlatform (93)
[2018.03.04-09.09.08:852][436]LogModuleManager: Shutting down and abandoning module Android_ETC1TargetPlatform (91)
[2018.03.04-09.09.08:852][436]LogModuleManager: Shutting down and abandoning module Android_DXTTargetPlatform (89)
[2018.03.04-09.09.08:852][436]LogModuleManager: Shutting down and abandoning module Android_ATCTargetPlatform (87)
[2018.03.04-09.09.08:852][436]LogModuleManager: Shutting down and abandoning module Android_ASTCTargetPlatform (85)
[2018.03.04-09.09.08:852][436]LogModuleManager: Shutting down and abandoning module WindowsTargetPlatform (83)
[2018.03.04-09.09.08:852][436]LogModuleManager: Shutting down and abandoning module WindowsServerTargetPlatform (81)
[2018.03.04-09.09.08:852][436]LogModuleManager: Shutting down and abandoning module WindowsNoEditorTargetPlatform (79)
[2018.03.04-09.09.08:852][436]LogModuleManager: Shutting down and abandoning module WindowsClientTargetPlatform (77)
[2018.03.04-09.09.08:853][436]LogModuleManager: Shutting down and abandoning module MacTargetPlatform (75)
[2018.03.04-09.09.08:853][436]LogModuleManager: Shutting down and abandoning module MacServerTargetPlatform (73)
[2018.03.04-09.09.08:853][436]LogModuleManager: Shutting down and abandoning module MacNoEditorTargetPlatform (71)
[2018.03.04-09.09.08:853][436]LogModuleManager: Shutting down and abandoning module MacClientTargetPlatform (69)
[2018.03.04-09.09.08:853][436]LogModuleManager: Shutting down and abandoning module AllDesktopTargetPlatform (67)
[2018.03.04-09.09.08:853][436]LogModuleManager: Shutting down and abandoning module InputCore (64)
[2018.03.04-09.09.08:853][436]LogModuleManager: Shutting down and abandoning module Settings (62)
[2018.03.04-09.09.08:853][436]LogModuleManager: Shutting down and abandoning module PhysXCooking (60)
[2018.03.04-09.09.08:853][436]LogModuleManager: Shutting down and abandoning module SteamVR (58)
[2018.03.04-09.09.08:853][436]LogModuleManager: Shutting down and abandoning module OculusHMD (56)
[2018.03.04-09.09.08:865][436]LogModuleManager: Shutting down and abandoning module ExampleDeviceProfileSelector (54)
[2018.03.04-09.09.08:865][436]LogModuleManager: Shutting down and abandoning module AppleARKit (52)
[2018.03.04-09.09.08:866][436]LogModuleManager: Shutting down and abandoning module AugmentedReality (51)
[2018.03.04-09.09.08:866][436]LogModuleManager: Shutting down and abandoning module OnlineBlueprintSupport (48)
[2018.03.04-09.09.08:866][436]LogModuleManager: Shutting down and abandoning module OnlineSubsystem (44)
[2018.03.04-09.09.08:889][436]LogModuleManager: Shutting down and abandoning module XMPP (43)
[2018.03.04-09.09.08:913][436]LogModuleManager: Shutting down and abandoning module HTTP (41)
[2018.03.04-09.09.08:913][436]LogHttp: Display: Http module shutting down, but needs to wait on 1 outstanding Http requests:
[2018.03.04-09.09.08:913][436]LogHttp: Display: 	verb=[POST] url=[https://datarouter.ol.epicgames.com/datarouter/api/v1/public/data?SessionID=%7B9E56DB7B-47A2-410F-7A8E-3D8242FE423D%7D&AppID=UEEditor.Rocket.Release&AppVersion=4.18.3-3832480%2B%2B%2BUE4%2BRelease-4.18&UserID=b81f89fa4747ecbb6b19b29bc7b6551e%7C72c1e85ee6ef4244880bff6e0cf00224%7Ccabe7367-b177-42a6-99c8-9ea1a6cff02f&AppEnvironment=datacollector-binary&UploadType=eteventstream] status=Processing
[2018.03.04-09.09.08:933][436]LogModuleManager: Shutting down and abandoning module SSL (40)
[2018.03.04-09.09.08:951][436]LogModuleManager: Shutting down and abandoning module AnimationModifiers (36)
[2018.03.04-09.09.08:966][436]LogModuleManager: Shutting down and abandoning module PropertyEditor (35)
[2018.03.04-09.09.08:966][436]LogModuleManager: Shutting down and abandoning module AudioEditor (32)
[2018.03.04-09.09.08:976][436]LogModuleManager: Shutting down and abandoning module TextureCompressor (30)
[2018.03.04-09.09.09:161][436]LogModuleManager: Shutting down and abandoning module ShaderCore (28)
[2018.03.04-09.09.09:161][436]LogModuleManager: Shutting down and abandoning module Landscape (26)
[2018.03.04-09.09.09:161][436]LogModuleManager: Shutting down and abandoning module SlateRHIRenderer (24)
[2018.03.04-09.09.09:182][436]LogModuleManager: Shutting down and abandoning module OpenGLDrv (22)
[2018.03.04-09.09.09:195][436]LogModuleManager: Shutting down and abandoning module D3D11RHI (20)
[2018.03.04-09.09.09:196][436]LogModuleManager: Shutting down and abandoning module AnimGraphRuntime (18)
[2018.03.04-09.09.09:196][436]LogModuleManager: Shutting down and abandoning module Renderer (16)
[2018.03.04-09.09.09:196][436]LogModuleManager: Shutting down and abandoning module Engine (14)
[2018.03.04-09.09.09:204][436]LogModuleManager: Shutting down and abandoning module CoreUObject (12)
[2018.03.04-09.09.09:204][436]LogModuleManager: Shutting down and abandoning module NetworkFile (10)
[2018.03.04-09.09.09:204][436]LogModuleManager: Shutting down and abandoning module CookedIterativeFile (8)
[2018.03.04-09.09.09:204][436]LogModuleManager: Shutting down and abandoning module StreamingFile (6)
[2018.03.04-09.09.09:204][436]LogModuleManager: Shutting down and abandoning module SandboxFile (4)
[2018.03.04-09.09.09:204][436]LogModuleManager: Shutting down and abandoning module PakFile (2)
[2018.03.04-09.09.09:229][436]LogExit: Exiting.
[2018.03.04-09.09.09:246][436]Log file closed, 03/04/18 20:09:09
